#
# A fatal error has been detected by the Java Runtime Environment:
#
#  Internal Error (javaCalls.cpp:51), pid=4440, tid=0x0000000000005203
#  guarantee(thread->is_Java_thread()) failed: crucial check - the VM thread cannot and must not escape to Java code
#
# JRE version: Java(TM) SE Runtime Environment (8.0_181-b13) (build 1.8.0_181-b13)
# Java VM: Java HotSpot(TM) 64-Bit Server VM (25.181-b13 mixed mode bsd-amd64 compressed oops)
# Failed to write core dump. Core dumps have been disabled. To enable core dumping, try "ulimit -c unlimited" before starting Java again
#
# If you would like to submit a bug report, please visit:
#   http://bugreport.java.com/bugreport/crash.jsp
#

---------------  T H R E A D  ---------------

Current thread (0x00007fc88b005800):  VMThread [stack: 0x0000700001fa1000,0x00007000020a1000] [id=20995]

Stack: [0x0000700001fa1000,0x00007000020a1000],  sp=0x000070000209fac0,  free space=1018k
Native frames: (J=compiled Java code, j=interpreted, Vv=VM code, C=native code)
V  [libjvm.dylib+0x5b581a]  VMError::report_and_die()+0x3f8
V  [libjvm.dylib+0x1e9185]  report_vm_error(char const*, int, char const*, char const*)+0x54
V  [libjvm.dylib+0x2ef35c]  JavaCallWrapper::JavaCallWrapper(methodHandle, Handle, JavaValue*, Thread*)+0x64
V  [libjvm.dylib+0x2efc14]  JavaCalls::call_helper(JavaValue*, methodHandle*, JavaCallArguments*, Thread*)+0x608
V  [libjvm.dylib+0x2f0147]  JavaCalls::call_special(JavaValue*, KlassHandle, Symbol*, Symbol*, JavaCallArguments*, Thread*)+0x111
V  [libjvm.dylib+0x243b41]  Exceptions::new_exception(Thread*, Symbol*, Symbol*, JavaCallArguments*, Handle, Handle)+0xc7
V  [libjvm.dylib+0x243c3c]  Exceptions::new_exception(Thread*, Symbol*, Symbol*, JavaCallArguments*, Handle, Handle, Handle)+0x28
V  [libjvm.dylib+0x243e9b]  Exceptions::new_exception(Thread*, Symbol*, char const*, Handle, Handle, Handle, Exceptions::ExceptionMsgToUtf8Mode)+0x169
V  [libjvm.dylib+0x243eb6]  Exceptions::new_exception(Thread*, Symbol*, char const*, Exceptions::ExceptionMsgToUtf8Mode)+0x18
V  [libjvm.dylib+0x287b87]  GenerateOopMap::verify_error(char const*, ...)+0xed
V  [libjvm.dylib+0x2881e6]  GenerateOopMap::merge_state_into_bb(BasicBlock*)+0xc0
V  [libjvm.dylib+0x28a913]  GenerateOopMap::interp_bb(BasicBlock*)+0x22b
V  [libjvm.dylib+0x28aa3b]  GenerateOopMap::interp_all()+0x31
V  [libjvm.dylib+0x28afd2]  GenerateOopMap::do_interpretation()+0x44
V  [libjvm.dylib+0x28b3eb]  GenerateOopMap::compute_map(Thread*)+0x1fb
V  [libjvm.dylib+0x485331]  OopMapForCacheEntry::compute_map(Thread*)+0x8f
V  [libjvm.dylib+0x48553a]  OopMapCacheEntry::fill(methodHandle, int)+0x19e
V  [libjvm.dylib+0x48571b]  OopMapCache::compute_one_oop_map(methodHandle, int, InterpreterOopMap*)+0x16b
V  [libjvm.dylib+0x4859d2]  OopMapCache::lookup(methodHandle, int, InterpreterOopMap*) const+0x25c
V  [libjvm.dylib+0x2c2b04]  InstanceKlass::mask_for(methodHandle, int, InterpreterOopMap*)+0xd2
V  [libjvm.dylib+0x45306d]  Method::mask_for(int, InterpreterOopMap*)+0xb3
V  [libjvm.dylib+0x39afbf]  VM_GetOrSetLocal::doit()+0x47
V  [libjvm.dylib+0x5bd499]  VM_Operation::evaluate()+0x4f
V  [libjvm.dylib+0x5bba31]  VMThread::evaluate_operation(VM_Operation*)+0xdf
V  [libjvm.dylib+0x5bbe7e]  VMThread::loop()+0x328
V  [libjvm.dylib+0x5bb79d]  VMThread::run()+0x79
V  [libjvm.dylib+0x48e342]  java_start(Thread*)+0xf6
C  [libsystem_pthread.dylib+0x3339]  _pthread_body+0x7e
C  [libsystem_pthread.dylib+0x62a7]  _pthread_start+0x46
C  [libsystem_pthread.dylib+0x2445]  thread_start+0xd

VM_Operation (0x00007000024ac978): GetOrSetLocal, mode: safepoint, requested by thread 0x00007fc88a02e800


---------------  P R O C E S S  ---------------

Java Threads: ( => current thread )
  0x00007fc88b018800 JavaThread "Service Thread" daemon [_thread_blocked, id=16387, stack(0x00007000029bf000,0x0000700002abf000)]
  0x00007fc88a84e800 JavaThread "C1 CompilerThread2" daemon [_thread_blocked, id=16131, stack(0x00007000028bc000,0x00007000029bc000)]
  0x00007fc88b88e000 JavaThread "C2 CompilerThread1" daemon [_thread_blocked, id=15619, stack(0x00007000027b9000,0x00007000028b9000)]
  0x00007fc88b020000 JavaThread "C2 CompilerThread0" daemon [_thread_blocked, id=15363, stack(0x00007000026b6000,0x00007000027b6000)]
  0x00007fc88a849800 JavaThread "JDWP Command Reader" daemon [_thread_in_native, id=18947, stack(0x00007000025b3000,0x00007000026b3000)]
  0x00007fc88a849000 JavaThread "JDWP Event Helper Thread" daemon [_thread_blocked, id=14595, stack(0x00007000024b0000,0x00007000025b0000)]
  0x00007fc88a02e800 JavaThread "JDWP Transport Listener: dt_socket" daemon [_thread_blocked, id=14087, stack(0x00007000023ad000,0x00007000024ad000)]
  0x00007fc88a861000 JavaThread "Signal Dispatcher" daemon [_thread_blocked, id=13827, stack(0x00007000022aa000,0x00007000023aa000)]
  0x00007fc88b006800 JavaThread "Finalizer" daemon [_thread_blocked, id=20739, stack(0x00007000021a7000,0x00007000022a7000)]
  0x00007fc88b811000 JavaThread "Reference Handler" daemon [_thread_blocked, id=11779, stack(0x00007000020a4000,0x00007000021a4000)]
  0x00007fc88b801800 JavaThread "main" [_thread_blocked, id=9731, stack(0x0000700001a92000,0x0000700001b92000)]

Other Threads:
=>0x00007fc88b005800 VMThread [stack: 0x0000700001fa1000,0x00007000020a1000] [id=20995]
  0x00007fc88b019000 WatcherThread [stack: 0x0000700002ac2000,0x0000700002bc2000] [id=16643]

VM state:at safepoint (normal execution)

VM Mutex/Monitor currently owned by a thread:  ([mutex/lock_event])
[0x00007fc889c11340] Threads_lock - owner thread: 0x00007fc88b005800

Heap:
 PSYoungGen      total 38400K, used 2671K [0x0000000795580000, 0x0000000798000000, 0x00000007c0000000)
  eden space 33280K, 8% used [0x0000000795580000,0x000000079581bf18,0x0000000797600000)
  from space 5120K, 0% used [0x0000000797b00000,0x0000000797b00000,0x0000000798000000)
  to   space 5120K, 0% used [0x0000000797600000,0x0000000797600000,0x0000000797b00000)
 ParOldGen       total 87552K, used 0K [0x0000000740000000, 0x0000000745580000, 0x0000000795580000)
  object space 87552K, 0% used [0x0000000740000000,0x0000000740000000,0x0000000745580000)
 Metaspace       used 3156K, capacity 4600K, committed 4864K, reserved 1056768K
  class space    used 339K, capacity 424K, committed 512K, reserved 1048576K

Card table byte_map: [0x0000000110c00000,0x0000000111001000] byte_map_base: 0x000000010d200000

Marking Bits: (ParMarkBitMap*) 0x000000010f836cd0
 Begin Bits: [0x0000000121faa000, 0x0000000123faa000)
 End Bits:   [0x0000000123faa000, 0x0000000125faa000)

Polling page: 0x000000010ff35000

CodeCache: size=245760Kb used=1105Kb max_used=1105Kb free=244654Kb
 bounds [0x0000000112faa000, 0x000000011321a000, 0x0000000121faa000]
 total_blobs=260 nmethods=26 adapters=157
 compilation: enabled

Compilation events (10 events):
Event: 0.417 Thread 0x00007fc88a84e800   23       3       java.lang.Math::min (11 bytes)
Event: 0.417 Thread 0x00007fc88a84e800 nmethod 23 0x00000001130bad50 code [0x00000001130baec0, 0x00000001130bb050]
Event: 0.417 Thread 0x00007fc88a84e800   22       3       java.lang.String::<init> (82 bytes)
Event: 0.417 Thread 0x00007fc88a84e800 nmethod 22 0x00000001130bd310 code [0x00000001130bd500, 0x00000001130bda38]
Event: 0.417 Thread 0x00007fc88a84e800   20   !   3       sun.misc.URLClassPath$JarLoader::ensureOpen (36 bytes)
Event: 0.418 Thread 0x00007fc88a84e800 nmethod 20 0x00000001130bdd50 code [0x00000001130bdf00, 0x00000001130be3d8]
Event: 0.418 Thread 0x00007fc88a84e800   25       1       java.net.URL::getQuery (5 bytes)
Event: 0.418 Thread 0x00007fc88a84e800 nmethod 25 0x00000001130baa90 code [0x00000001130babe0, 0x00000001130bacf0]
Event: 158.859 Thread 0x00007fc88a84e800   26       3       java.util.HashMap::get (23 bytes)
Event: 158.863 Thread 0x00007fc88a84e800 nmethod 26 0x00000001130be5d0 code [0x00000001130be760, 0x00000001130beb78]

GC Heap History (0 events):
No events

Deoptimization events (0 events):
No events

Classes redefined (3 events):
Event: 112.138 Thread 0x00007fc88b005800 redefined class name=CanMeasureWater, count=1
Event: 158.860 Thread 0x00007fc88b005800 redefined class name=CanMeasureWater, count=2
Event: 204.048 Thread 0x00007fc88b005800 redefined class name=CanMeasureWater, count=3

Internal exceptions (2 events):
Event: 0.064 Thread 0x00007fc88b801800 Exception <a 'java/lang/NoSuchMethodError': Method sun.misc.Unsafe.defineClass(Ljava/lang/String;[BII)Ljava/lang/Class; name or signature does not match> (0x0000000795587cb0) thrown at [/Users/java_re/workspace/8-2-build-macosx-x86_64/jdk8u181/11358/hotsp
Event: 0.064 Thread 0x00007fc88b801800 Exception <a 'java/lang/NoSuchMethodError': Method sun.misc.Unsafe.prefetchRead(Ljava/lang/Object;J)V name or signature does not match> (0x0000000795587f98) thrown at [/Users/java_re/workspace/8-2-build-macosx-x86_64/jdk8u181/11358/hotspot/src/share/vm/pr

Events (10 events):
Event: 204.034 Executing VM operation: ChangeBreakpoints done
Event: 204.035 Executing VM operation: ChangeBreakpoints
Event: 204.035 Executing VM operation: ChangeBreakpoints done
Event: 204.035 Executing VM operation: ChangeBreakpoints
Event: 204.035 Executing VM operation: ChangeBreakpoints done
Event: 204.040 Executing VM operation: ChangeBreakpoints
Event: 204.040 Executing VM operation: ChangeBreakpoints done
Event: 204.048 Executing VM operation: RedefineClasses
Event: 204.048 Executing VM operation: RedefineClasses done
Event: 204.049 Executing VM operation: GetOrSetLocal


Dynamic libraries:
0x00007fff2b7ab000 	/System/Library/Frameworks/Cocoa.framework/Versions/A/Cocoa
0x00007fff37a55000 	/System/Library/Frameworks/Security.framework/Versions/A/Security
0x00007fff2a3b5000 	/System/Library/Frameworks/ApplicationServices.framework/Versions/A/ApplicationServices
0x00007fff58fe4000 	/usr/lib/libz.1.dylib
0x00007fff5665b000 	/usr/lib/libSystem.B.dylib
0x00007fff58101000 	/usr/lib/libobjc.A.dylib
0x00007fff2bfce000 	/System/Library/Frameworks/CoreFoundation.framework/Versions/A/CoreFoundation
0x00007fff2e353000 	/System/Library/Frameworks/Foundation.framework/Versions/C/Foundation
0x00007fff29543000 	/System/Library/Frameworks/AppKit.framework/Versions/C/AppKit
0x00007fff2bb42000 	/System/Library/Frameworks/CoreData.framework/Versions/A/CoreData
0x00007fff4f841000 	/System/Library/PrivateFrameworks/RemoteViewServices.framework/Versions/A/RemoteViewServices
0x00007fff54330000 	/System/Library/PrivateFrameworks/UIFoundation.framework/Versions/A/UIFoundation
0x00007fff55ae2000 	/System/Library/PrivateFrameworks/XCTTargetBootstrap.framework/Versions/A/XCTTargetBootstrap
0x00007fff4a357000 	/System/Library/PrivateFrameworks/IconServices.framework/Versions/A/IconServices
0x00007fff30c0e000 	/System/Library/Frameworks/Metal.framework/Versions/A/Metal
0x00007fff41561000 	/System/Library/PrivateFrameworks/DesktopServicesPriv.framework/Versions/A/DesktopServicesPriv
0x00007fff57415000 	/usr/lib/libenergytrace.dylib
0x00007fff520a5000 	/System/Library/PrivateFrameworks/SkyLight.framework/Versions/A/SkyLight
0x00007fff2c41d000 	/System/Library/Frameworks/CoreGraphics.framework/Versions/A/CoreGraphics
0x00007fff282fe000 	/System/Library/Frameworks/Accelerate.framework/Versions/A/Accelerate
0x00007fff2eadc000 	/System/Library/Frameworks/IOSurface.framework/Versions/A/IOSurface
0x00007fff413c3000 	/System/Library/PrivateFrameworks/DFRFoundation.framework/Versions/A/DFRFoundation
0x00007fff2a8ba000 	/System/Library/Frameworks/AudioToolbox.framework/Versions/A/AudioToolbox
0x00007fff2ab58000 	/System/Library/Frameworks/AudioUnit.framework/Versions/A/AudioUnit
0x00007fff4145a000 	/System/Library/PrivateFrameworks/DataDetectorsCore.framework/Versions/A/DataDetectorsCore
0x00007fff2b297000 	/System/Library/Frameworks/Carbon.framework/Versions/A/Frameworks/HIToolbox.framework/Versions/A/HIToolbox
0x00007fff57570000 	/usr/lib/libicucore.A.dylib
0x00007fff36faf000 	/System/Library/Frameworks/QuartzCore.framework/Versions/A/QuartzCore
0x00007fff2b67e000 	/System/Library/Frameworks/Carbon.framework/Versions/A/Frameworks/SpeechRecognition.framework/Versions/A/SpeechRecognition
0x00007fff567be000 	/usr/lib/libauto.dylib
0x00007fff58ed7000 	/usr/lib/libxml2.2.dylib
0x00007fff40fc2000 	/System/Library/PrivateFrameworks/CoreUI.framework/Versions/A/CoreUI
0x00007fff2ba20000 	/System/Library/Frameworks/CoreAudio.framework/Versions/A/CoreAudio
0x00007fff2e185000 	/System/Library/Frameworks/DiskArbitration.framework/Versions/A/DiskArbitration
0x00007fff57820000 	/usr/lib/liblangid.dylib
0x00007fff4b803000 	/System/Library/PrivateFrameworks/MultitouchSupport.framework/Versions/A/MultitouchSupport
0x00007fff2ea48000 	/System/Library/Frameworks/IOKit.framework/Versions/A/IOKit
0x00007fff562a9000 	/usr/lib/libDiagnosticMessagesClient.dylib
0x00007fff2d28b000 	/System/Library/Frameworks/CoreServices.framework/Versions/A/CoreServices
0x00007fff4d532000 	/System/Library/PrivateFrameworks/PerformanceAnalysis.framework/Versions/A/PerformanceAnalysis
0x00007fff36144000 	/System/Library/Frameworks/OpenGL.framework/Versions/A/OpenGL
0x00007fff2b7b9000 	/System/Library/Frameworks/ColorSync.framework/Versions/A/ColorSync
0x00007fff2caac000 	/System/Library/Frameworks/CoreImage.framework/Versions/A/CoreImage
0x00007fff2dcce000 	/System/Library/Frameworks/CoreText.framework/Versions/A/CoreText
0x00007fff2eb3d000 	/System/Library/Frameworks/ImageIO.framework/Versions/A/ImageIO
0x00007fff3d61b000 	/System/Library/PrivateFrameworks/Backup.framework/Versions/A/Backup
0x00007fff56711000 	/usr/lib/libarchive.2.dylib
0x00007fff2aebc000 	/System/Library/Frameworks/CFNetwork.framework/Versions/A/CFNetwork
0x00007fff381fe000 	/System/Library/Frameworks/SystemConfiguration.framework/Versions/A/SystemConfiguration
0x00007fff561d2000 	/usr/lib/libCRFSuite.dylib
0x00007fff568b5000 	/usr/lib/libc++.1.dylib
0x00007fff5690d000 	/usr/lib/libc++abi.dylib
0x00007fff59067000 	/usr/lib/system/libcache.dylib
0x00007fff5906c000 	/usr/lib/system/libcommonCrypto.dylib
0x00007fff59077000 	/usr/lib/system/libcompiler_rt.dylib
0x00007fff5907f000 	/usr/lib/system/libcopyfile.dylib
0x00007fff59089000 	/usr/lib/system/libcorecrypto.dylib
0x00007fff59194000 	/usr/lib/system/libdispatch.dylib
0x00007fff591cf000 	/usr/lib/system/libdyld.dylib
0x00007fff591ff000 	/usr/lib/system/libkeymgr.dylib
0x00007fff5920d000 	/usr/lib/system/liblaunch.dylib
0x00007fff5920e000 	/usr/lib/system/libmacho.dylib
0x00007fff59214000 	/usr/lib/system/libquarantine.dylib
0x00007fff59217000 	/usr/lib/system/libremovefile.dylib
0x00007fff59219000 	/usr/lib/system/libsystem_asl.dylib
0x00007fff59231000 	/usr/lib/system/libsystem_blocks.dylib
0x00007fff59232000 	/usr/lib/system/libsystem_c.dylib
0x00007fff592bb000 	/usr/lib/system/libsystem_configuration.dylib
0x00007fff592bf000 	/usr/lib/system/libsystem_coreservices.dylib
0x00007fff592c3000 	/usr/lib/system/libsystem_darwin.dylib
0x00007fff592ca000 	/usr/lib/system/libsystem_dnssd.dylib
0x00007fff592d1000 	/usr/lib/system/libsystem_info.dylib
0x00007fff59346000 	/usr/lib/system/libsystem_m.dylib
0x00007fff59392000 	/usr/lib/system/libsystem_malloc.dylib
0x00007fff593b7000 	/usr/lib/system/libsystem_networkextension.dylib
0x00007fff593c3000 	/usr/lib/system/libsystem_notify.dylib
0x00007fff593e0000 	/usr/lib/system/libsystem_sandbox.dylib
0x00007fff593e4000 	/usr/lib/system/libsystem_secinit.dylib
0x00007fff5931e000 	/usr/lib/system/libsystem_kernel.dylib
0x00007fff593cb000 	/usr/lib/system/libsystem_platform.dylib
0x00007fff593d5000 	/usr/lib/system/libsystem_pthread.dylib
0x00007fff593e7000 	/usr/lib/system/libsystem_symptoms.dylib
0x00007fff593ef000 	/usr/lib/system/libsystem_trace.dylib
0x00007fff59406000 	/usr/lib/system/libunwind.dylib
0x00007fff5940c000 	/usr/lib/system/libxpc.dylib
0x00007fff56895000 	/usr/lib/libbsm.0.dylib
0x00007fff59200000 	/usr/lib/system/libkxld.dylib
0x00007fff3c8c9000 	/System/Library/PrivateFrameworks/AppleFSCompression.framework/Versions/A/AppleFSCompression
0x00007fff5651a000 	/usr/lib/libOpenScriptingUtil.dylib
0x00007fff56bf8000 	/usr/lib/libcoretls.dylib
0x00007fff56c0f000 	/usr/lib/libcoretls_cfhelpers.dylib
0x00007fff5889a000 	/usr/lib/libpam.2.dylib
0x00007fff58a5d000 	/usr/lib/libsqlite3.dylib
0x00007fff58ec5000 	/usr/lib/libxar.1.dylib
0x00007fff568a6000 	/usr/lib/libbz2.1.0.dylib
0x00007fff57822000 	/usr/lib/liblzma.5.dylib
0x00007fff57d18000 	/usr/lib/libnetwork.dylib
0x00007fff566fa000 	/usr/lib/libapple_nghttp2.dylib
0x00007fff588a1000 	/usr/lib/libpcap.A.dylib
0x00007fff2d62f000 	/System/Library/Frameworks/CoreServices.framework/Versions/A/Frameworks/FSEvents.framework/Versions/A/FSEvents
0x00007fff2d30b000 	/System/Library/Frameworks/CoreServices.framework/Versions/A/Frameworks/CarbonCore.framework/Versions/A/CarbonCore
0x00007fff2d804000 	/System/Library/Frameworks/CoreServices.framework/Versions/A/Frameworks/Metadata.framework/Versions/A/Metadata
0x00007fff2d8a7000 	/System/Library/Frameworks/CoreServices.framework/Versions/A/Frameworks/OSServices.framework/Versions/A/OSServices
0x00007fff2d8f3000 	/System/Library/Frameworks/CoreServices.framework/Versions/A/Frameworks/SearchKit.framework/Versions/A/SearchKit
0x00007fff2d28c000 	/System/Library/Frameworks/CoreServices.framework/Versions/A/Frameworks/AE.framework/Versions/A/AE
0x00007fff2d638000 	/System/Library/Frameworks/CoreServices.framework/Versions/A/Frameworks/LaunchServices.framework/Versions/A/LaunchServices
0x00007fff2d5e4000 	/System/Library/Frameworks/CoreServices.framework/Versions/A/Frameworks/DictionaryServices.framework/Versions/A/DictionaryServices
0x00007fff2d962000 	/System/Library/Frameworks/CoreServices.framework/Versions/A/Frameworks/SharedFileList.framework/Versions/A/SharedFileList
0x00007fff320d5000 	/System/Library/Frameworks/NetFS.framework/Versions/A/NetFS
0x00007fff4baa0000 	/System/Library/PrivateFrameworks/NetAuth.framework/Versions/A/NetAuth
0x00007fff55f16000 	/System/Library/PrivateFrameworks/login.framework/Versions/A/Frameworks/loginsupport.framework/Versions/A/loginsupport
0x00007fff53f29000 	/System/Library/PrivateFrameworks/TCC.framework/Versions/A/TCC
0x00007fff405e5000 	/System/Library/PrivateFrameworks/CoreNLP.framework/Versions/A/CoreNLP
0x00007fff4b4f5000 	/System/Library/PrivateFrameworks/MetadataUtilities.framework/Versions/A/MetadataUtilities
0x00007fff57903000 	/usr/lib/libmecabra.dylib
0x00007fff2a3b6000 	/System/Library/Frameworks/ApplicationServices.framework/Versions/A/Frameworks/ATS.framework/Versions/A/ATS
0x00007fff2a721000 	/System/Library/Frameworks/ApplicationServices.framework/Versions/A/Frameworks/ColorSyncLegacy.framework/Versions/A/ColorSyncLegacy
0x00007fff2a7c2000 	/System/Library/Frameworks/ApplicationServices.framework/Versions/A/Frameworks/HIServices.framework/Versions/A/HIServices
0x00007fff2a815000 	/System/Library/Frameworks/ApplicationServices.framework/Versions/A/Frameworks/LangAnalysis.framework/Versions/A/LangAnalysis
0x00007fff2a824000 	/System/Library/Frameworks/ApplicationServices.framework/Versions/A/Frameworks/PrintCore.framework/Versions/A/PrintCore
0x00007fff2a871000 	/System/Library/Frameworks/ApplicationServices.framework/Versions/A/Frameworks/QD.framework/Versions/A/QD
0x00007fff2a8ad000 	/System/Library/Frameworks/ApplicationServices.framework/Versions/A/Frameworks/SpeechSynthesis.framework/Versions/A/SpeechSynthesis
0x00007fff56935000 	/usr/lib/libcompression.dylib
0x00007fff2bee4000 	/System/Library/Frameworks/CoreDisplay.framework/Versions/A/CoreDisplay
0x00007fff30ed6000 	/System/Library/Frameworks/MetalPerformanceShaders.framework/Versions/A/MetalPerformanceShaders
0x00007fff28316000 	/System/Library/Frameworks/Accelerate.framework/Versions/A/Frameworks/vImage.framework/Versions/A/vImage
0x00007fff29392000 	/System/Library/Frameworks/Accelerate.framework/Versions/A/Frameworks/vecLib.framework/Versions/A/vecLib
0x00007fff292dc000 	/System/Library/Frameworks/Accelerate.framework/Versions/A/Frameworks/vecLib.framework/Versions/A/libvMisc.dylib
0x00007fff290f7000 	/System/Library/Frameworks/Accelerate.framework/Versions/A/Frameworks/vecLib.framework/Versions/A/libvDSP.dylib
0x00007fff289b7000 	/System/Library/Frameworks/Accelerate.framework/Versions/A/Frameworks/vecLib.framework/Versions/A/libBLAS.dylib
0x00007fff28ca2000 	/System/Library/Frameworks/Accelerate.framework/Versions/A/Frameworks/vecLib.framework/Versions/A/libLAPACK.dylib
0x00007fff29049000 	/System/Library/Frameworks/Accelerate.framework/Versions/A/Frameworks/vecLib.framework/Versions/A/libLinearAlgebra.dylib
0x00007fff290e3000 	/System/Library/Frameworks/Accelerate.framework/Versions/A/Frameworks/vecLib.framework/Versions/A/libSparseBLAS.dylib
0x00007fff2905f000 	/System/Library/Frameworks/Accelerate.framework/Versions/A/Frameworks/vecLib.framework/Versions/A/libQuadrature.dylib
0x00007fff28c2f000 	/System/Library/Frameworks/Accelerate.framework/Versions/A/Frameworks/vecLib.framework/Versions/A/libBNNS.dylib
0x00007fff29065000 	/System/Library/Frameworks/Accelerate.framework/Versions/A/Frameworks/vecLib.framework/Versions/A/libSparse.dylib
0x00007fff47af2000 	/System/Library/PrivateFrameworks/GPUWrangler.framework/Versions/A/GPUWrangler
0x00007fff49f1e000 	/System/Library/PrivateFrameworks/IOAccelerator.framework/Versions/A/IOAccelerator
0x00007fff49f29000 	/System/Library/PrivateFrameworks/IOPresentment.framework/Versions/A/IOPresentment
0x00007fff413d3000 	/System/Library/PrivateFrameworks/DSExternalDisplay.framework/Versions/A/DSExternalDisplay
0x00007fff35589000 	/System/Library/Frameworks/OpenGL.framework/Versions/A/Libraries/libCoreFSCache.dylib
0x00007fff30cbe000 	/System/Library/Frameworks/MetalPerformanceShaders.framework/Frameworks/MPSCore.framework/Versions/A/MPSCore
0x00007fff30cdf000 	/System/Library/Frameworks/MetalPerformanceShaders.framework/Frameworks/MPSImage.framework/Versions/A/MPSImage
0x00007fff30d87000 	/System/Library/Frameworks/MetalPerformanceShaders.framework/Frameworks/MPSNeuralNetwork.framework/Versions/A/MPSNeuralNetwork
0x00007fff30d5e000 	/System/Library/Frameworks/MetalPerformanceShaders.framework/Frameworks/MPSMatrix.framework/Versions/A/MPSMatrix
0x00007fff30eba000 	/System/Library/Frameworks/MetalPerformanceShaders.framework/Frameworks/MPSRayIntersector.framework/Versions/A/MPSRayIntersector
0x00007fff4b51e000 	/System/Library/PrivateFrameworks/MetalTools.framework/Versions/A/MetalTools
0x00007fff3bfc4000 	/System/Library/PrivateFrameworks/AggregateDictionary.framework/Versions/A/AggregateDictionary
0x00007fff564fa000 	/usr/lib/libMobileGestalt.dylib
0x00007fff2de34000 	/System/Library/Frameworks/CoreVideo.framework/Versions/A/CoreVideo
0x00007fff4895d000 	/System/Library/PrivateFrameworks/GraphVisualizer.framework/Versions/A/GraphVisualizer
0x00007fff42702000 	/System/Library/PrivateFrameworks/FaceCore.framework/Versions/A/FaceCore
0x00007fff34ba1000 	/System/Library/Frameworks/OpenCL.framework/Versions/A/OpenCL
0x00007fff562e1000 	/usr/lib/libFosl_dynamic.dylib
0x00007fff4c376000 	/System/Library/PrivateFrameworks/OTSVG.framework/Versions/A/OTSVG
0x00007fff2a4ba000 	/System/Library/Frameworks/ApplicationServices.framework/Versions/A/Frameworks/ATS.framework/Versions/A/Resources/libFontParser.dylib
0x00007fff2a5da000 	/System/Library/Frameworks/ApplicationServices.framework/Versions/A/Frameworks/ATS.framework/Versions/A/Resources/libFontRegistry.dylib
0x00007fff2edc7000 	/System/Library/Frameworks/ImageIO.framework/Versions/A/Resources/libJPEG.dylib
0x00007fff2f0e9000 	/System/Library/Frameworks/ImageIO.framework/Versions/A/Resources/libTIFF.dylib
0x00007fff2f0bf000 	/System/Library/Frameworks/ImageIO.framework/Versions/A/Resources/libPng.dylib
0x00007fff2ecdc000 	/System/Library/Frameworks/ImageIO.framework/Versions/A/Resources/libGIF.dylib
0x00007fff2ece1000 	/System/Library/Frameworks/ImageIO.framework/Versions/A/Resources/libJP2.dylib
0x00007fff2f0e6000 	/System/Library/Frameworks/ImageIO.framework/Versions/A/Resources/libRadiance.dylib
0x00007fff3ca22000 	/System/Library/PrivateFrameworks/AppleJPEG.framework/Versions/A/AppleJPEG
0x00007fff35594000 	/System/Library/Frameworks/OpenGL.framework/Versions/A/Libraries/libGFXShared.dylib
0x00007fff35757000 	/System/Library/Frameworks/OpenGL.framework/Versions/A/Libraries/libGLU.dylib
0x00007fff3559d000 	/System/Library/Frameworks/OpenGL.framework/Versions/A/Libraries/libGL.dylib
0x00007fff355a9000 	/System/Library/Frameworks/OpenGL.framework/Versions/A/Libraries/libGLImage.dylib
0x00007fff35586000 	/System/Library/Frameworks/OpenGL.framework/Versions/A/Libraries/libCVMSPluginSupport.dylib
0x00007fff3558f000 	/System/Library/Frameworks/OpenGL.framework/Versions/A/Libraries/libCoreVMClient.dylib
0x00007fff57287000 	/usr/lib/libcups.2.dylib
0x00007fff301d4000 	/System/Library/Frameworks/Kerberos.framework/Versions/A/Kerberos
0x00007fff2e792000 	/System/Library/Frameworks/GSS.framework/Versions/A/GSS
0x00007fff589f1000 	/usr/lib/libresolv.9.dylib
0x00007fff5747e000 	/usr/lib/libiconv.2.dylib
0x00007fff48abd000 	/System/Library/PrivateFrameworks/Heimdal.framework/Versions/A/Heimdal
0x00007fff5744d000 	/usr/lib/libheimdal-asn1.dylib
0x00007fff34c17000 	/System/Library/Frameworks/OpenDirectory.framework/Versions/A/OpenDirectory
0x00007fff3f2e0000 	/System/Library/PrivateFrameworks/CommonAuth.framework/Versions/A/CommonAuth
0x00007fff34bfa000 	/System/Library/Frameworks/OpenDirectory.framework/Versions/A/Frameworks/CFOpenDirectory.framework/Versions/A/CFOpenDirectory
0x00007fff37d7c000 	/System/Library/Frameworks/SecurityFoundation.framework/Versions/A/SecurityFoundation
0x00007fff3b4d5000 	/System/Library/PrivateFrameworks/APFS.framework/Versions/A/APFS
0x00007fff58ec1000 	/usr/lib/libutil.dylib
0x00007fff56923000 	/usr/lib/libcharset.1.dylib
0x00007fff3ccbd000 	/System/Library/PrivateFrameworks/AppleSauce.framework/Versions/A/AppleSauce
0x00007fff3ce4b000 	/System/Library/PrivateFrameworks/AssertionServices.framework/Versions/A/AssertionServices
0x00007fff3d6be000 	/System/Library/PrivateFrameworks/BaseBoard.framework/Versions/A/BaseBoard
0x00007fff57852000 	/usr/lib/libmecab.1.0.0.dylib
0x00007fff57447000 	/usr/lib/libgermantok.dylib
0x00007fff566e6000 	/usr/lib/libThaiTokenizer.dylib
0x00007fff5620d000 	/usr/lib/libChineseTokenizer.dylib
0x00007fff4a653000 	/System/Library/PrivateFrameworks/LanguageModeling.framework/Versions/A/LanguageModeling
0x00007fff3fffb000 	/System/Library/PrivateFrameworks/CoreEmoji.framework/Versions/A/CoreEmoji
0x00007fff4a74b000 	/System/Library/PrivateFrameworks/Lexicon.framework/Versions/A/Lexicon
0x00007fff4a793000 	/System/Library/PrivateFrameworks/LinguisticData.framework/Versions/A/LinguisticData
0x00007fff56924000 	/usr/lib/libcmph.dylib
0x00007fff37e3d000 	/System/Library/Frameworks/ServiceManagement.framework/Versions/A/ServiceManagement
0x00007fff3d611000 	/System/Library/PrivateFrameworks/BackgroundTaskManagement.framework/Versions/A/BackgroundTaskManagement
0x00007fff58fbb000 	/usr/lib/libxslt.1.dylib
0x00007fff2b5a9000 	/System/Library/Frameworks/Carbon.framework/Versions/A/Frameworks/Ink.framework/Versions/A/Ink
0x00007fff541a8000 	/System/Library/PrivateFrameworks/TextureIO.framework/Versions/A/TextureIO
0x00007fff5673b000 	/usr/lib/libate.dylib
0x00007fff4132f000 	/System/Library/PrivateFrameworks/CrashReporterSupport.framework/Versions/A/CrashReporterSupport
0x00007fff511d4000 	/System/Library/PrivateFrameworks/Sharing.framework/Versions/A/Sharing
0x00007fff3d19d000 	/System/Library/PrivateFrameworks/AuthKit.framework/Versions/A/AuthKit
0x00007fff3c5c1000 	/System/Library/PrivateFrameworks/Apple80211.framework/Versions/A/Apple80211
0x00007fff410ef000 	/System/Library/PrivateFrameworks/CoreUtils.framework/Versions/A/CoreUtils
0x00007fff2de72000 	/System/Library/Frameworks/CoreWLAN.framework/Versions/A/CoreWLAN
0x00007fff2e8dc000 	/System/Library/Frameworks/IOBluetooth.framework/Versions/A/IOBluetooth
0x00007fff4f501000 	/System/Library/PrivateFrameworks/ProtocolBuffer.framework/Versions/A/ProtocolBuffer
0x00007fff4b75a000 	/System/Library/PrivateFrameworks/MobileKeyBag.framework/Versions/A/MobileKeyBag
0x00007fff40912000 	/System/Library/PrivateFrameworks/CorePhoneNumbers.framework/Versions/A/CorePhoneNumbers
0x00007fff3c9d6000 	/System/Library/PrivateFrameworks/AppleIDAuthSupport.framework/Versions/A/AppleIDAuthSupport
0x00007fff4a625000 	/System/Library/PrivateFrameworks/KeychainCircle.framework/Versions/A/KeychainCircle
0x00007fff4f6ce000 	/System/Library/PrivateFrameworks/ROCKit.framework/Versions/A/ROCKit
0x00007fff412cb000 	/System/Library/PrivateFrameworks/CoreWiFi.framework/Versions/A/CoreWiFi
0x00007fff2bb16000 	/System/Library/Frameworks/CoreBluetooth.framework/Versions/A/CoreBluetooth
0x00007fff4151f000 	/System/Library/PrivateFrameworks/DebugSymbols.framework/Versions/A/DebugSymbols
0x00007fff40ea4000 	/System/Library/PrivateFrameworks/CoreSymbolication.framework/Versions/A/CoreSymbolication
0x00007fff53993000 	/System/Library/PrivateFrameworks/Symbolication.framework/Versions/A/Symbolication
0x00007fff52b26000 	/System/Library/PrivateFrameworks/SpeechRecognitionCore.framework/Versions/A/SpeechRecognitionCore
0x00007fff21dfd000 	/System/Library/CoreServices/Encodings/libSimplifiedChineseConverter.dylib
0x000000010ef3d000 	/Library/Java/JavaVirtualMachines/jdk1.8.0_181.jdk/Contents/Home/jre/lib/server/libjvm.dylib
0x00007fff58d85000 	/usr/lib/libstdc++.6.dylib
0x000000010fef1000 	/Library/Java/JavaVirtualMachines/jdk1.8.0_181.jdk/Contents/Home/jre/lib/libverify.dylib
0x000000010feff000 	/Library/Java/JavaVirtualMachines/jdk1.8.0_181.jdk/Contents/Home/jre/lib/libjava.dylib
0x000000010ff36000 	/Library/Java/JavaVirtualMachines/jdk1.8.0_181.jdk/Contents/Home/jre/lib/libjdwp.dylib
0x000000010ff81000 	/Library/Java/JavaVirtualMachines/jdk1.8.0_181.jdk/Contents/Home/jre/lib/libnpt.dylib
0x000000010ff85000 	/Library/Java/JavaVirtualMachines/jdk1.8.0_181.jdk/Contents/Home/jre/lib/libinstrument.dylib
0x000000010ffe3000 	/Library/Java/JavaVirtualMachines/jdk1.8.0_181.jdk/Contents/Home/jre/lib/libzip.dylib
0x0000000112e7c000 	/Library/Java/JavaVirtualMachines/jdk1.8.0_181.jdk/Contents/Home/jre/lib/libdt_socket.dylib

VM Arguments:
jvm_args: -agentlib:jdwp=transport=dt_socket,address=127.0.0.1:49546,suspend=y,server=n -javaagent:/Users/user/Library/Caches/IntelliJIdea2018.2/captureAgent/debugger-agent.jar=file:/private/var/folders/sm/x86480n17xv0gxd1mmvr2d7w0000gn/T/capture.props -Dfile.encoding=UTF-8 
java_command: CanMeasureWater
java_class_path (initial): /Library/Java/JavaVirtualMachines/jdk1.8.0_181.jdk/Contents/Home/jre/lib/charsets.jar:/Library/Java/JavaVirtualMachines/jdk1.8.0_181.jdk/Contents/Home/jre/lib/deploy.jar:/Library/Java/JavaVirtualMachines/jdk1.8.0_181.jdk/Contents/Home/jre/lib/ext/cldrdata.jar:/Library/Java/JavaVirtualMachines/jdk1.8.0_181.jdk/Contents/Home/jre/lib/ext/dnsns.jar:/Library/Java/JavaVirtualMachines/jdk1.8.0_181.jdk/Contents/Home/jre/lib/ext/jaccess.jar:/Library/Java/JavaVirtualMachines/jdk1.8.0_181.jdk/Contents/Home/jre/lib/ext/jfxrt.jar:/Library/Java/JavaVirtualMachines/jdk1.8.0_181.jdk/Contents/Home/jre/lib/ext/localedata.jar:/Library/Java/JavaVirtualMachines/jdk1.8.0_181.jdk/Contents/Home/jre/lib/ext/nashorn.jar:/Library/Java/JavaVirtualMachines/jdk1.8.0_181.jdk/Contents/Home/jre/lib/ext/sunec.jar:/Library/Java/JavaVirtualMachines/jdk1.8.0_181.jdk/Contents/Home/jre/lib/ext/sunjce_provider.jar:/Library/Java/JavaVirtualMachines/jdk1.8.0_181.jdk/Contents/Home/jre/lib/ext/sunpkcs11.jar:/Library/Java/JavaVirtualMachines/jdk1.8.0_181.jdk/Contents/Home/jre/lib/ext/zipfs.jar:/Library/Java/JavaVirtualMachines/jdk1.8.0_181.jdk/Contents/Home/jre/lib/javaws.jar:/Library/Java/JavaVirtualMachines/jdk1.8.0_181.jdk/Contents/Home/jre/lib/jce.jar:/Library/Java/JavaVirtualMachines/jdk1.8.0_181.jdk/Contents/Home/jre/lib/jfr.jar:/Library/Java/JavaVirtualMachines/jdk1.8.0_181.jdk/Contents/Home/jre/lib/jfxswt.jar:/Library/Java/JavaVirtualMachines/jdk1.8.0_181.jdk/Contents/Home/jre/lib/jsse.jar:/Library/Java/JavaVirtualMachines/jdk1.8.0_181.jdk/Contents/Home/jre/lib/management-agent.jar:/Library/Java/JavaVirtualMachines/jdk1.8.0_181.jdk/Contents/Home/jre/lib/plugin.jar:/Library/Java/JavaVirtualMachines/jdk1.8.0_181.jdk/Contents/Home/jre/lib/resources.jar:/Library/Java/JavaVirtualMachines/jdk1.8.0_181.jdk/Contents/Home/jre/lib/rt.jar:/Library/Java/JavaVirtualMachines/jdk1.8.0_181.jdk/Contents/Home/lib/ant-javafx.jar:/Library/Java/JavaVirtualMachines/jdk1.8.0_181.jdk/Contents/Home
Launcher Type: SUN_STANDARD

Environment Variables:
PATH=/Users/user/apache-maven-3.6.1/bin:/Users/user/.jenv/shims:/Users/user/.jenv/bin:/Users/user/.jenv/shims:/Users/user/.jenv/bin:/Users/user/Downloads/apache-maven-3.5.4/bin:/Users/user/mycat/mycat/bin:/Users/user/.composer/vendor/bin:/Users/user/coding-standard-master-f55717e066d79a13f74648c20ce7396a942355d6/coding-standard/bin:/usr/local/opt/php@7.1/sbin:/usr/local/opt/php@7.1/bin:/usr/local/bin:/usr/bin:/bin:/usr/sbin:/sbin:/usr/local/go/bin:/Users/user/go/bin
SHELL=/bin/zsh

Signal Handlers:
SIGSEGV: [libjvm.dylib+0x5b6029], sa_mask[0]=11111111011111110111111111111111, sa_flags=SA_ONSTACK|SA_RESTART|SA_SIGINFO
SIGBUS: [libjvm.dylib+0x5b6029], sa_mask[0]=11111111011111110111111111111111, sa_flags=SA_RESTART|SA_SIGINFO
SIGFPE: [libjvm.dylib+0x48b934], sa_mask[0]=11111111011111110111111111111111, sa_flags=SA_RESTART|SA_SIGINFO
SIGPIPE: [libjvm.dylib+0x48b934], sa_mask[0]=11111111011111110111111111111111, sa_flags=SA_RESTART|SA_SIGINFO
SIGXFSZ: [libjvm.dylib+0x48b934], sa_mask[0]=11111111011111110111111111111111, sa_flags=SA_RESTART|SA_SIGINFO
SIGILL: [libjvm.dylib+0x48b934], sa_mask[0]=11111111011111110111111111111111, sa_flags=SA_RESTART|SA_SIGINFO
SIGUSR1: SIG_DFL, sa_mask[0]=00000000000000000000000000000000, sa_flags=none
SIGUSR2: [libjvm.dylib+0x48b452], sa_mask[0]=00100000000000000000000000000000, sa_flags=SA_RESTART|SA_SIGINFO
SIGHUP: [libjvm.dylib+0x489a1d], sa_mask[0]=11111111011111110111111111111111, sa_flags=SA_RESTART|SA_SIGINFO
SIGINT: [libjvm.dylib+0x489a1d], sa_mask[0]=11111111011111110111111111111111, sa_flags=SA_RESTART|SA_SIGINFO
SIGTERM: [libjvm.dylib+0x489a1d], sa_mask[0]=11111111011111110111111111111111, sa_flags=SA_RESTART|SA_SIGINFO
SIGQUIT: [libjvm.dylib+0x489a1d], sa_mask[0]=11111111011111110111111111111111, sa_flags=SA_RESTART|SA_SIGINFO


---------------  S Y S T E M  ---------------

OS:Bsduname:Darwin 18.2.0 Darwin Kernel Version 18.2.0: Fri Oct  5 19:41:49 PDT 2018; root:xnu-4903.221.2~2/RELEASE_X86_64 x86_64
rlimit: STACK 8192k, CORE 0k, NPROC 709, NOFILE 10240, AS infinity
load average:4.95 4.36 3.84

CPU:total 4 (initial active 4) (2 cores per cpu, 2 threads per core) family 6 model 69 stepping 1, cmov, cx8, fxsr, mmx, sse, sse2, sse3, ssse3, sse4.1, sse4.2, popcnt, avx, avx2, aes, clmul, erms, lzcnt, ht, tsc, tscinvbit, bmi1, bmi2

Memory: 4k page, physical 8388608k(218664k free)

/proc/meminfo:


vm_info: Java HotSpot(TM) 64-Bit Server VM (25.181-b13) for bsd-amd64 JRE (1.8.0_181-b13), built on Jul  7 2018 01:02:31 by "java_re" with gcc 4.2.1 (Based on Apple Inc. build 5658) (LLVM build 2336.11.00)

time: Wed Apr 22 15:24:11 2020
elapsed time: 204 seconds (0d 0h 3m 24s)

