#
# A fatal error has been detected by the Java Runtime Environment:
#
#  SIGBUS (0xa) at pc=0x0000000113b946a0, pid=2697, tid=0x0000000000002803
#
# JRE version: Java(TM) SE Runtime Environment (8.0_181-b13) (build 1.8.0_181-b13)
# Java VM: Java HotSpot(TM) 64-Bit Server VM (25.181-b13 mixed mode bsd-amd64 compressed oops)
# Problematic frame:
# j  RemoveKdigits.main([Ljava/lang/String;)V+17
#
# Failed to write core dump. Core dumps have been disabled. To enable core dumping, try "ulimit -c unlimited" before starting Java again
#
# If you would like to submit a bug report, please visit:
#   http://bugreport.java.com/bugreport/crash.jsp
#

---------------  T H R E A D  ---------------

Current thread (0x00007f96ed809800):  JavaThread "main" [_thread_in_Java, id=10243, stack(0x000070000eb59000,0x000070000ec59000)]

siginfo: si_signo: 10 (SIGBUS), si_code: 2 (BUS_ADRERR), si_addr: 0x0000000110ff8a38

Registers:
RAX=0x00000007957fd570, RBX=0x00000000000000b6, RCX=0x0000000110e969a8, RDX=0x000000000002c410
RSP=0x000070000ec58908, RBP=0x000070000ec58958, RSI=0x000070000ec58880, RDI=0x000070000ec58620
R8 =0x0000000000000023, R9 =0x0000000000000046, R10=0x000000010f509ff0, R11=0x00000007957fd588
R12=0x0000000000000000, R13=0x0000000110e966a1, R14=0x000070000ec58968, R15=0x00007f96ed809800
RIP=0x0000000113b946a0, EFLAGS=0x0000000000010202, ERR=0x0000000000000004
  TRAPNO=0x000000000000000e

Top of Stack: (sp=0x000070000ec58908)
0x000070000ec58908:   00000007957fd570 00000007955a0100
0x000070000ec58918:   000070000ec58918 0000000110e966a1
0x000070000ec58928:   000070000ec58968 0000000110e969a8
0x000070000ec58938:   0000000000000000 0000000110e966c0
0x000070000ec58948:   0000000000000000 000070000ec58968
0x000070000ec58958:   000070000ec589d0 0000000113b627a7
0x000070000ec58968:   00000007957fd1e0 0000000100001fa0
0x000070000ec58978:   000000000000000a 00007f96ed809800
0x000070000ec58988:   0000000000000001 0000000113b6271f
0x000070000ec58998:   0000000110e966c0 000070000ec58a68
0x000070000ec589a8:   000070000ec58df0 000000010000000a
0x000070000ec589b8:   0000000110e966c0 0000000113b7b4c0
0x000070000ec589c8:   000070000ec58ba8 000070000ec58b80
0x000070000ec589d8:   000000010eeefcba bfa0000000000001
0x000070000ec589e8:   00007f96ed809800 8000000000000000
0x000070000ec589f8:   000070000ec58df0 0000000000000000
0x000070000ec58a08:   0000000113b7b4c0 0060000000000000
0x000070000ec58a18:   000070000ec58ba0 000070000ec58de8
0x000070000ec58a28:   00007f96ed809800 00007f96ed809800
0x000070000ec58a38:   00007f96ec60dc60 00007f96ec60da60
0x000070000ec58a48:   00007f96ec60da70 00007f96ec60db48
0x000070000ec58a58:   00000000000000d8 00007f96ec60dcc0
0x000070000ec58a68:   00007f96ed809800 00007f96ec60fa60
0x000070000ec58a78:   0000000110e966c0 0000000000000000
0x000070000ec58a88:   0000000000000000 0000000000000000
0x000070000ec58a98:   0000000000000000 000070000ec58de8
0x000070000ec58aa8:   000000010eeb7130 000070000ec58ae0
0x000070000ec58ab8:   0000000110e966c0 00007f96ed809800
0x000070000ec58ac8:   000070000ec58b30 000070000ec58b30
0x000070000ec58ad8:   000000011128c6e0 000070000ec58b20
0x000070000ec58ae8:   0000000110e966c0 00007f96ed809800
0x000070000ec58af8:   000070000ec58b30 000000010ef282b8 

Instructions: (pc=0x0000000113b946a0)
0x0000000113b94680:   00 00 48 83 ec 10 48 89 04 24 e9 01 00 00 00 50
0x0000000113b94690:   4c 89 6d c8 41 0f b7 55 01 48 8b 4d d8 c1 e2 02
0x0000000113b946a0:   8b 5c d1 10 c1 eb 18 81 e3 ff 00 00 00 81 fb b6
0x0000000113b946b0:   00 00 00 0f 84 39 01 00 00 bb b6 00 00 00 e8 05 

Register to memory mapping:

RAX=0x00000007957fd570 is an oop
java.lang.String 
 - klass: 'java/lang/String'
RBX=0x00000000000000b6 is an unknown value
RCX=0x0000000110e969a8 is pointing into metadata
RDX=0x000000000002c410 is an unknown value
RSP=0x000070000ec58908 is pointing into the stack for thread: 0x00007f96ed809800
RBP=0x000070000ec58958 is pointing into the stack for thread: 0x00007f96ed809800
RSI=0x000070000ec58880 is pointing into the stack for thread: 0x00007f96ed809800
RDI=0x000070000ec58620 is pointing into the stack for thread: 0x00007f96ed809800
R8 =0x0000000000000023 is an unknown value
R9 =0x0000000000000046 is an unknown value
R10=0x000000010f509ff0: _ZN19TemplateInterpreter13_active_tableE+0x4000 in /Library/Java/JavaVirtualMachines/jdk1.8.0_181.jdk/Contents/Home/jre/lib/server/libjvm.dylib at 0x000000010ec00000
R11=0x00000007957fd588 is an oop
[C 
 - klass: {type array char}
 - length: 70
R12=0x0000000000000000 is an unknown value
R13=0x0000000110e966a1 is pointing into metadata
R14=0x000070000ec58968 is pointing into the stack for thread: 0x00007f96ed809800
R15=0x00007f96ed809800 is a thread


Stack: [0x000070000eb59000,0x000070000ec59000],  sp=0x000070000ec58908,  free space=1022k
Native frames: (J=compiled Java code, j=interpreted, Vv=VM code, C=native code)
j  RemoveKdigits.main([Ljava/lang/String;)V+17
v  ~StubRoutines::call_stub
V  [libjvm.dylib+0x2efcba]
V  [libjvm.dylib+0x326c61]
V  [libjvm.dylib+0x31f9ed]
C  [java+0x38c6]  JavaMain+0x9c4
C  [libsystem_pthread.dylib+0x3339]  _pthread_body+0x7e
C  [libsystem_pthread.dylib+0x62a7]  _pthread_start+0x46
C  [libsystem_pthread.dylib+0x2445]  thread_start+0xd
C  0x0000000000000000


---------------  P R O C E S S  ---------------

Java Threads: ( => current thread )
  0x00007f96ed064800 JavaThread "Service Thread" daemon [_thread_blocked, id=16131, stack(0x000070000fa86000,0x000070000fb86000)]
  0x00007f96ed04b800 JavaThread "C1 CompilerThread2" daemon [_thread_blocked, id=16387, stack(0x000070000f983000,0x000070000fa83000)]
  0x00007f96ee042800 JavaThread "C2 CompilerThread1" daemon [_thread_blocked, id=16899, stack(0x000070000f880000,0x000070000f980000)]
  0x00007f96ee02f800 JavaThread "C2 CompilerThread0" daemon [_thread_blocked, id=13827, stack(0x000070000f77d000,0x000070000f87d000)]
  0x00007f96ec831800 JavaThread "JDWP Event Helper Thread" daemon [_thread_blocked, id=17923, stack(0x000070000f577000,0x000070000f677000)]
  0x00007f96ed823000 JavaThread "Signal Dispatcher" daemon [_thread_blocked, id=18691, stack(0x000070000f371000,0x000070000f471000)]
  0x00007f96ed813800 JavaThread "Finalizer" daemon [_thread_blocked, id=20739, stack(0x000070000f26e000,0x000070000f36e000)]
  0x00007f96ee009000 JavaThread "Reference Handler" daemon [_thread_blocked, id=12035, stack(0x000070000f16b000,0x000070000f26b000)]
=>0x00007f96ed809800 JavaThread "main" [_thread_in_Java, id=10243, stack(0x000070000eb59000,0x000070000ec59000)]

Other Threads:
  0x00007f96ec800800 VMThread [stack: 0x000070000f068000,0x000070000f168000] [id=21251]
  0x00007f96ee045800 WatcherThread [stack: 0x000070000fb89000,0x000070000fc89000] [id=14595]

VM state:not at safepoint (normal execution)

VM Mutex/Monitor currently owned by a thread: None

Heap:
 PSYoungGen      total 38400K, used 2671K [0x0000000795580000, 0x0000000798000000, 0x00000007c0000000)
  eden space 33280K, 8% used [0x0000000795580000,0x000000079581be20,0x0000000797600000)
  from space 5120K, 0% used [0x0000000797b00000,0x0000000797b00000,0x0000000798000000)
  to   space 5120K, 0% used [0x0000000797600000,0x0000000797600000,0x0000000797b00000)
 ParOldGen       total 87552K, used 0K [0x0000000740000000, 0x0000000745580000, 0x0000000795580000)
  object space 87552K, 0% used [0x0000000740000000,0x0000000740000000,0x0000000745580000)
 Metaspace       used 3235K, capacity 4664K, committed 4864K, reserved 1056768K
  class space    used 344K, capacity 424K, committed 512K, reserved 1048576K

Card table byte_map: [0x000000010ffb4000,0x00000001103b5000] byte_map_base: 0x000000010c5b4000

Marking Bits: (ParMarkBitMap*) 0x000000010f4f9cd0
 Begin Bits: [0x0000000122b62000, 0x0000000124b62000)
 End Bits:   [0x0000000124b62000, 0x0000000126b62000)

Polling page: 0x000000010e346000

CodeCache: size=245760Kb used=1110Kb max_used=1110Kb free=244649Kb
 bounds [0x0000000113b62000, 0x0000000113dd2000, 0x0000000122b62000]
 total_blobs=262 nmethods=28 adapters=157
 compilation: enabled

Compilation events (10 events):
Event: 0.506 Thread 0x00007f96ed04b800   19       3       java.lang.String::startsWith (7 bytes)
Event: 0.506 Thread 0x00007f96ed04b800 nmethod 19 0x0000000113c75b90 code [0x0000000113c75d00, 0x0000000113c75f28]
Event: 0.506 Thread 0x00007f96ed04b800   25       1       java.net.URL::getQuery (5 bytes)
Event: 0.506 Thread 0x00007f96ed04b800 nmethod 25 0x0000000113c75fd0 code [0x0000000113c76120, 0x0000000113c76230]
Event: 14423.715 Thread 0x00007f96ed04b800   26       3       java.util.HashMap::get (23 bytes)
Event: 14423.740 Thread 0x00007f96ed04b800 nmethod 26 0x0000000113c76290 code [0x0000000113c76420, 0x0000000113c76838]
Event: 106891.974 Thread 0x00007f96ed04b800   27       3       java.lang.StringBuilder::append (8 bytes)
Event: 106891.979 Thread 0x00007f96ed04b800 nmethod 27 0x0000000113c76990 code [0x0000000113c76b40, 0x0000000113c770d8]
Event: 106891.979 Thread 0x00007f96ed04b800   28       3       java.lang.AbstractStringBuilder::append (29 bytes)
Event: 106891.980 Thread 0x00007f96ed04b800 nmethod 28 0x0000000113c77450 code [0x0000000113c77600, 0x0000000113c77b38]

GC Heap History (0 events):
No events

Deoptimization events (0 events):
No events

Classes redefined (10 events):
Event: 14537.628 Thread 0x00007f96ec800800 redefined class name=RemoveKdigits, count=4
Event: 14608.207 Thread 0x00007f96ec800800 redefined class name=RemoveKdigits, count=5
Event: 14629.579 Thread 0x00007f96ec800800 redefined class name=RemoveKdigits, count=6
Event: 14646.504 Thread 0x00007f96ec800800 redefined class name=RemoveKdigits, count=7
Event: 14673.771 Thread 0x00007f96ec800800 redefined class name=RemoveKdigits, count=8
Event: 14685.883 Thread 0x00007f96ec800800 redefined class name=RemoveKdigits, count=9
Event: 14825.111 Thread 0x00007f96ec800800 redefined class name=RemoveKdigits, count=10
Event: 14834.651 Thread 0x00007f96ec800800 redefined class name=RemoveKdigits, count=11
Event: 16170.607 Thread 0x00007f96ec800800 redefined class name=RemoveKdigits, count=12
Event: 33455.327 Thread 0x00007f96ec800800 redefined class name=RemoveKdigits, count=13

Internal exceptions (2 events):
Event: 0.056 Thread 0x00007f96ed809800 Exception <a 'java/lang/NoSuchMethodError': Method sun.misc.Unsafe.defineClass(Ljava/lang/String;[BII)Ljava/lang/Class; name or signature does not match> (0x0000000795587cb0) thrown at [/Users/java_re/workspace/8-2-build-macosx-x86_64/jdk8u181/11358/hotsp
Event: 0.056 Thread 0x00007f96ed809800 Exception <a 'java/lang/NoSuchMethodError': Method sun.misc.Unsafe.prefetchRead(Ljava/lang/Object;J)V name or signature does not match> (0x0000000795587f98) thrown at [/Users/java_re/workspace/8-2-build-macosx-x86_64/jdk8u181/11358/hotspot/src/share/vm/pr

Events (10 events):
Event: 106891.959 Executing VM operation: ChangeBreakpoints
Event: 106891.959 Executing VM operation: ChangeBreakpoints done
Event: 106891.959 Executing VM operation: ChangeBreakpoints
Event: 106891.962 Executing VM operation: ChangeBreakpoints done
Event: 106891.962 Executing VM operation: ChangeBreakpoints
Event: 106891.962 Executing VM operation: ChangeBreakpoints done
Event: 106891.962 Executing VM operation: ChangeBreakpoints
Event: 106891.963 Executing VM operation: ChangeBreakpoints done
Event: 106891.965 Thread 0x00007f96ed014000 Thread exited: 0x00007f96ed014000
Event: 106891.974 Thread 0x00007f96ec82e000 Thread exited: 0x00007f96ec82e000


Dynamic libraries:
0x00007fff38676000 	/System/Library/Frameworks/Cocoa.framework/Versions/A/Cocoa
0x00007fff44920000 	/System/Library/Frameworks/Security.framework/Versions/A/Security
0x00007fff37280000 	/System/Library/Frameworks/ApplicationServices.framework/Versions/A/ApplicationServices
0x00007fff65eaf000 	/usr/lib/libz.1.dylib
0x00007fff63526000 	/usr/lib/libSystem.B.dylib
0x00007fff64fcc000 	/usr/lib/libobjc.A.dylib
0x00007fff38e99000 	/System/Library/Frameworks/CoreFoundation.framework/Versions/A/CoreFoundation
0x00007fff3b21e000 	/System/Library/Frameworks/Foundation.framework/Versions/C/Foundation
0x00007fff3640e000 	/System/Library/Frameworks/AppKit.framework/Versions/C/AppKit
0x00007fff38a0d000 	/System/Library/Frameworks/CoreData.framework/Versions/A/CoreData
0x00007fff5c70c000 	/System/Library/PrivateFrameworks/RemoteViewServices.framework/Versions/A/RemoteViewServices
0x00007fff611fb000 	/System/Library/PrivateFrameworks/UIFoundation.framework/Versions/A/UIFoundation
0x00007fff629ad000 	/System/Library/PrivateFrameworks/XCTTargetBootstrap.framework/Versions/A/XCTTargetBootstrap
0x00007fff57222000 	/System/Library/PrivateFrameworks/IconServices.framework/Versions/A/IconServices
0x00007fff3dad9000 	/System/Library/Frameworks/Metal.framework/Versions/A/Metal
0x00007fff4e42c000 	/System/Library/PrivateFrameworks/DesktopServicesPriv.framework/Versions/A/DesktopServicesPriv
0x00007fff642e0000 	/usr/lib/libenergytrace.dylib
0x00007fff5ef70000 	/System/Library/PrivateFrameworks/SkyLight.framework/Versions/A/SkyLight
0x00007fff392e8000 	/System/Library/Frameworks/CoreGraphics.framework/Versions/A/CoreGraphics
0x00007fff351c9000 	/System/Library/Frameworks/Accelerate.framework/Versions/A/Accelerate
0x00007fff3b9a7000 	/System/Library/Frameworks/IOSurface.framework/Versions/A/IOSurface
0x00007fff4e28e000 	/System/Library/PrivateFrameworks/DFRFoundation.framework/Versions/A/DFRFoundation
0x00007fff37785000 	/System/Library/Frameworks/AudioToolbox.framework/Versions/A/AudioToolbox
0x00007fff37a23000 	/System/Library/Frameworks/AudioUnit.framework/Versions/A/AudioUnit
0x00007fff4e325000 	/System/Library/PrivateFrameworks/DataDetectorsCore.framework/Versions/A/DataDetectorsCore
0x00007fff38162000 	/System/Library/Frameworks/Carbon.framework/Versions/A/Frameworks/HIToolbox.framework/Versions/A/HIToolbox
0x00007fff6443b000 	/usr/lib/libicucore.A.dylib
0x00007fff43e7a000 	/System/Library/Frameworks/QuartzCore.framework/Versions/A/QuartzCore
0x00007fff38549000 	/System/Library/Frameworks/Carbon.framework/Versions/A/Frameworks/SpeechRecognition.framework/Versions/A/SpeechRecognition
0x00007fff63689000 	/usr/lib/libauto.dylib
0x00007fff65da2000 	/usr/lib/libxml2.2.dylib
0x00007fff4de8d000 	/System/Library/PrivateFrameworks/CoreUI.framework/Versions/A/CoreUI
0x00007fff388eb000 	/System/Library/Frameworks/CoreAudio.framework/Versions/A/CoreAudio
0x00007fff3b050000 	/System/Library/Frameworks/DiskArbitration.framework/Versions/A/DiskArbitration
0x00007fff646eb000 	/usr/lib/liblangid.dylib
0x00007fff586ce000 	/System/Library/PrivateFrameworks/MultitouchSupport.framework/Versions/A/MultitouchSupport
0x00007fff3b913000 	/System/Library/Frameworks/IOKit.framework/Versions/A/IOKit
0x00007fff63174000 	/usr/lib/libDiagnosticMessagesClient.dylib
0x00007fff3a156000 	/System/Library/Frameworks/CoreServices.framework/Versions/A/CoreServices
0x00007fff5a3fd000 	/System/Library/PrivateFrameworks/PerformanceAnalysis.framework/Versions/A/PerformanceAnalysis
0x00007fff4300f000 	/System/Library/Frameworks/OpenGL.framework/Versions/A/OpenGL
0x00007fff38684000 	/System/Library/Frameworks/ColorSync.framework/Versions/A/ColorSync
0x00007fff39977000 	/System/Library/Frameworks/CoreImage.framework/Versions/A/CoreImage
0x00007fff3ab99000 	/System/Library/Frameworks/CoreText.framework/Versions/A/CoreText
0x00007fff3ba08000 	/System/Library/Frameworks/ImageIO.framework/Versions/A/ImageIO
0x00007fff4a4e6000 	/System/Library/PrivateFrameworks/Backup.framework/Versions/A/Backup
0x00007fff635dc000 	/usr/lib/libarchive.2.dylib
0x00007fff37d87000 	/System/Library/Frameworks/CFNetwork.framework/Versions/A/CFNetwork
0x00007fff450c9000 	/System/Library/Frameworks/SystemConfiguration.framework/Versions/A/SystemConfiguration
0x00007fff6309d000 	/usr/lib/libCRFSuite.dylib
0x00007fff63780000 	/usr/lib/libc++.1.dylib
0x00007fff637d8000 	/usr/lib/libc++abi.dylib
0x00007fff65f32000 	/usr/lib/system/libcache.dylib
0x00007fff65f37000 	/usr/lib/system/libcommonCrypto.dylib
0x00007fff65f42000 	/usr/lib/system/libcompiler_rt.dylib
0x00007fff65f4a000 	/usr/lib/system/libcopyfile.dylib
0x00007fff65f54000 	/usr/lib/system/libcorecrypto.dylib
0x00007fff6605f000 	/usr/lib/system/libdispatch.dylib
0x00007fff6609a000 	/usr/lib/system/libdyld.dylib
0x00007fff660ca000 	/usr/lib/system/libkeymgr.dylib
0x00007fff660d8000 	/usr/lib/system/liblaunch.dylib
0x00007fff660d9000 	/usr/lib/system/libmacho.dylib
0x00007fff660df000 	/usr/lib/system/libquarantine.dylib
0x00007fff660e2000 	/usr/lib/system/libremovefile.dylib
0x00007fff660e4000 	/usr/lib/system/libsystem_asl.dylib
0x00007fff660fc000 	/usr/lib/system/libsystem_blocks.dylib
0x00007fff660fd000 	/usr/lib/system/libsystem_c.dylib
0x00007fff66186000 	/usr/lib/system/libsystem_configuration.dylib
0x00007fff6618a000 	/usr/lib/system/libsystem_coreservices.dylib
0x00007fff6618e000 	/usr/lib/system/libsystem_darwin.dylib
0x00007fff66195000 	/usr/lib/system/libsystem_dnssd.dylib
0x00007fff6619c000 	/usr/lib/system/libsystem_info.dylib
0x00007fff66211000 	/usr/lib/system/libsystem_m.dylib
0x00007fff6625d000 	/usr/lib/system/libsystem_malloc.dylib
0x00007fff66282000 	/usr/lib/system/libsystem_networkextension.dylib
0x00007fff6628e000 	/usr/lib/system/libsystem_notify.dylib
0x00007fff662ab000 	/usr/lib/system/libsystem_sandbox.dylib
0x00007fff662af000 	/usr/lib/system/libsystem_secinit.dylib
0x00007fff661e9000 	/usr/lib/system/libsystem_kernel.dylib
0x00007fff66296000 	/usr/lib/system/libsystem_platform.dylib
0x00007fff662a0000 	/usr/lib/system/libsystem_pthread.dylib
0x00007fff662b2000 	/usr/lib/system/libsystem_symptoms.dylib
0x00007fff662ba000 	/usr/lib/system/libsystem_trace.dylib
0x00007fff662d1000 	/usr/lib/system/libunwind.dylib
0x00007fff662d7000 	/usr/lib/system/libxpc.dylib
0x00007fff63760000 	/usr/lib/libbsm.0.dylib
0x00007fff660cb000 	/usr/lib/system/libkxld.dylib
0x00007fff49794000 	/System/Library/PrivateFrameworks/AppleFSCompression.framework/Versions/A/AppleFSCompression
0x00007fff633e5000 	/usr/lib/libOpenScriptingUtil.dylib
0x00007fff63ac3000 	/usr/lib/libcoretls.dylib
0x00007fff63ada000 	/usr/lib/libcoretls_cfhelpers.dylib
0x00007fff65765000 	/usr/lib/libpam.2.dylib
0x00007fff65928000 	/usr/lib/libsqlite3.dylib
0x00007fff65d90000 	/usr/lib/libxar.1.dylib
0x00007fff63771000 	/usr/lib/libbz2.1.0.dylib
0x00007fff646ed000 	/usr/lib/liblzma.5.dylib
0x00007fff64be3000 	/usr/lib/libnetwork.dylib
0x00007fff635c5000 	/usr/lib/libapple_nghttp2.dylib
0x00007fff6576c000 	/usr/lib/libpcap.A.dylib
0x00007fff3a4fa000 	/System/Library/Frameworks/CoreServices.framework/Versions/A/Frameworks/FSEvents.framework/Versions/A/FSEvents
0x00007fff3a1d6000 	/System/Library/Frameworks/CoreServices.framework/Versions/A/Frameworks/CarbonCore.framework/Versions/A/CarbonCore
0x00007fff3a6cf000 	/System/Library/Frameworks/CoreServices.framework/Versions/A/Frameworks/Metadata.framework/Versions/A/Metadata
0x00007fff3a772000 	/System/Library/Frameworks/CoreServices.framework/Versions/A/Frameworks/OSServices.framework/Versions/A/OSServices
0x00007fff3a7be000 	/System/Library/Frameworks/CoreServices.framework/Versions/A/Frameworks/SearchKit.framework/Versions/A/SearchKit
0x00007fff3a157000 	/System/Library/Frameworks/CoreServices.framework/Versions/A/Frameworks/AE.framework/Versions/A/AE
0x00007fff3a503000 	/System/Library/Frameworks/CoreServices.framework/Versions/A/Frameworks/LaunchServices.framework/Versions/A/LaunchServices
0x00007fff3a4af000 	/System/Library/Frameworks/CoreServices.framework/Versions/A/Frameworks/DictionaryServices.framework/Versions/A/DictionaryServices
0x00007fff3a82d000 	/System/Library/Frameworks/CoreServices.framework/Versions/A/Frameworks/SharedFileList.framework/Versions/A/SharedFileList
0x00007fff3efa0000 	/System/Library/Frameworks/NetFS.framework/Versions/A/NetFS
0x00007fff5896b000 	/System/Library/PrivateFrameworks/NetAuth.framework/Versions/A/NetAuth
0x00007fff62de1000 	/System/Library/PrivateFrameworks/login.framework/Versions/A/Frameworks/loginsupport.framework/Versions/A/loginsupport
0x00007fff60df4000 	/System/Library/PrivateFrameworks/TCC.framework/Versions/A/TCC
0x00007fff4d4b0000 	/System/Library/PrivateFrameworks/CoreNLP.framework/Versions/A/CoreNLP
0x00007fff583c0000 	/System/Library/PrivateFrameworks/MetadataUtilities.framework/Versions/A/MetadataUtilities
0x00007fff647ce000 	/usr/lib/libmecabra.dylib
0x00007fff37281000 	/System/Library/Frameworks/ApplicationServices.framework/Versions/A/Frameworks/ATS.framework/Versions/A/ATS
0x00007fff375ec000 	/System/Library/Frameworks/ApplicationServices.framework/Versions/A/Frameworks/ColorSyncLegacy.framework/Versions/A/ColorSyncLegacy
0x00007fff3768d000 	/System/Library/Frameworks/ApplicationServices.framework/Versions/A/Frameworks/HIServices.framework/Versions/A/HIServices
0x00007fff376e0000 	/System/Library/Frameworks/ApplicationServices.framework/Versions/A/Frameworks/LangAnalysis.framework/Versions/A/LangAnalysis
0x00007fff376ef000 	/System/Library/Frameworks/ApplicationServices.framework/Versions/A/Frameworks/PrintCore.framework/Versions/A/PrintCore
0x00007fff3773c000 	/System/Library/Frameworks/ApplicationServices.framework/Versions/A/Frameworks/QD.framework/Versions/A/QD
0x00007fff37778000 	/System/Library/Frameworks/ApplicationServices.framework/Versions/A/Frameworks/SpeechSynthesis.framework/Versions/A/SpeechSynthesis
0x00007fff63800000 	/usr/lib/libcompression.dylib
0x00007fff38daf000 	/System/Library/Frameworks/CoreDisplay.framework/Versions/A/CoreDisplay
0x00007fff3dda1000 	/System/Library/Frameworks/MetalPerformanceShaders.framework/Versions/A/MetalPerformanceShaders
0x00007fff351e1000 	/System/Library/Frameworks/Accelerate.framework/Versions/A/Frameworks/vImage.framework/Versions/A/vImage
0x00007fff3625d000 	/System/Library/Frameworks/Accelerate.framework/Versions/A/Frameworks/vecLib.framework/Versions/A/vecLib
0x00007fff361a7000 	/System/Library/Frameworks/Accelerate.framework/Versions/A/Frameworks/vecLib.framework/Versions/A/libvMisc.dylib
0x00007fff35fc2000 	/System/Library/Frameworks/Accelerate.framework/Versions/A/Frameworks/vecLib.framework/Versions/A/libvDSP.dylib
0x00007fff35882000 	/System/Library/Frameworks/Accelerate.framework/Versions/A/Frameworks/vecLib.framework/Versions/A/libBLAS.dylib
0x00007fff35b6d000 	/System/Library/Frameworks/Accelerate.framework/Versions/A/Frameworks/vecLib.framework/Versions/A/libLAPACK.dylib
0x00007fff35f14000 	/System/Library/Frameworks/Accelerate.framework/Versions/A/Frameworks/vecLib.framework/Versions/A/libLinearAlgebra.dylib
0x00007fff35fae000 	/System/Library/Frameworks/Accelerate.framework/Versions/A/Frameworks/vecLib.framework/Versions/A/libSparseBLAS.dylib
0x00007fff35f2a000 	/System/Library/Frameworks/Accelerate.framework/Versions/A/Frameworks/vecLib.framework/Versions/A/libQuadrature.dylib
0x00007fff35afa000 	/System/Library/Frameworks/Accelerate.framework/Versions/A/Frameworks/vecLib.framework/Versions/A/libBNNS.dylib
0x00007fff35f30000 	/System/Library/Frameworks/Accelerate.framework/Versions/A/Frameworks/vecLib.framework/Versions/A/libSparse.dylib
0x00007fff549bd000 	/System/Library/PrivateFrameworks/GPUWrangler.framework/Versions/A/GPUWrangler
0x00007fff56de9000 	/System/Library/PrivateFrameworks/IOAccelerator.framework/Versions/A/IOAccelerator
0x00007fff56df4000 	/System/Library/PrivateFrameworks/IOPresentment.framework/Versions/A/IOPresentment
0x00007fff4e29e000 	/System/Library/PrivateFrameworks/DSExternalDisplay.framework/Versions/A/DSExternalDisplay
0x00007fff42454000 	/System/Library/Frameworks/OpenGL.framework/Versions/A/Libraries/libCoreFSCache.dylib
0x00007fff3db89000 	/System/Library/Frameworks/MetalPerformanceShaders.framework/Frameworks/MPSCore.framework/Versions/A/MPSCore
0x00007fff3dbaa000 	/System/Library/Frameworks/MetalPerformanceShaders.framework/Frameworks/MPSImage.framework/Versions/A/MPSImage
0x00007fff3dc52000 	/System/Library/Frameworks/MetalPerformanceShaders.framework/Frameworks/MPSNeuralNetwork.framework/Versions/A/MPSNeuralNetwork
0x00007fff3dc29000 	/System/Library/Frameworks/MetalPerformanceShaders.framework/Frameworks/MPSMatrix.framework/Versions/A/MPSMatrix
0x00007fff3dd85000 	/System/Library/Frameworks/MetalPerformanceShaders.framework/Frameworks/MPSRayIntersector.framework/Versions/A/MPSRayIntersector
0x00007fff583e9000 	/System/Library/PrivateFrameworks/MetalTools.framework/Versions/A/MetalTools
0x00007fff48e8f000 	/System/Library/PrivateFrameworks/AggregateDictionary.framework/Versions/A/AggregateDictionary
0x00007fff633c5000 	/usr/lib/libMobileGestalt.dylib
0x00007fff3acff000 	/System/Library/Frameworks/CoreVideo.framework/Versions/A/CoreVideo
0x00007fff55828000 	/System/Library/PrivateFrameworks/GraphVisualizer.framework/Versions/A/GraphVisualizer
0x00007fff4f5cd000 	/System/Library/PrivateFrameworks/FaceCore.framework/Versions/A/FaceCore
0x00007fff41a6c000 	/System/Library/Frameworks/OpenCL.framework/Versions/A/OpenCL
0x00007fff631ac000 	/usr/lib/libFosl_dynamic.dylib
0x00007fff59241000 	/System/Library/PrivateFrameworks/OTSVG.framework/Versions/A/OTSVG
0x00007fff37385000 	/System/Library/Frameworks/ApplicationServices.framework/Versions/A/Frameworks/ATS.framework/Versions/A/Resources/libFontParser.dylib
0x00007fff374a5000 	/System/Library/Frameworks/ApplicationServices.framework/Versions/A/Frameworks/ATS.framework/Versions/A/Resources/libFontRegistry.dylib
0x00007fff3bc92000 	/System/Library/Frameworks/ImageIO.framework/Versions/A/Resources/libJPEG.dylib
0x00007fff3bfb4000 	/System/Library/Frameworks/ImageIO.framework/Versions/A/Resources/libTIFF.dylib
0x00007fff3bf8a000 	/System/Library/Frameworks/ImageIO.framework/Versions/A/Resources/libPng.dylib
0x00007fff3bba7000 	/System/Library/Frameworks/ImageIO.framework/Versions/A/Resources/libGIF.dylib
0x00007fff3bbac000 	/System/Library/Frameworks/ImageIO.framework/Versions/A/Resources/libJP2.dylib
0x00007fff3bfb1000 	/System/Library/Frameworks/ImageIO.framework/Versions/A/Resources/libRadiance.dylib
0x00007fff498ed000 	/System/Library/PrivateFrameworks/AppleJPEG.framework/Versions/A/AppleJPEG
0x00007fff4245f000 	/System/Library/Frameworks/OpenGL.framework/Versions/A/Libraries/libGFXShared.dylib
0x00007fff42622000 	/System/Library/Frameworks/OpenGL.framework/Versions/A/Libraries/libGLU.dylib
0x00007fff42468000 	/System/Library/Frameworks/OpenGL.framework/Versions/A/Libraries/libGL.dylib
0x00007fff42474000 	/System/Library/Frameworks/OpenGL.framework/Versions/A/Libraries/libGLImage.dylib
0x00007fff42451000 	/System/Library/Frameworks/OpenGL.framework/Versions/A/Libraries/libCVMSPluginSupport.dylib
0x00007fff4245a000 	/System/Library/Frameworks/OpenGL.framework/Versions/A/Libraries/libCoreVMClient.dylib
0x00007fff64152000 	/usr/lib/libcups.2.dylib
0x00007fff3d09f000 	/System/Library/Frameworks/Kerberos.framework/Versions/A/Kerberos
0x00007fff3b65d000 	/System/Library/Frameworks/GSS.framework/Versions/A/GSS
0x00007fff658bc000 	/usr/lib/libresolv.9.dylib
0x00007fff64349000 	/usr/lib/libiconv.2.dylib
0x00007fff55988000 	/System/Library/PrivateFrameworks/Heimdal.framework/Versions/A/Heimdal
0x00007fff64318000 	/usr/lib/libheimdal-asn1.dylib
0x00007fff41ae2000 	/System/Library/Frameworks/OpenDirectory.framework/Versions/A/OpenDirectory
0x00007fff4c1ab000 	/System/Library/PrivateFrameworks/CommonAuth.framework/Versions/A/CommonAuth
0x00007fff41ac5000 	/System/Library/Frameworks/OpenDirectory.framework/Versions/A/Frameworks/CFOpenDirectory.framework/Versions/A/CFOpenDirectory
0x00007fff44c47000 	/System/Library/Frameworks/SecurityFoundation.framework/Versions/A/SecurityFoundation
0x00007fff483a0000 	/System/Library/PrivateFrameworks/APFS.framework/Versions/A/APFS
0x00007fff65d8c000 	/usr/lib/libutil.dylib
0x00007fff637ee000 	/usr/lib/libcharset.1.dylib
0x00007fff49b88000 	/System/Library/PrivateFrameworks/AppleSauce.framework/Versions/A/AppleSauce
0x00007fff49d16000 	/System/Library/PrivateFrameworks/AssertionServices.framework/Versions/A/AssertionServices
0x00007fff4a589000 	/System/Library/PrivateFrameworks/BaseBoard.framework/Versions/A/BaseBoard
0x00007fff6471d000 	/usr/lib/libmecab.1.0.0.dylib
0x00007fff64312000 	/usr/lib/libgermantok.dylib
0x00007fff635b1000 	/usr/lib/libThaiTokenizer.dylib
0x00007fff630d8000 	/usr/lib/libChineseTokenizer.dylib
0x00007fff5751e000 	/System/Library/PrivateFrameworks/LanguageModeling.framework/Versions/A/LanguageModeling
0x00007fff4cec6000 	/System/Library/PrivateFrameworks/CoreEmoji.framework/Versions/A/CoreEmoji
0x00007fff57616000 	/System/Library/PrivateFrameworks/Lexicon.framework/Versions/A/Lexicon
0x00007fff5765e000 	/System/Library/PrivateFrameworks/LinguisticData.framework/Versions/A/LinguisticData
0x00007fff637ef000 	/usr/lib/libcmph.dylib
0x00007fff44d08000 	/System/Library/Frameworks/ServiceManagement.framework/Versions/A/ServiceManagement
0x00007fff4a4dc000 	/System/Library/PrivateFrameworks/BackgroundTaskManagement.framework/Versions/A/BackgroundTaskManagement
0x00007fff65e86000 	/usr/lib/libxslt.1.dylib
0x00007fff38474000 	/System/Library/Frameworks/Carbon.framework/Versions/A/Frameworks/Ink.framework/Versions/A/Ink
0x00007fff61073000 	/System/Library/PrivateFrameworks/TextureIO.framework/Versions/A/TextureIO
0x00007fff63606000 	/usr/lib/libate.dylib
0x00007fff4e1fa000 	/System/Library/PrivateFrameworks/CrashReporterSupport.framework/Versions/A/CrashReporterSupport
0x00007fff5e09f000 	/System/Library/PrivateFrameworks/Sharing.framework/Versions/A/Sharing
0x00007fff4a068000 	/System/Library/PrivateFrameworks/AuthKit.framework/Versions/A/AuthKit
0x00007fff4948c000 	/System/Library/PrivateFrameworks/Apple80211.framework/Versions/A/Apple80211
0x00007fff4dfba000 	/System/Library/PrivateFrameworks/CoreUtils.framework/Versions/A/CoreUtils
0x00007fff3ad3d000 	/System/Library/Frameworks/CoreWLAN.framework/Versions/A/CoreWLAN
0x00007fff3b7a7000 	/System/Library/Frameworks/IOBluetooth.framework/Versions/A/IOBluetooth
0x00007fff5c3cc000 	/System/Library/PrivateFrameworks/ProtocolBuffer.framework/Versions/A/ProtocolBuffer
0x00007fff58625000 	/System/Library/PrivateFrameworks/MobileKeyBag.framework/Versions/A/MobileKeyBag
0x00007fff4d7dd000 	/System/Library/PrivateFrameworks/CorePhoneNumbers.framework/Versions/A/CorePhoneNumbers
0x00007fff498a1000 	/System/Library/PrivateFrameworks/AppleIDAuthSupport.framework/Versions/A/AppleIDAuthSupport
0x00007fff574f0000 	/System/Library/PrivateFrameworks/KeychainCircle.framework/Versions/A/KeychainCircle
0x00007fff5c599000 	/System/Library/PrivateFrameworks/ROCKit.framework/Versions/A/ROCKit
0x00007fff4e196000 	/System/Library/PrivateFrameworks/CoreWiFi.framework/Versions/A/CoreWiFi
0x00007fff389e1000 	/System/Library/Frameworks/CoreBluetooth.framework/Versions/A/CoreBluetooth
0x00007fff4e3ea000 	/System/Library/PrivateFrameworks/DebugSymbols.framework/Versions/A/DebugSymbols
0x00007fff4dd6f000 	/System/Library/PrivateFrameworks/CoreSymbolication.framework/Versions/A/CoreSymbolication
0x00007fff6085e000 	/System/Library/PrivateFrameworks/Symbolication.framework/Versions/A/Symbolication
0x00007fff5f9f1000 	/System/Library/PrivateFrameworks/SpeechRecognitionCore.framework/Versions/A/SpeechRecognitionCore
0x00007fff2ecc8000 	/System/Library/CoreServices/Encodings/libSimplifiedChineseConverter.dylib
0x000000010ec00000 	/Library/Java/JavaVirtualMachines/jdk1.8.0_181.jdk/Contents/Home/jre/lib/server/libjvm.dylib
0x00007fff65c50000 	/usr/lib/libstdc++.6.dylib
0x000000010e302000 	/Library/Java/JavaVirtualMachines/jdk1.8.0_181.jdk/Contents/Home/jre/lib/libverify.dylib
0x000000010e310000 	/Library/Java/JavaVirtualMachines/jdk1.8.0_181.jdk/Contents/Home/jre/lib/libjava.dylib
0x000000010e347000 	/Library/Java/JavaVirtualMachines/jdk1.8.0_181.jdk/Contents/Home/jre/lib/libjdwp.dylib
0x000000010e392000 	/Library/Java/JavaVirtualMachines/jdk1.8.0_181.jdk/Contents/Home/jre/lib/libnpt.dylib
0x000000010e396000 	/Library/Java/JavaVirtualMachines/jdk1.8.0_181.jdk/Contents/Home/jre/lib/libinstrument.dylib
0x000000010e3f4000 	/Library/Java/JavaVirtualMachines/jdk1.8.0_181.jdk/Contents/Home/jre/lib/libzip.dylib
0x000000011253e000 	/Library/Java/JavaVirtualMachines/jdk1.8.0_181.jdk/Contents/Home/jre/lib/libdt_socket.dylib

VM Arguments:
jvm_args: -agentlib:jdwp=transport=dt_socket,address=127.0.0.1:56021,suspend=y,server=n -javaagent:/Users/user/Library/Caches/IntelliJIdea2018.2/captureAgent/debugger-agent.jar=file:/private/var/folders/sm/x86480n17xv0gxd1mmvr2d7w0000gn/T/capture.props -Dfile.encoding=UTF-8 
java_command: RemoveKdigits
java_class_path (initial): /Library/Java/JavaVirtualMachines/jdk1.8.0_181.jdk/Contents/Home/jre/lib/charsets.jar:/Library/Java/JavaVirtualMachines/jdk1.8.0_181.jdk/Contents/Home/jre/lib/deploy.jar:/Library/Java/JavaVirtualMachines/jdk1.8.0_181.jdk/Contents/Home/jre/lib/ext/cldrdata.jar:/Library/Java/JavaVirtualMachines/jdk1.8.0_181.jdk/Contents/Home/jre/lib/ext/dnsns.jar:/Library/Java/JavaVirtualMachines/jdk1.8.0_181.jdk/Contents/Home/jre/lib/ext/jaccess.jar:/Library/Java/JavaVirtualMachines/jdk1.8.0_181.jdk/Contents/Home/jre/lib/ext/jfxrt.jar:/Library/Java/JavaVirtualMachines/jdk1.8.0_181.jdk/Contents/Home/jre/lib/ext/localedata.jar:/Library/Java/JavaVirtualMachines/jdk1.8.0_181.jdk/Contents/Home/jre/lib/ext/nashorn.jar:/Library/Java/JavaVirtualMachines/jdk1.8.0_181.jdk/Contents/Home/jre/lib/ext/sunec.jar:/Library/Java/JavaVirtualMachines/jdk1.8.0_181.jdk/Contents/Home/jre/lib/ext/sunjce_provider.jar:/Library/Java/JavaVirtualMachines/jdk1.8.0_181.jdk/Contents/Home/jre/lib/ext/sunpkcs11.jar:/Library/Java/JavaVirtualMachines/jdk1.8.0_181.jdk/Contents/Home/jre/lib/ext/zipfs.jar:/Library/Java/JavaVirtualMachines/jdk1.8.0_181.jdk/Contents/Home/jre/lib/javaws.jar:/Library/Java/JavaVirtualMachines/jdk1.8.0_181.jdk/Contents/Home/jre/lib/jce.jar:/Library/Java/JavaVirtualMachines/jdk1.8.0_181.jdk/Contents/Home/jre/lib/jfr.jar:/Library/Java/JavaVirtualMachines/jdk1.8.0_181.jdk/Contents/Home/jre/lib/jfxswt.jar:/Library/Java/JavaVirtualMachines/jdk1.8.0_181.jdk/Contents/Home/jre/lib/jsse.jar:/Library/Java/JavaVirtualMachines/jdk1.8.0_181.jdk/Contents/Home/jre/lib/management-agent.jar:/Library/Java/JavaVirtualMachines/jdk1.8.0_181.jdk/Contents/Home/jre/lib/plugin.jar:/Library/Java/JavaVirtualMachines/jdk1.8.0_181.jdk/Contents/Home/jre/lib/resources.jar:/Library/Java/JavaVirtualMachines/jdk1.8.0_181.jdk/Contents/Home/jre/lib/rt.jar:/Library/Java/JavaVirtualMachines/jdk1.8.0_181.jdk/Contents/Home/lib/ant-javafx.jar:/Library/Java/JavaVirtualMachines/jdk1.8.0_181.jdk/Contents/Home
Launcher Type: SUN_STANDARD

Environment Variables:
PATH=/Users/user/apache-maven-3.6.1/bin:/Users/user/.jenv/shims:/Users/user/.jenv/bin:/Users/user/.jenv/shims:/Users/user/.jenv/bin:/Users/user/Downloads/apache-maven-3.5.4/bin:/Users/user/mycat/mycat/bin:/Users/user/.composer/vendor/bin:/Users/user/coding-standard-master-f55717e066d79a13f74648c20ce7396a942355d6/coding-standard/bin:/usr/local/opt/php@7.1/sbin:/usr/local/opt/php@7.1/bin:/usr/local/bin:/usr/bin:/bin:/usr/sbin:/sbin:/usr/local/go/bin:/Users/user/go/bin
SHELL=/bin/zsh

Signal Handlers:
SIGSEGV: [libjvm.dylib+0x5b6029], sa_mask[0]=11111111011111110111111111111111, sa_flags=SA_ONSTACK|SA_RESTART|SA_SIGINFO
SIGBUS: [libjvm.dylib+0x5b6029], sa_mask[0]=11111111011111110111111111111111, sa_flags=SA_RESTART|SA_SIGINFO
SIGFPE: [libjvm.dylib+0x48b934], sa_mask[0]=11111111011111110111111111111111, sa_flags=SA_RESTART|SA_SIGINFO
SIGPIPE: [libjvm.dylib+0x48b934], sa_mask[0]=11111111011111110111111111111111, sa_flags=SA_RESTART|SA_SIGINFO
SIGXFSZ: [libjvm.dylib+0x48b934], sa_mask[0]=11111111011111110111111111111111, sa_flags=SA_RESTART|SA_SIGINFO
SIGILL: [libjvm.dylib+0x48b934], sa_mask[0]=11111111011111110111111111111111, sa_flags=SA_RESTART|SA_SIGINFO
SIGUSR1: SIG_DFL, sa_mask[0]=00000000000000000000000000000000, sa_flags=none
SIGUSR2: [libjvm.dylib+0x48b452], sa_mask[0]=00100000000000000000000000000000, sa_flags=SA_RESTART|SA_SIGINFO
SIGHUP: 