#
# A fatal error has been detected by the Java Runtime Environment:
#
#  SIGSEGV (0xb) at pc=0x0000000104e320b0, pid=4147, tid=0x0000000000005003
#
# JRE version: Java(TM) SE Runtime Environment (8.0_181-b13) (build 1.8.0_181-b13)
# Java VM: Java HotSpot(TM) 64-Bit Server VM (25.181-b13 mixed mode bsd-amd64 compressed oops)
# Problematic frame:
# V  [libjvm.dylib+0x28a0b0]  GenerateOopMap::bb_mark_fct(GenerateOopMap*, int, int*)+0x1e
#
# Failed to write core dump. Core dumps have been disabled. To enable core dumping, try "ulimit -c unlimited" before starting Java again
#
# If you would like to submit a bug report, please visit:
#   http://bugreport.java.com/bugreport/crash.jsp
#

---------------  T H R E A D  ---------------

Current thread (0x00007fda6b02f000):  VMThread [stack: 0x000070000582c000,0x000070000592c000] [id=20483]

siginfo: si_signo: 11 (SIGSEGV), si_code: 0 (unknown), si_addr: 0x0000000000000000

Registers:
RAX=0x00007fda6ae01440, RBX=0x000070000592b6f8, RCX=0xffffffffffffcad8, RDX=0x0000000000000000
RSP=0x000070000592b500, RBP=0x000070000592b510, RSI=0x00000000ffffcad8, RDI=0x000070000592b6f8
R8 =0x1ffffffffffff958, R9 =0x00007fda6ac00000, R10=0x000000000000ffff, R11=0x0000000000000246
R12=0x00000000000000a7, R13=0x000000000000004c, R14=0x000000000000004c, R15=0x000070000592b580
RIP=0x0000000104e320b0, EFLAGS=0x0000000000010a02, ERR=0x0000000000000000
  TRAPNO=0x000000000000000d

Top of Stack: (sp=0x000070000592b500)
0x000070000592b500:   000070000592b6f8 000070000592b6f8
0x000070000592b510:   000070000592b570 0000000104e32463
0x000070000592b520:   000070000592b540 0000000000000000
0x000070000592b530:   0000000104e32092 000070000592b580
0x000070000592b540:   000070000592b570 000070000592b6f8
0x000070000592b550:   00000000000000a7 000000000000004c
0x000070000592b560:   000000011a87a800 000070000592b580
0x000070000592b570:   000070000592b600 0000000104e33183
0x000070000592b580:   000070000592b710 000000011a87a848
0x000070000592b590:   00007fda6b02f000 0000004f0000004c
0x000070000592b5a0:   000000a7000000db 000000a71a870000
0x000070000592b5b0:   0000000000000000 000000db00000000
0x000070000592b5c0:   000000011a87a848 00007fda6b02f000
0x000070000592b5d0:   000000011a87a848 00007fda6b02f000
0x000070000592b5e0:   000000011a87a848 000000011a87a848
0x000070000592b5f0:   000070000592b6f8 000000011a87a848
0x000070000592b600:   000070000592b690 0000000104e333db
0x000070000592b610:   0000700005920000 0000000000000000
0x000070000592b620:   00000001051d68be 0000000000000000
0x000070000592b630:   00000001051d6c5a 0000000000000100
0x000070000592b640:   0000000000000000 0000000000000000
0x000070000592b650:   0000000000000000 0000001004010000
0x000070000592b660:   000000011a87a848 00007fda6b02f000
0x000070000592b670:   000000011a87a848 000070000592b6f8
0x000070000592b680:   00007fda6b02f000 00007fda6ac24ef0
0x000070000592b690:   000070000592b6e0 000000010502d331
0x000070000592b6a0:   00007fda6ac19a90 00007fda6ae01390
0x000070000592b6b0:   00007fda6ae013a0 00007fda6ae01778
0x000070000592b6c0:   00000000000003d8 00000000000000d8
0x000070000592b6d0:   000070000592b888 00007fda6ac24ef0
0x000070000592b6e0:   000070000592b870 000000010502d53a
0x000070000592b6f0:   0000000104b9d400 0000000105485100 

Instructions: (pc=0x0000000104e320b0)
0x0000000104e32090:   c3 90 55 48 89 e5 53 48 83 ec 08 48 8b 87 90 00
0x0000000104e320a0:   00 00 48 63 ce 49 89 c8 49 83 e0 c0 49 c1 e8 03
0x0000000104e320b0:   4a 8b 04 00 48 0f a3 f0 72 17 48 89 fb 48 8d 7b
0x0000000104e320c0:   70 ba 01 00 00 00 48 89 ce e8 60 c8 e4 ff ff 43 

Register to memory mapping:

RAX=0x00007fda6ae01440 is an unknown value
RBX=0x000070000592b6f8 is an unknown value
RCX=0xffffffffffffcad8 is an unknown value
RDX=0x0000000000000000 is an unknown value
RSP=0x000070000592b500 is an unknown value
RBP=0x000070000592b510 is an unknown value
RSI=0x00000000ffffcad8 is an unknown value
RDI=0x000070000592b6f8 is an unknown value
R8 =0x1ffffffffffff958 is an unknown value
R9 =0x00007fda6ac00000 is an unknown value
R10=0x000000000000ffff is an unknown value
R11=0x0000000000000246 is an unknown value
R12=0x00000000000000a7 is an unknown value
R13=0x000000000000004c is an unknown value
R14=0x000000000000004c is an unknown value
R15=0x000070000592b580 is an unknown value


Stack: [0x000070000582c000,0x000070000592c000],  sp=0x000070000592b500,  free space=1021k
Native frames: (J=compiled Java code, j=interpreted, Vv=VM code, C=native code)
V  [libjvm.dylib+0x28a0b0]  GenerateOopMap::bb_mark_fct(GenerateOopMap*, int, int*)+0x1e
V  [libjvm.dylib+0x28a463]  GenerateOopMap::jump_targets_do(BytecodeStream*, void (*)(GenerateOopMap*, int, int*), int*)+0x5b
V  [libjvm.dylib+0x28b183]  GenerateOopMap::mark_bbheaders_and_count_gc_points()+0x131
V  [libjvm.dylib+0x28b3db]  GenerateOopMap::compute_map(Thread*)+0x1eb
V  [libjvm.dylib+0x485331]  OopMapForCacheEntry::compute_map(Thread*)+0x8f
V  [libjvm.dylib+0x48553a]  OopMapCacheEntry::fill(methodHandle, int)+0x19e
V  [libjvm.dylib+0x48571b]  OopMapCache::compute_one_oop_map(methodHandle, int, InterpreterOopMap*)+0x16b
V  [libjvm.dylib+0x4859d2]  OopMapCache::lookup(methodHandle, int, InterpreterOopMap*) const+0x25c
V  [libjvm.dylib+0x2c2b04]  InstanceKlass::mask_for(methodHandle, int, InterpreterOopMap*)+0xd2
V  [libjvm.dylib+0x45306d]  Method::mask_for(int, InterpreterOopMap*)+0xb3
V  [libjvm.dylib+0x39afbf]  VM_GetOrSetLocal::doit()+0x47
V  [libjvm.dylib+0x5bd499]  VM_Operation::evaluate()+0x4f
V  [libjvm.dylib+0x5bba31]  VMThread::evaluate_operation(VM_Operation*)+0xdf
V  [libjvm.dylib+0x5bbe7e]  VMThread::loop()+0x328
V  [libjvm.dylib+0x5bb79d]  VMThread::run()+0x79
V  [libjvm.dylib+0x48e342]  java_start(Thread*)+0xf6
C  [libsystem_pthread.dylib+0x3339]  _pthread_body+0x7e
C  [libsystem_pthread.dylib+0x62a7]  _pthread_start+0x46
C  [libsystem_pthread.dylib+0x2445]  thread_start+0xd

VM_Operation (0x0000700005d37958): GetOrSetLocal, mode: safepoint, requested by thread 0x00007fda6c02c000


---------------  P R O C E S S  ---------------

Java Threads: ( => current thread )
  0x00007fda6b05d000 JavaThread "Service Thread" daemon [_thread_blocked, id=14083, stack(0x000070000624a000,0x000070000634a000)]
  0x00007fda6c03b800 JavaThread "C1 CompilerThread2" daemon [_thread_blocked, id=13571, stack(0x0000700006147000,0x0000700006247000)]
  0x00007fda6c80c000 JavaThread "C2 CompilerThread1" daemon [_thread_blocked, id=16387, stack(0x0000700006044000,0x0000700006144000)]
  0x00007fda6b849800 JavaThread "C2 CompilerThread0" daemon [_thread_blocked, id=16899, stack(0x0000700005f41000,0x0000700006041000)]
  0x00007fda6c02d000 JavaThread "JDWP Command Reader" daemon [_thread_in_native, id=17411, stack(0x0000700005e3e000,0x0000700005f3e000)]
  0x00007fda6c807800 JavaThread "JDWP Event Helper Thread" daemon [_thread_blocked, id=13059, stack(0x0000700005d3b000,0x0000700005e3b000)]
  0x00007fda6c02c000 JavaThread "JDWP Transport Listener: dt_socket" daemon [_thread_blocked, id=17671, stack(0x0000700005c38000,0x0000700005d38000)]
  0x00007fda6c025000 JavaThread "Signal Dispatcher" daemon [_thread_blocked, id=17923, stack(0x0000700005b35000,0x0000700005c35000)]
  0x00007fda6b03a000 JavaThread "Finalizer" daemon [_thread_blocked, id=11267, stack(0x0000700005a32000,0x0000700005b32000)]
  0x00007fda6b033800 JavaThread "Reference Handler" daemon [_thread_blocked, id=19971, stack(0x000070000592f000,0x0000700005a2f000)]
  0x00007fda6b802000 JavaThread "main" [_thread_blocked, id=3331, stack(0x000070000529a000,0x000070000539a000)]

Other Threads:
=>0x00007fda6b02f000 VMThread [stack: 0x000070000582c000,0x000070000592c000] [id=20483]
  0x00007fda6b05f800 WatcherThread [stack: 0x000070000634d000,0x000070000644d000] [id=14595]

VM state:at safepoint (normal execution)

VM Mutex/Monitor currently owned by a thread:  ([mutex/lock_event])
[0x00007fda6ad03290] Threads_lock - owner thread: 0x00007fda6b02f000

Heap:
 PSYoungGen      total 38400K, used 2671K [0x0000000795580000, 0x0000000798000000, 0x00000007c0000000)
  eden space 33280K, 8% used [0x0000000795580000,0x000000079581be20,0x0000000797600000)
  from space 5120K, 0% used [0x0000000797b00000,0x0000000797b00000,0x0000000798000000)
  to   space 5120K, 0% used [0x0000000797600000,0x0000000797600000,0x0000000797b00000)
 ParOldGen       total 87552K, used 0K [0x0000000740000000, 0x0000000745580000, 0x0000000795580000)
  object space 87552K, 0% used [0x0000000740000000,0x0000000740000000,0x0000000745580000)
 Metaspace       used 3155K, capacity 4600K, committed 4864K, reserved 1056768K
  class space    used 340K, capacity 424K, committed 512K, reserved 1048576K

Card table byte_map: [0x00000001159c0000,0x0000000115dc1000] byte_map_base: 0x0000000111fc0000

Marking Bits: (ParMarkBitMap*) 0x00000001054a1cd0
 Begin Bits: [0x000000011606c000, 0x000000011806c000)
 End Bits:   [0x000000011806c000, 0x000000011a06c000)

Polling page: 0x0000000105ba0000

CodeCache: size=245760Kb used=1106Kb max_used=1106Kb free=244653Kb
 bounds [0x0000000106600000, 0x0000000106870000, 0x0000000115600000]
 total_blobs=260 nmethods=26 adapters=157
 compilation: enabled

Compilation events (10 events):
Event: 0.541 Thread 0x00007fda6c03b800   23       3       java.lang.Math::min (11 bytes)
Event: 0.541 Thread 0x00007fda6c03b800 nmethod 23 0x0000000106711710 code [0x0000000106711880, 0x0000000106711a10]
Event: 0.541 Thread 0x00007fda6c03b800   20       3       java.lang.String::startsWith (7 bytes)
Event: 0.541 Thread 0x00007fda6c03b800 nmethod 20 0x000000010670fb50 code [0x000000010670fcc0, 0x000000010670fee8]
Event: 0.541 Thread 0x00007fda6c03b800   22       3       java.lang.String::<init> (82 bytes)
Event: 0.541 Thread 0x00007fda6c03b800 nmethod 22 0x0000000106713a10 code [0x0000000106713c00, 0x0000000106714138]
Event: 0.541 Thread 0x00007fda6c03b800   25       1       java.net.URL::getQuery (5 bytes)
Event: 0.542 Thread 0x00007fda6c03b800 nmethod 25 0x000000010670f810 code [0x000000010670f960, 0x000000010670fa70]
Event: 104.901 Thread 0x00007fda6c03b800   26       3       java.util.HashMap::get (23 bytes)
Event: 104.903 Thread 0x00007fda6c03b800 nmethod 26 0x0000000106714450 code [0x00000001067145e0, 0x00000001067149f8]

GC Heap History (0 events):
No events

Deoptimization events (0 events):
No events

Classes redefined (3 events):
Event: 61.141 Thread 0x00007fda6b02f000 redefined class name=SpiralOrder, count=1
Event: 104.902 Thread 0x00007fda6b02f000 redefined class name=SpiralOrder, count=2
Event: 185.517 Thread 0x00007fda6b02f000 redefined class name=SpiralOrder, count=3

Internal exceptions (2 events):
Event: 0.064 Thread 0x00007fda6b802000 Exception <a 'java/lang/NoSuchMethodError': Method sun.misc.Unsafe.defineClass(Ljava/lang/String;[BII)Ljava/lang/Class; name or signature does not match> (0x0000000795587cb0) thrown at [/Users/java_re/workspace/8-2-build-macosx-x86_64/jdk8u181/11358/hotsp
Event: 0.064 Thread 0x00007fda6b802000 Exception <a 'java/lang/NoSuchMethodError': Method sun.misc.Unsafe.prefetchRead(Ljava/lang/Object;J)V name or signature does not match> (0x0000000795587f98) thrown at [/Users/java_re/workspace/8-2-build-macosx-x86_64/jdk8u181/11358/hotspot/src/share/vm/pr

Events (10 events):
Event: 185.817 Executing VM operation: ChangeBreakpoints done
Event: 185.819 Executing VM operation: ChangeBreakpoints
Event: 185.819 Executing VM operation: ChangeBreakpoints done
Event: 185.822 Executing VM operation: ChangeBreakpoints
Event: 185.822 Executing VM operation: ChangeBreakpoints done
Event: 185.827 Executing VM operation: ChangeBreakpoints
Event: 185.827 Executing VM operation: ChangeBreakpoints done
Event: 185.829 Executing VM operation: ChangeBreakpoints
Event: 185.829 Executing VM operation: ChangeBreakpoints done
Event: 186.102 Executing VM operation: GetOrSetLocal


Dynamic libraries:
0x00007fff38825000 	/System/Library/Frameworks/Cocoa.framework/Versions/A/Cocoa
0x00007fff44acf000 	/System/Library/Frameworks/Security.framework/Versions/A/Security
0x00007fff3742f000 	/System/Library/Frameworks/ApplicationServices.framework/Versions/A/ApplicationServices
0x00007fff6605e000 	/usr/lib/libz.1.dylib
0x00007fff636d5000 	/usr/lib/libSystem.B.dylib
0x00007fff6517b000 	/usr/lib/libobjc.A.dylib
0x00007fff39048000 	/System/Library/Frameworks/CoreFoundation.framework/Versions/A/CoreFoundation
0x00007fff3b3cd000 	/System/Library/Frameworks/Foundation.framework/Versions/C/Foundation
0x00007fff365bd000 	/System/Library/Frameworks/AppKit.framework/Versions/C/AppKit
0x00007fff38bbc000 	/System/Library/Frameworks/CoreData.framework/Versions/A/CoreData
0x00007fff5c8bb000 	/System/Library/PrivateFrameworks/RemoteViewServices.framework/Versions/A/RemoteViewServices
0x00007fff613aa000 	/System/Library/PrivateFrameworks/UIFoundation.framework/Versions/A/UIFoundation
0x00007fff62b5c000 	/System/Library/PrivateFrameworks/XCTTargetBootstrap.framework/Versions/A/XCTTargetBootstrap
0x00007fff573d1000 	/System/Library/PrivateFrameworks/IconServices.framework/Versions/A/IconServices
0x00007fff3dc88000 	/System/Library/Frameworks/Metal.framework/Versions/A/Metal
0x00007fff4e5db000 	/System/Library/PrivateFrameworks/DesktopServicesPriv.framework/Versions/A/DesktopServicesPriv
0x00007fff6448f000 	/usr/lib/libenergytrace.dylib
0x00007fff5f11f000 	/System/Library/PrivateFrameworks/SkyLight.framework/Versions/A/SkyLight
0x00007fff39497000 	/System/Library/Frameworks/CoreGraphics.framework/Versions/A/CoreGraphics
0x00007fff35378000 	/System/Library/Frameworks/Accelerate.framework/Versions/A/Accelerate
0x00007fff3bb56000 	/System/Library/Frameworks/IOSurface.framework/Versions/A/IOSurface
0x00007fff4e43d000 	/System/Library/PrivateFrameworks/DFRFoundation.framework/Versions/A/DFRFoundation
0x00007fff37934000 	/System/Library/Frameworks/AudioToolbox.framework/Versions/A/AudioToolbox
0x00007fff37bd2000 	/System/Library/Frameworks/AudioUnit.framework/Versions/A/AudioUnit
0x00007fff4e4d4000 	/System/Library/PrivateFrameworks/DataDetectorsCore.framework/Versions/A/DataDetectorsCore
0x00007fff38311000 	/System/Library/Frameworks/Carbon.framework/Versions/A/Frameworks/HIToolbox.framework/Versions/A/HIToolbox
0x00007fff645ea000 	/usr/lib/libicucore.A.dylib
0x00007fff44029000 	/System/Library/Frameworks/QuartzCore.framework/Versions/A/QuartzCore
0x00007fff386f8000 	/System/Library/Frameworks/Carbon.framework/Versions/A/Frameworks/SpeechRecognition.framework/Versions/A/SpeechRecognition
0x00007fff63838000 	/usr/lib/libauto.dylib
0x00007fff65f51000 	/usr/lib/libxml2.2.dylib
0x00007fff4e03c000 	/System/Library/PrivateFrameworks/CoreUI.framework/Versions/A/CoreUI
0x00007fff38a9a000 	/System/Library/Frameworks/CoreAudio.framework/Versions/A/CoreAudio
0x00007fff3b1ff000 	/System/Library/Frameworks/DiskArbitration.framework/Versions/A/DiskArbitration
0x00007fff6489a000 	/usr/lib/liblangid.dylib
0x00007fff5887d000 	/System/Library/PrivateFrameworks/MultitouchSupport.framework/Versions/A/MultitouchSupport
0x00007fff3bac2000 	/System/Library/Frameworks/IOKit.framework/Versions/A/IOKit
0x00007fff63323000 	/usr/lib/libDiagnosticMessagesClient.dylib
0x00007fff3a305000 	/System/Library/Frameworks/CoreServices.framework/Versions/A/CoreServices
0x00007fff5a5ac000 	/System/Library/PrivateFrameworks/PerformanceAnalysis.framework/Versions/A/PerformanceAnalysis
0x00007fff431be000 	/System/Library/Frameworks/OpenGL.framework/Versions/A/OpenGL
0x00007fff38833000 	/System/Library/Frameworks/ColorSync.framework/Versions/A/ColorSync
0x00007fff39b26000 	/System/Library/Frameworks/CoreImage.framework/Versions/A/CoreImage
0x00007fff3ad48000 	/System/Library/Frameworks/CoreText.framework/Versions/A/CoreText
0x00007fff3bbb7000 	/System/Library/Frameworks/ImageIO.framework/Versions/A/ImageIO
0x00007fff4a695000 	/System/Library/PrivateFrameworks/Backup.framework/Versions/A/Backup
0x00007fff6378b000 	/usr/lib/libarchive.2.dylib
0x00007fff37f36000 	/System/Library/Frameworks/CFNetwork.framework/Versions/A/CFNetwork
0x00007fff45278000 	/System/Library/Frameworks/SystemConfiguration.framework/Versions/A/SystemConfiguration
0x00007fff6324c000 	/usr/lib/libCRFSuite.dylib
0x00007fff6392f000 	/usr/lib/libc++.1.dylib
0x00007fff63987000 	/usr/lib/libc++abi.dylib
0x00007fff660e1000 	/usr/lib/system/libcache.dylib
0x00007fff660e6000 	/usr/lib/system/libcommonCrypto.dylib
0x00007fff660f1000 	/usr/lib/system/libcompiler_rt.dylib
0x00007fff660f9000 	/usr/lib/system/libcopyfile.dylib
0x00007fff66103000 	/usr/lib/system/libcorecrypto.dylib
0x00007fff6620e000 	/usr/lib/system/libdispatch.dylib
0x00007fff66249000 	/usr/lib/system/libdyld.dylib
0x00007fff66279000 	/usr/lib/system/libkeymgr.dylib
0x00007fff66287000 	/usr/lib/system/liblaunch.dylib
0x00007fff66288000 	/usr/lib/system/libmacho.dylib
0x00007fff6628e000 	/usr/lib/system/libquarantine.dylib
0x00007fff66291000 	/usr/lib/system/libremovefile.dylib
0x00007fff66293000 	/usr/lib/system/libsystem_asl.dylib
0x00007fff662ab000 	/usr/lib/system/libsystem_blocks.dylib
0x00007fff662ac000 	/usr/lib/system/libsystem_c.dylib
0x00007fff66335000 	/usr/lib/system/libsystem_configuration.dylib
0x00007fff66339000 	/usr/lib/system/libsystem_coreservices.dylib
0x00007fff6633d000 	/usr/lib/system/libsystem_darwin.dylib
0x00007fff66344000 	/usr/lib/system/libsystem_dnssd.dylib
0x00007fff6634b000 	/usr/lib/system/libsystem_info.dylib
0x00007fff663c0000 	/usr/lib/system/libsystem_m.dylib
0x00007fff6640c000 	/usr/lib/system/libsystem_malloc.dylib
0x00007fff66431000 	/usr/lib/system/libsystem_networkextension.dylib
0x00007fff6643d000 	/usr/lib/system/libsystem_notify.dylib
0x00007fff6645a000 	/usr/lib/system/libsystem_sandbox.dylib
0x00007fff6645e000 	/usr/lib/system/libsystem_secinit.dylib
0x00007fff66398000 	/usr/lib/system/libsystem_kernel.dylib
0x00007fff66445000 	/usr/lib/system/libsystem_platform.dylib
0x00007fff6644f000 	/usr/lib/system/libsystem_pthread.dylib
0x00007fff66461000 	/usr/lib/system/libsystem_symptoms.dylib
0x00007fff66469000 	/usr/lib/system/libsystem_trace.dylib
0x00007fff66480000 	/usr/lib/system/libunwind.dylib
0x00007fff66486000 	/usr/lib/system/libxpc.dylib
0x00007fff6390f000 	/usr/lib/libbsm.0.dylib
0x00007fff6627a000 	/usr/lib/system/libkxld.dylib
0x00007fff49943000 	/System/Library/PrivateFrameworks/AppleFSCompression.framework/Versions/A/AppleFSCompression
0x00007fff63594000 	/usr/lib/libOpenScriptingUtil.dylib
0x00007fff63c72000 	/usr/lib/libcoretls.dylib
0x00007fff63c89000 	/usr/lib/libcoretls_cfhelpers.dylib
0x00007fff65914000 	/usr/lib/libpam.2.dylib
0x00007fff65ad7000 	/usr/lib/libsqlite3.dylib
0x00007fff65f3f000 	/usr/lib/libxar.1.dylib
0x00007fff63920000 	/usr/lib/libbz2.1.0.dylib
0x00007fff6489c000 	/usr/lib/liblzma.5.dylib
0x00007fff64d92000 	/usr/lib/libnetwork.dylib
0x00007fff63774000 	/usr/lib/libapple_nghttp2.dylib
0x00007fff6591b000 	/usr/lib/libpcap.A.dylib
0x00007fff3a6a9000 	/System/Library/Frameworks/CoreServices.framework/Versions/A/Frameworks/FSEvents.framework/Versions/A/FSEvents
0x00007fff3a385000 	/System/Library/Frameworks/CoreServices.framework/Versions/A/Frameworks/CarbonCore.framework/Versions/A/CarbonCore
0x00007fff3a87e000 	/System/Library/Frameworks/CoreServices.framework/Versions/A/Frameworks/Metadata.framework/Versions/A/Metadata
0x00007fff3a921000 	/System/Library/Frameworks/CoreServices.framework/Versions/A/Frameworks/OSServices.framework/Versions/A/OSServices
0x00007fff3a96d000 	/System/Library/Frameworks/CoreServices.framework/Versions/A/Frameworks/SearchKit.framework/Versions/A/SearchKit
0x00007fff3a306000 	/System/Library/Frameworks/CoreServices.framework/Versions/A/Frameworks/AE.framework/Versions/A/AE
0x00007fff3a6b2000 	/System/Library/Frameworks/CoreServices.framework/Versions/A/Frameworks/LaunchServices.framework/Versions/A/LaunchServices
0x00007fff3a65e000 	/System/Library/Frameworks/CoreServices.framework/Versions/A/Frameworks/DictionaryServices.framework/Versions/A/DictionaryServices
0x00007fff3a9dc000 	/System/Library/Frameworks/CoreServices.framework/Versions/A/Frameworks/SharedFileList.framework/Versions/A/SharedFileList
0x00007fff3f14f000 	/System/Library/Frameworks/NetFS.framework/Versions/A/NetFS
0x00007fff58b1a000 	/System/Library/PrivateFrameworks/NetAuth.framework/Versions/A/NetAuth
0x00007fff62f90000 	/System/Library/PrivateFrameworks/login.framework/Versions/A/Frameworks/loginsupport.framework/Versions/A/loginsupport
0x00007fff60fa3000 	/System/Library/PrivateFrameworks/TCC.framework/Versions/A/TCC
0x00007fff4d65f000 	/System/Library/PrivateFrameworks/CoreNLP.framework/Versions/A/CoreNLP
0x00007fff5856f000 	/System/Library/PrivateFrameworks/MetadataUtilities.framework/Versions/A/MetadataUtilities
0x00007fff6497d000 	/usr/lib/libmecabra.dylib
0x00007fff37430000 	/System/Library/Frameworks/ApplicationServices.framework/Versions/A/Frameworks/ATS.framework/Versions/A/ATS
0x00007fff3779b000 	/System/Library/Frameworks/ApplicationServices.framework/Versions/A/Frameworks/ColorSyncLegacy.framework/Versions/A/ColorSyncLegacy
0x00007fff3783c000 	/System/Library/Frameworks/ApplicationServices.framework/Versions/A/Frameworks/HIServices.framework/Versions/A/HIServices
0x00007fff3788f000 	/System/Library/Frameworks/ApplicationServices.framework/Versions/A/Frameworks/LangAnalysis.framework/Versions/A/LangAnalysis
0x00007fff3789e000 	/System/Library/Frameworks/ApplicationServices.framework/Versions/A/Frameworks/PrintCore.framework/Versions/A/PrintCore
0x00007fff378eb000 	/System/Library/Frameworks/ApplicationServices.framework/Versions/A/Frameworks/QD.framework/Versions/A/QD
0x00007fff37927000 	/System/Library/Frameworks/ApplicationServices.framework/Versions/A/Frameworks/SpeechSynthesis.framework/Versions/A/SpeechSynthesis
0x00007fff639af000 	/usr/lib/libcompression.dylib
0x00007fff38f5e000 	/System/Library/Frameworks/CoreDisplay.framework/Versions/A/CoreDisplay
0x00007fff3df50000 	/System/Library/Frameworks/MetalPerformanceShaders.framework/Versions/A/MetalPerformanceShaders
0x00007fff35390000 	/System/Library/Frameworks/Accelerate.framework/Versions/A/Frameworks/vImage.framework/Versions/A/vImage
0x00007fff3640c000 	/System/Library/Frameworks/Accelerate.framework/Versions/A/Frameworks/vecLib.framework/Versions/A/vecLib
0x00007fff36356000 	/System/Library/Frameworks/Accelerate.framework/Versions/A/Frameworks/vecLib.framework/Versions/A/libvMisc.dylib
0x00007fff36171000 	/System/Library/Frameworks/Accelerate.framework/Versions/A/Frameworks/vecLib.framework/Versions/A/libvDSP.dylib
0x00007fff35a31000 	/System/Library/Frameworks/Accelerate.framework/Versions/A/Frameworks/vecLib.framework/Versions/A/libBLAS.dylib
0x00007fff35d1c000 	/System/Library/Frameworks/Accelerate.framework/Versions/A/Frameworks/vecLib.framework/Versions/A/libLAPACK.dylib
0x00007fff360c3000 	/System/Library/Frameworks/Accelerate.framework/Versions/A/Frameworks/vecLib.framework/Versions/A/libLinearAlgebra.dylib
0x00007fff3615d000 	/System/Library/Frameworks/Accelerate.framework/Versions/A/Frameworks/vecLib.framework/Versions/A/libSparseBLAS.dylib
0x00007fff360d9000 	/System/Library/Frameworks/Accelerate.framework/Versions/A/Frameworks/vecLib.framework/Versions/A/libQuadrature.dylib
0x00007fff35ca9000 	/System/Library/Frameworks/Accelerate.framework/Versions/A/Frameworks/vecLib.framework/Versions/A/libBNNS.dylib
0x00007fff360df000 	/System/Library/Frameworks/Accelerate.framework/Versions/A/Frameworks/vecLib.framework/Versions/A/libSparse.dylib
0x00007fff54b6c000 	/System/Library/PrivateFrameworks/GPUWrangler.framework/Versions/A/GPUWrangler
0x00007fff56f98000 	/System/Library/PrivateFrameworks/IOAccelerator.framework/Versions/A/IOAccelerator
0x00007fff56fa3000 	/System/Library/PrivateFrameworks/IOPresentment.framework/Versions/A/IOPresentment
0x00007fff4e44d000 	/System/Library/PrivateFrameworks/DSExternalDisplay.framework/Versions/A/DSExternalDisplay
0x00007fff42603000 	/System/Library/Frameworks/OpenGL.framework/Versions/A/Libraries/libCoreFSCache.dylib
0x00007fff3dd38000 	/System/Library/Frameworks/MetalPerformanceShaders.framework/Frameworks/MPSCore.framework/Versions/A/MPSCore
0x00007fff3dd59000 	/System/Library/Frameworks/MetalPerformanceShaders.framework/Frameworks/MPSImage.framework/Versions/A/MPSImage
0x00007fff3de01000 	/System/Library/Frameworks/MetalPerformanceShaders.framework/Frameworks/MPSNeuralNetwork.framework/Versions/A/MPSNeuralNetwork
0x00007fff3ddd8000 	/System/Library/Frameworks/MetalPerformanceShaders.framework/Frameworks/MPSMatrix.framework/Versions/A/MPSMatrix
0x00007fff3df34000 	/System/Library/Frameworks/MetalPerformanceShaders.framework/Frameworks/MPSRayIntersector.framework/Versions/A/MPSRayIntersector
0x00007fff58598000 	/System/Library/PrivateFrameworks/MetalTools.framework/Versions/A/MetalTools
0x00007fff4903e000 	/System/Library/PrivateFrameworks/AggregateDictionary.framework/Versions/A/AggregateDictionary
0x00007fff63574000 	/usr/lib/libMobileGestalt.dylib
0x00007fff3aeae000 	/System/Library/Frameworks/CoreVideo.framework/Versions/A/CoreVideo
0x00007fff559d7000 	/System/Library/PrivateFrameworks/GraphVisualizer.framework/Versions/A/GraphVisualizer
0x00007fff4f77c000 	/System/Library/PrivateFrameworks/FaceCore.framework/Versions/A/FaceCore
0x00007fff41c1b000 	/System/Library/Frameworks/OpenCL.framework/Versions/A/OpenCL
0x00007fff6335b000 	/usr/lib/libFosl_dynamic.dylib
0x00007fff593f0000 	/System/Library/PrivateFrameworks/OTSVG.framework/Versions/A/OTSVG
0x00007fff37534000 	/System/Library/Frameworks/ApplicationServices.framework/Versions/A/Frameworks/ATS.framework/Versions/A/Resources/libFontParser.dylib
0x00007fff37654000 	/System/Library/Frameworks/ApplicationServices.framework/Versions/A/Frameworks/ATS.framework/Versions/A/Resources/libFontRegistry.dylib
0x00007fff3be41000 	/System/Library/Frameworks/ImageIO.framework/Versions/A/Resources/libJPEG.dylib
0x00007fff3c163000 	/System/Library/Frameworks/ImageIO.framework/Versions/A/Resources/libTIFF.dylib
0x00007fff3c139000 	/System/Library/Frameworks/ImageIO.framework/Versions/A/Resources/libPng.dylib
0x00007fff3bd56000 	/System/Library/Frameworks/ImageIO.framework/Versions/A/Resources/libGIF.dylib
0x00007fff3bd5b000 	/System/Library/Frameworks/ImageIO.framework/Versions/A/Resources/libJP2.dylib
0x00007fff3c160000 	/System/Library/Frameworks/ImageIO.framework/Versions/A/Resources/libRadiance.dylib
0x00007fff49a9c000 	/System/Library/PrivateFrameworks/AppleJPEG.framework/Versions/A/AppleJPEG
0x00007fff4260e000 	/System/Library/Frameworks/OpenGL.framework/Versions/A/Libraries/libGFXShared.dylib
0x00007fff427d1000 	/System/Library/Frameworks/OpenGL.framework/Versions/A/Libraries/libGLU.dylib
0x00007fff42617000 	/System/Library/Frameworks/OpenGL.framework/Versions/A/Libraries/libGL.dylib
0x00007fff42623000 	/System/Library/Frameworks/OpenGL.framework/Versions/A/Libraries/libGLImage.dylib
0x00007fff42600000 	/System/Library/Frameworks/OpenGL.framework/Versions/A/Libraries/libCVMSPluginSupport.dylib
0x00007fff42609000 	/System/Library/Frameworks/OpenGL.framework/Versions/A/Libraries/libCoreVMClient.dylib
0x00007fff64301000 	/usr/lib/libcups.2.dylib
0x00007fff3d24e000 	/System/Library/Frameworks/Kerberos.framework/Versions/A/Kerberos
0x00007fff3b80c000 	/System/Library/Frameworks/GSS.framework/Versions/A/GSS
0x00007fff65a6b000 	/usr/lib/libresolv.9.dylib
0x00007fff644f8000 	/usr/lib/libiconv.2.dylib
0x00007fff55b37000 	/System/Library/PrivateFrameworks/Heimdal.framework/Versions/A/Heimdal
0x00007fff644c7000 	/usr/lib/libheimdal-asn1.dylib
0x00007fff41c91000 	/System/Library/Frameworks/OpenDirectory.framework/Versions/A/OpenDirectory
0x00007fff4c35a000 	/System/Library/PrivateFrameworks/CommonAuth.framework/Versions/A/CommonAuth
0x00007fff41c74000 	/System/Library/Frameworks/OpenDirectory.framework/Versions/A/Frameworks/CFOpenDirectory.framework/Versions/A/CFOpenDirectory
0x00007fff44df6000 	/System/Library/Frameworks/SecurityFoundation.framework/Versions/A/SecurityFoundation
0x00007fff4854f000 	/System/Library/PrivateFrameworks/APFS.framework/Versions/A/APFS
0x00007fff65f3b000 	/usr/lib/libutil.dylib
0x00007fff6399d000 	/usr/lib/libcharset.1.dylib
0x00007fff49d37000 	/System/Library/PrivateFrameworks/AppleSauce.framework/Versions/A/AppleSauce
0x00007fff49ec5000 	/System/Library/PrivateFrameworks/AssertionServices.framework/Versions/A/AssertionServices
0x00007fff4a738000 	/System/Library/PrivateFrameworks/BaseBoard.framework/Versions/A/BaseBoard
0x00007fff648cc000 	/usr/lib/libmecab.1.0.0.dylib
0x00007fff644c1000 	/usr/lib/libgermantok.dylib
0x00007fff63760000 	/usr/lib/libThaiTokenizer.dylib
0x00007fff63287000 	/usr/lib/libChineseTokenizer.dylib
0x00007fff576cd000 	/System/Library/PrivateFrameworks/LanguageModeling.framework/Versions/A/LanguageModeling
0x00007fff4d075000 	/System/Library/PrivateFrameworks/CoreEmoji.framework/Versions/A/CoreEmoji
0x00007fff577c5000 	/System/Library/PrivateFrameworks/Lexicon.framework/Versions/A/Lexicon
0x00007fff5780d000 	/System/Library/PrivateFrameworks/LinguisticData.framework/Versions/A/LinguisticData
0x00007fff6399e000 	/usr/lib/libcmph.dylib
0x00007fff44eb7000 	/System/Library/Frameworks/ServiceManagement.framework/Versions/A/ServiceManagement
0x00007fff4a68b000 	/System/Library/PrivateFrameworks/BackgroundTaskManagement.framework/Versions/A/BackgroundTaskManagement
0x00007fff66035000 	/usr/lib/libxslt.1.dylib
0x00007fff38623000 	/System/Library/Frameworks/Carbon.framework/Versions/A/Frameworks/Ink.framework/Versions/A/Ink
0x00007fff61222000 	/System/Library/PrivateFrameworks/TextureIO.framework/Versions/A/TextureIO
0x00007fff637b5000 	/usr/lib/libate.dylib
0x00007fff4e3a9000 	/System/Library/PrivateFrameworks/CrashReporterSupport.framework/Versions/A/CrashReporterSupport
0x00007fff5e24e000 	/System/Library/PrivateFrameworks/Sharing.framework/Versions/A/Sharing
0x00007fff4a217000 	/System/Library/PrivateFrameworks/AuthKit.framework/Versions/A/AuthKit
0x00007fff4963b000 	/System/Library/PrivateFrameworks/Apple80211.framework/Versions/A/Apple80211
0x00007fff4e169000 	/System/Library/PrivateFrameworks/CoreUtils.framework/Versions/A/CoreUtils
0x00007fff3aeec000 	/System/Library/Frameworks/CoreWLAN.framework/Versions/A/CoreWLAN
0x00007fff3b956000 	/System/Library/Frameworks/IOBluetooth.framework/Versions/A/IOBluetooth
0x00007fff5c57b000 	/System/Library/PrivateFrameworks/ProtocolBuffer.framework/Versions/A/ProtocolBuffer
0x00007fff587d4000 	/System/Library/PrivateFrameworks/MobileKeyBag.framework/Versions/A/MobileKeyBag
0x00007fff4d98c000 	/System/Library/PrivateFrameworks/CorePhoneNumbers.framework/Versions/A/CorePhoneNumbers
0x00007fff49a50000 	/System/Library/PrivateFrameworks/AppleIDAuthSupport.framework/Versions/A/AppleIDAuthSupport
0x00007fff5769f000 	/System/Library/PrivateFrameworks/KeychainCircle.framework/Versions/A/KeychainCircle
0x00007fff5c748000 	/System/Library/PrivateFrameworks/ROCKit.framework/Versions/A/ROCKit
0x00007fff4e345000 	/System/Library/PrivateFrameworks/CoreWiFi.framework/Versions/A/CoreWiFi
0x00007fff38b90000 	/System/Library/Frameworks/CoreBluetooth.framework/Versions/A/CoreBluetooth
0x00007fff4e599000 	/System/Library/PrivateFrameworks/DebugSymbols.framework/Versions/A/DebugSymbols
0x00007fff4df1e000 	/System/Library/PrivateFrameworks/CoreSymbolication.framework/Versions/A/CoreSymbolication
0x00007fff60a0d000 	/System/Library/PrivateFrameworks/Symbolication.framework/Versions/A/Symbolication
0x00007fff5fba0000 	/System/Library/PrivateFrameworks/SpeechRecognitionCore.framework/Versions/A/SpeechRecognitionCore
0x00007fff2ee77000 	/System/Library/CoreServices/Encodings/libSimplifiedChineseConverter.dylib
0x0000000104ba8000 	/Library/Java/JavaVirtualMachines/jdk1.8.0_181.jdk/Contents/Home/jre/lib/server/libjvm.dylib
0x00007fff65dff000 	/usr/lib/libstdc++.6.dylib
0x0000000105b5c000 	/Library/Java/JavaVirtualMachines/jdk1.8.0_181.jdk/Contents/Home/jre/lib/libverify.dylib
0x0000000105b6a000 	/Library/Java/JavaVirtualMachines/jdk1.8.0_181.jdk/Contents/Home/jre/lib/libjava.dylib
0x0000000105ba1000 	/Library/Java/JavaVirtualMachines/jdk1.8.0_181.jdk/Contents/Home/jre/lib/libjdwp.dylib
0x0000000105bec000 	/Library/Java/JavaVirtualMachines/jdk1.8.0_181.jdk/Contents/Home/jre/lib/libnpt.dylib
0x0000000105bf0000 	/Library/Java/JavaVirtualMachines/jdk1.8.0_181.jdk/Contents/Home/jre/lib/libinstrument.dylib
0x0000000105d74000 	/Library/Java/JavaVirtualMachines/jdk1.8.0_181.jdk/Contents/Home/jre/lib/libzip.dylib
0x000000011bec3000 	/Library/Java/JavaVirtualMachines/jdk1.8.0_181.jdk/Contents/Home/jre/lib/libdt_socket.dylib

VM Arguments:
jvm_args: -agentlib:jdwp=transport=dt_socket,address=127.0.0.1:53839,suspend=y,server=n -javaagent:/Users/user/Library/Caches/IntelliJIdea2018.2/captureAgent/debugger-agent.jar=file:/private/var/folders/sm/x86480n17xv0gxd1mmvr2d7w0000gn/T/capture.props -Dfile.encoding=UTF-8 
java_command: SpiralOrder
java_class_path (initial): /Library/Java/JavaVirtualMachines/jdk1.8.0_181.jdk/Contents/Home/jre/lib/charsets.jar:/Library/Java/JavaVirtualMachines/jdk1.8.0_181.jdk/Contents/Home/jre/lib/deploy.jar:/Library/Java/JavaVirtualMachines/jdk1.8.0_181.jdk/Contents/Home/jre/lib/ext/cldrdata.jar:/Library/Java/JavaVirtualMachines/jdk1.8.0_181.jdk/Contents/Home/jre/lib/ext/dnsns.jar:/Library/Java/JavaVirtualMachines/jdk1.8.0_181.jdk/Contents/Home/jre/lib/ext/jaccess.jar:/Library/Java/JavaVirtualMachines/jdk1.8.0_181.jdk/Contents/Home/jre/lib/ext/jfxrt.jar:/Library/Java/JavaVirtualMachines/jdk1.8.0_181.jdk/Contents/Home/jre/lib/ext/localedata.jar:/Library/Java/JavaVirtualMachines/jdk1.8.0_181.jdk/Contents/Home/jre/lib/ext/nashorn.jar:/Library/Java/JavaVirtualMachines/jdk1.8.0_181.jdk/Contents/Home/jre/lib/ext/sunec.jar:/Library/Java/JavaVirtualMachines/jdk1.8.0_181.jdk/Contents/Home/jre/lib/ext/sunjce_provider.jar:/Library/Java/JavaVirtualMachines/jdk1.8.0_181.jdk/Contents/Home/jre/lib/ext/sunpkcs11.jar:/Library/Java/JavaVirtualMachines/jdk1.8.0_181.jdk/Contents/Home/jre/lib/ext/zipfs.jar:/Library/Java/JavaVirtualMachines/jdk1.8.0_181.jdk/Contents/Home/jre/lib/javaws.jar:/Library/Java/JavaVirtualMachines/jdk1.8.0_181.jdk/Contents/Home/jre/lib/jce.jar:/Library/Java/JavaVirtualMachines/jdk1.8.0_181.jdk/Contents/Home/jre/lib/jfr.jar:/Library/Java/JavaVirtualMachines/jdk1.8.0_181.jdk/Contents/Home/jre/lib/jfxswt.jar:/Library/Java/JavaVirtualMachines/jdk1.8.0_181.jdk/Contents/Home/jre/lib/jsse.jar:/Library/Java/JavaVirtualMachines/jdk1.8.0_181.jdk/Contents/Home/jre/lib/management-agent.jar:/Library/Java/JavaVirtualMachines/jdk1.8.0_181.jdk/Contents/Home/jre/lib/plugin.jar:/Library/Java/JavaVirtualMachines/jdk1.8.0_181.jdk/Contents/Home/jre/lib/resources.jar:/Library/Java/JavaVirtualMachines/jdk1.8.0_181.jdk/Contents/Home/jre/lib/rt.jar:/Library/Java/JavaVirtualMachines/jdk1.8.0_181.jdk/Contents/Home/lib/ant-javafx.jar:/Library/Java/JavaVirtualMachines/jdk1.8.0_181.jdk/Contents/Home
Launcher Type: SUN_STANDARD

Environment Variables:
PATH=/Users/user/apache-maven-3.6.1/bin:/Users/user/.jenv/shims:/Users/user/.jenv/bin:/Users/user/.jenv/shims:/Users/user/.jenv/bin:/Users/user/Downloads/apache-maven-3.5.4/bin:/Users/user/mycat/mycat/bin:/Users/user/.composer/vendor/bin:/Users/user/coding-standard-master-f55717e066d79a13f74648c20ce7396a942355d6/coding-standard/bin:/usr/local/opt/php@7.1/sbin:/usr/local/opt/php@7.1/bin:/usr/local/bin:/usr/bin:/bin:/usr/sbin:/sbin:/usr/local/go/bin:/Users/user/go/bin
SHELL=/bin/zsh

Signal Handlers:
SIGSEGV: [libjvm.dylib+0x5b6029], sa_mask[0]=11111111011111110111111111111111, sa_flags=SA_ONSTACK|SA_RESTART|SA_SIGINFO
SIGBUS: [libjvm.dylib+0x5b6029], sa_mask[0]=11111111011111110111111111111111, sa_flags=SA_RESTART|SA_SIGINFO
SIGFPE: [libjvm.dylib+0x48b934], sa_mask[0]=11111111011111110111111111111111, sa_flags=SA_RESTART|SA_SIGINFO
SIGPIPE: [libjvm.dylib+0x48b934], sa_mask[0]=11111111011111110111111111111111, sa_flags=SA_RESTART|SA_SIGINFO
SIGXFSZ: [libjvm.dylib+0x48b934], sa_mask[0]=11111111011111110111111111111111, sa_flags=SA_RESTART|SA_SIGINFO
SIGILL: [libjvm.dylib+0x48b934], sa_mask[0]=11111111011111110111111111111111, sa_flags=SA_RESTART|SA_SIGINFO
SIGUSR1: SIG_DFL, sa_mask[0]=00000000000000000000000000000000, sa_flags=none
SIGUSR2: [libjvm.dylib+0x48b452], sa_mask[0]=00100000000000000000000000000000, sa_flags=SA_RESTART|SA_SIGINFO
SIGHUP: [libjvm.dylib+0x489a1d], sa_mask[0]=11111111011111110111111111111111, sa_flags=SA_RESTART|SA_SIGINFO
SIGINT: [libjvm.dylib+0x489a1d], sa_mask[0]=11111111011111110111111111111111, sa_flags=SA_RESTART|SA_SIGINFO
SIGTERM: [libjvm.dylib+0x489a1d], sa_mask[0]=11111111011111110111111111111111, sa_flags=SA_RESTART|SA_SIGINFO
SIGQUIT: [libjvm.dylib+0x489a1d], sa_mask[0]=11111111011111110111111111111111, sa_flags=SA_RESTART|SA_SIGINFO


---------------  S Y S T E M  ---------------

OS:Bsduname:Darwin 18.2.0 Darwin Kernel Version 18.2.0: Fri Oct  5 19:41:49 PDT 2018; root:xnu-4903.221.2~2/RELEASE_X86_64 x86_64
rlimit: STACK 8192k, CORE 0k, NPROC 709, NOFILE 10240, AS infinity
load average:3.85 4.14 3.80

CPU:total 4 (initial active 4) (2 cores per cpu, 2 threads per core) family 6 model 69 stepping 1, cmov, cx8, fxsr, mmx, sse, sse2, sse3, ssse3, sse4.1, sse4.2, popcnt, avx, avx2, aes, clmul, erms, lzcnt, ht, tsc, tscinvbit, bmi1, bmi2

Memory: 4k page, physical 8388608k(156544k free)

/proc/meminfo:


vm_info: Java HotSpot(TM) 64-Bit Server VM (25.181-b13) for bsd-amd64 JRE (1.8.0_181-b13), built on Jul  7 2018 01:02:31 by "java_re" with gcc 4.2.1 (Based on Apple Inc. build 5658) (LLVM build 2336.11.00)

time: Mon Apr 13 18:06:41 2020
elapsed time: 186 seconds (0d 0h 3m 6s)

