#
# A fatal error has been detected by the Java Runtime Environment:
#
#  SIGBUS (0xa) at pc=0x0000000101e54701, pid=2516, tid=0x0000000000005203
#
# JRE version: Java(TM) SE Runtime Environment (8.0_181-b13) (build 1.8.0_181-b13)
# Java VM: Java HotSpot(TM) 64-Bit Server VM (25.181-b13 mixed mode bsd-amd64 compressed oops)
# Problematic frame:
# V  [libjvm.dylib+0x454701]  BytecodeStream::next()+0x65
#
# Failed to write core dump. Core dumps have been disabled. To enable core dumping, try "ulimit -c unlimited" before starting Java again
#
# If you would like to submit a bug report, please visit:
#   http://bugreport.java.com/bugreport/crash.jsp
#

---------------  T H R E A D  ---------------

Current thread (0x00007f8afd000800):  VMThread [stack: 0x0000700005aba000,0x0000700005bba000] [id=20995]

siginfo: si_signo: 10 (SIGBUS), si_code: 2 (BUS_ADRERR), si_addr: 0x00000001062e5030

Registers:
RAX=0x00000001022e4c30, RBX=0x0000700005bb9838, RCX=0x0000000000000003, RDX=0x00007f8afbe06620
RSP=0x0000700005bb97b0, RBP=0x0000700005bb97d0, RSI=0x0000000000000002, RDI=0x00007f8afbe06600
R8 =0x0000000000000000, R9 =0x0000000000010001, R10=0x0000000000000001, R11=0x00007f8afbd0ed10
R12=0x0000000116e23b9c, R13=0x0000000000000000, R14=0x00000000000000ff, R15=0x0000000004000400
RIP=0x0000000101e54701, EFLAGS=0x0000000000010206, ERR=0x0000000000000004
  TRAPNO=0x000000000000000e

Top of Stack: (sp=0x0000700005bb97b0)
0x0000700005bb97b0:   0000700005bb9808 0000000116e23bb8
0x0000700005bb97c0:   0000700005bb9838 00000000000000b6
0x0000700005bb97d0:   0000700005bb98b0 0000000101e55bbf
0x0000700005bb97e0:   000000010371f5d0 000000011600ffff
0x0000700005bb97f0:   000000010371f5e0 000000010371f5e0
0x0000700005bb9800:   000000010371f940 000000010371f5e0
0x0000700005bb9810:   0000000116e24f38 00007f8afd000800
0x0000700005bb9820:   0000001400000011 000000b600000015
0x0000700005bb9830:   000000b605bb0000 0000000101b9e342
0x0000700005bb9840:   0000000116e23bb8 00007f8afd000800
0x0000700005bb9850:   0000001400000014 000000b600000015
0x0000700005bb9860:   000000b6c0060000 0000000116e23bb8
0x0000700005bb9870:   00007f8afd000800 0000000116e24f38
0x0000700005bb9880:   00007f8afd000800 0000000116e24f38
0x0000700005bb9890:   0000000116e23bb8 0000000000000000
0x0000700005bb98a0:   0000000000000001 0000000000000002
0x0000700005bb98b0:   0000700005bb9970 0000000101da006f
0x0000700005bb98c0:   0000fffe00000000 000000010000ffff
0x0000700005bb98d0:   0000000000000000 0000000000000000
0x0000700005bb98e0:   00000007c0061aa0 0000700005fc5980
0x0000700005bb98f0:   0000700005bb9930 0000000101f81227
0x0000700005bb9900:   8206f65e07df00a8 0000000000000000
0x0000700005bb9910:   00000007c0061aa0 0000700005fc5980
0x0000700005bb9920:   0000000000000002 0000700005bb9940
0x0000700005bb9930:   0000700005bb9970 0000000101da0432
0x0000700005bb9940:   0000000116e25180 00000007c0062fe8
0x0000700005bb9950:   0000000000000000 0000000000000000
0x0000700005bb9960:   00000007c0061aa0 0000700005fc5980
0x0000700005bb9970:   0000700005bb9aa0 0000000101da0589
0x0000700005bb9980:   0000000101e4790a 00000007957fab10
0x0000700005bb9990:   00007f8afd000800 0000700005fc5980
0x0000700005bb99a0:   0000000000000000 000000010371f5d8 

Instructions: (pc=0x0000000101e54701)
0x0000000101e546e1:   e4 c8 ff eb 03 44 89 f0 41 89 c6 4d 63 fe 48 8d
0x0000000101e546f1:   05 2a 12 49 00 4e 63 3c b8 48 8d 05 2f 05 49 00
0x0000000101e54701:   42 0f b6 04 38 83 e0 0f 75 0c 48 8b 7b 08 4c 89
0x0000000101e54711:   e6 e8 43 16 00 00 85 c0 7e 9a 8b 4b 18 8b 53 20 

Register to memory mapping:

RAX=0x00000001022e4c30: _ZN9Bytecodes8_lengthsE+0 in /Library/Java/JavaVirtualMachines/jdk1.8.0_181.jdk/Contents/Home/jre/lib/server/libjvm.dylib at 0x0000000101a00000
RBX=0x0000700005bb9838 is an unknown value
RCX=0x0000000000000003 is an unknown value
RDX=0x00007f8afbe06620 is an unknown value
RSP=0x0000700005bb97b0 is an unknown value
RBP=0x0000700005bb97d0 is an unknown value
RSI=0x0000000000000002 is an unknown value
RDI=0x00007f8afbe06600 is an unknown value
R8 =0x0000000000000000 is an unknown value
R9 =0x0000000000010001 is an unknown value
R10=0x0000000000000001 is an unknown value
R11=0x00007f8afbd0ed10 is an unknown value
R12=0x0000000116e23b9c is pointing into metadata
R13=0x0000000000000000 is an unknown value
R14=0x00000000000000ff is an unknown value
R15=0x0000000004000400 is an unknown value


Stack: [0x0000700005aba000,0x0000700005bba000],  sp=0x0000700005bb97b0,  free space=1021k
Native frames: (J=compiled Java code, j=interpreted, Vv=VM code, C=native code)
V  [libjvm.dylib+0x454701]  BytecodeStream::next()+0x65
V  [libjvm.dylib+0x455bbf]  MethodComparator::methods_EMCP(Method*, Method*)+0x25d
V  [libjvm.dylib+0x3a006f]  VM_RedefineClasses::check_methods_and_mark_as_obsolete()+0xa7
V  [libjvm.dylib+0x3a0589]  VM_RedefineClasses::redefine_single_class(_jclass*, Klass*, Thread*)+0x12b
V  [libjvm.dylib+0x39e8b8]  VM_RedefineClasses::doit()+0x110
V  [libjvm.dylib+0x5bd499]  VM_Operation::evaluate()+0x4f
V  [libjvm.dylib+0x5bba31]  VMThread::evaluate_operation(VM_Operation*)+0xdf
V  [libjvm.dylib+0x5bbe7e]  VMThread::loop()+0x328
V  [libjvm.dylib+0x5bb79d]  VMThread::run()+0x79
V  [libjvm.dylib+0x48e342]  java_start(Thread*)+0xf6
C  [libsystem_pthread.dylib+0x3339]  _pthread_body+0x7e
C  [libsystem_pthread.dylib+0x62a7]  _pthread_start+0x46
C  [libsystem_pthread.dylib+0x2445]  thread_start+0xd

VM_Operation (0x0000700005fc5980): RedefineClasses, mode: safepoint, requested by thread 0x00007f8afc016000, redefining class RemoveKdigits



---------------  P R O C E S S  ---------------

Java Threads: ( => current thread )
  0x00007f8afd09d800 JavaThread "Service Thread" daemon [_thread_blocked, id=17667, stack(0x00007000064d8000,0x00007000065d8000)]
  0x00007f8afd83a800 JavaThread "C1 CompilerThread2" daemon [_thread_blocked, id=18179, stack(0x00007000063d5000,0x00007000064d5000)]
  0x00007f8afd83a000 JavaThread "C2 CompilerThread1" daemon [_thread_blocked, id=15619, stack(0x00007000062d2000,0x00007000063d2000)]
  0x00007f8afc85b000 JavaThread "C2 CompilerThread0" daemon [_thread_blocked, id=18691, stack(0x00007000061cf000,0x00007000062cf000)]
  0x00007f8afd016800 JavaThread "JDWP Command Reader" daemon [_thread_in_native, id=19203, stack(0x00007000060cc000,0x00007000061cc000)]
  0x00007f8afd016000 JavaThread "JDWP Event Helper Thread" daemon [_thread_blocked, id=14851, stack(0x0000700005fc9000,0x00007000060c9000)]
  0x00007f8afc016000 JavaThread "JDWP Transport Listener: dt_socket" daemon [_thread_blocked, id=19719, stack(0x0000700005ec6000,0x0000700005fc6000)]
  0x00007f8afd816000 JavaThread "Signal Dispatcher" daemon [_thread_blocked, id=14339, stack(0x0000700005dc3000,0x0000700005ec3000)]
  0x00007f8afc015800 JavaThread "Finalizer" daemon [_thread_blocked, id=12291, stack(0x0000700005cc0000,0x0000700005dc0000)]
  0x00007f8afc014800 JavaThread "Reference Handler" daemon [_thread_blocked, id=11779, stack(0x0000700005bbd000,0x0000700005cbd000)]
  0x00007f8afc006000 JavaThread "main" [_thread_blocked, id=6147, stack(0x00007000055ab000,0x00007000056ab000)]

Other Threads:
=>0x00007f8afd000800 VMThread [stack: 0x0000700005aba000,0x0000700005bba000] [id=20995]
  0x00007f8afd09e800 WatcherThread [stack: 0x00007000065db000,0x00007000066db000] [id=16131]

VM state:at safepoint (normal execution)

VM Mutex/Monitor currently owned by a thread:  ([mutex/lock_event])
[0x00007f8afbd04aa0] Threads_lock - owner thread: 0x00007f8afd000800

Heap:
 PSYoungGen      total 38400K, used 2671K [0x0000000795580000, 0x0000000798000000, 0x00000007c0000000)
  eden space 33280K, 8% used [0x0000000795580000,0x000000079581be20,0x0000000797600000)
  from space 5120K, 0% used [0x0000000797b00000,0x0000000797b00000,0x0000000798000000)
  to   space 5120K, 0% used [0x0000000797600000,0x0000000797600000,0x0000000797b00000)
 ParOldGen       total 87552K, used 0K [0x0000000740000000, 0x0000000745580000, 0x0000000795580000)
  object space 87552K, 0% used [0x0000000740000000,0x0000000740000000,0x0000000745580000)
 Metaspace       used 3198K, capacity 4664K, committed 4864K, reserved 1056768K
  class space    used 343K, capacity 424K, committed 512K, reserved 1048576K

Card table byte_map: [0x0000000102e41000,0x0000000103242000] byte_map_base: 0x00000000ff441000

Marking Bits: (ParMarkBitMap*) 0x00000001022f9cd0
 Begin Bits: [0x000000011260b000, 0x000000011460b000)
 End Bits:   [0x000000011460b000, 0x000000011660b000)

Polling page: 0x00000001011d1000

CodeCache: size=245760Kb used=1106Kb max_used=1106Kb free=244653Kb
 bounds [0x000000010360b000, 0x000000010387b000, 0x000000011260b000]
 total_blobs=260 nmethods=26 adapters=157
 compilation: enabled

Compilation events (10 events):
Event: 0.604 Thread 0x00007f8afd83a800   23       3       java.lang.Math::min (11 bytes)
Event: 0.604 Thread 0x00007f8afd83a800 nmethod 23 0x000000010371b690 code [0x000000010371b800, 0x000000010371b990]
Event: 0.604 Thread 0x00007f8afd83a800   20       3       java.lang.String::startsWith (7 bytes)
Event: 0.604 Thread 0x00007f8afd83a800 nmethod 20 0x000000010371e310 code [0x000000010371e480, 0x000000010371e6a8]
Event: 0.604 Thread 0x00007f8afd83a800   22       3       java.lang.String::<init> (82 bytes)
Event: 0.604 Thread 0x00007f8afd83a800 nmethod 22 0x000000010371e750 code [0x000000010371e940, 0x000000010371ee78]
Event: 0.604 Thread 0x00007f8afd83a800   25       1       java.net.URL::getQuery (5 bytes)
Event: 0.604 Thread 0x00007f8afd83a800 nmethod 25 0x000000010371f190 code [0x000000010371f2e0, 0x000000010371f3f0]
Event: 142.880 Thread 0x00007f8afd83a800   26       3       java.util.HashMap::get (23 bytes)
Event: 142.882 Thread 0x00007f8afd83a800 nmethod 26 0x000000010371f450 code [0x000000010371f5e0, 0x000000010371f9f8]

GC Heap History (0 events):
No events

Deoptimization events (0 events):
No events

Classes redefined (9 events):
Event: 64.558 Thread 0x00007f8afd000800 redefined class name=RemoveKdigits, count=1
Event: 142.881 Thread 0x00007f8afd000800 redefined class name=RemoveKdigits, count=2
Event: 238.121 Thread 0x00007f8afd000800 redefined class name=RemoveKdigits, count=3
Event: 406.286 Thread 0x00007f8afd000800 redefined class name=RemoveKdigits, count=4
Event: 460.155 Thread 0x00007f8afd000800 redefined class name=RemoveKdigits, count=5
Event: 480.216 Thread 0x00007f8afd000800 redefined class name=RemoveKdigits, count=6
Event: 587.766 Thread 0x00007f8afd000800 redefined class name=RemoveKdigits, count=7
Event: 626.683 Thread 0x00007f8afd000800 redefined class name=RemoveKdigits, count=8
Event: 726.581 Thread 0x00007f8afd000800 redefined class name=RemoveKdigits, count=9

Internal exceptions (2 events):
Event: 0.054 Thread 0x00007f8afc006000 Exception <a 'java/lang/NoSuchMethodError': Method sun.misc.Unsafe.defineClass(Ljava/lang/String;[BII)Ljava/lang/Class; name or signature does not match> (0x0000000795587cb0) thrown at [/Users/java_re/workspace/8-2-build-macosx-x86_64/jdk8u181/11358/hotsp
Event: 0.054 Thread 0x00007f8afc006000 Exception <a 'java/lang/NoSuchMethodError': Method sun.misc.Unsafe.prefetchRead(Ljava/lang/Object;J)V name or signature does not match> (0x0000000795587f98) thrown at [/Users/java_re/workspace/8-2-build-macosx-x86_64/jdk8u181/11358/hotspot/src/share/vm/pr

Events (10 events):
Event: 795.338 Executing VM operation: ChangeBreakpoints done
Event: 795.338 Executing VM operation: ChangeBreakpoints
Event: 795.338 Executing VM operation: ChangeBreakpoints done
Event: 795.339 Executing VM operation: ChangeBreakpoints
Event: 795.339 Executing VM operation: ChangeBreakpoints done
Event: 795.339 Executing VM operation: ChangeBreakpoints
Event: 795.339 Executing VM operation: ChangeBreakpoints done
Event: 795.340 Executing VM operation: ChangeBreakpoints
Event: 795.340 Executing VM operation: ChangeBreakpoints done
Event: 795.342 Executing VM operation: RedefineClasses


Dynamic libraries:
0x00007fff38676000 	/System/Library/Frameworks/Cocoa.framework/Versions/A/Cocoa
0x00007fff44920000 	/System/Library/Frameworks/Security.framework/Versions/A/Security
0x00007fff37280000 	/System/Library/Frameworks/ApplicationServices.framework/Versions/A/ApplicationServices
0x00007fff65eaf000 	/usr/lib/libz.1.dylib
0x00007fff63526000 	/usr/lib/libSystem.B.dylib
0x00007fff64fcc000 	/usr/lib/libobjc.A.dylib
0x00007fff38e99000 	/System/Library/Frameworks/CoreFoundation.framework/Versions/A/CoreFoundation
0x00007fff3b21e000 	/System/Library/Frameworks/Foundation.framework/Versions/C/Foundation
0x00007fff3640e000 	/System/Library/Frameworks/AppKit.framework/Versions/C/AppKit
0x00007fff38a0d000 	/System/Library/Frameworks/CoreData.framework/Versions/A/CoreData
0x00007fff5c70c000 	/System/Library/PrivateFrameworks/RemoteViewServices.framework/Versions/A/RemoteViewServices
0x00007fff611fb000 	/System/Library/PrivateFrameworks/UIFoundation.framework/Versions/A/UIFoundation
0x00007fff629ad000 	/System/Library/PrivateFrameworks/XCTTargetBootstrap.framework/Versions/A/XCTTargetBootstrap
0x00007fff57222000 	/System/Library/PrivateFrameworks/IconServices.framework/Versions/A/IconServices
0x00007fff3dad9000 	/System/Library/Frameworks/Metal.framework/Versions/A/Metal
0x00007fff4e42c000 	/System/Library/PrivateFrameworks/DesktopServicesPriv.framework/Versions/A/DesktopServicesPriv
0x00007fff642e0000 	/usr/lib/libenergytrace.dylib
0x00007fff5ef70000 	/System/Library/PrivateFrameworks/SkyLight.framework/Versions/A/SkyLight
0x00007fff392e8000 	/System/Library/Frameworks/CoreGraphics.framework/Versions/A/CoreGraphics
0x00007fff351c9000 	/System/Library/Frameworks/Accelerate.framework/Versions/A/Accelerate
0x00007fff3b9a7000 	/System/Library/Frameworks/IOSurface.framework/Versions/A/IOSurface
0x00007fff4e28e000 	/System/Library/PrivateFrameworks/DFRFoundation.framework/Versions/A/DFRFoundation
0x00007fff37785000 	/System/Library/Frameworks/AudioToolbox.framework/Versions/A/AudioToolbox
0x00007fff37a23000 	/System/Library/Frameworks/AudioUnit.framework/Versions/A/AudioUnit
0x00007fff4e325000 	/System/Library/PrivateFrameworks/DataDetectorsCore.framework/Versions/A/DataDetectorsCore
0x00007fff38162000 	/System/Library/Frameworks/Carbon.framework/Versions/A/Frameworks/HIToolbox.framework/Versions/A/HIToolbox
0x00007fff6443b000 	/usr/lib/libicucore.A.dylib
0x00007fff43e7a000 	/System/Library/Frameworks/QuartzCore.framework/Versions/A/QuartzCore
0x00007fff38549000 	/System/Library/Frameworks/Carbon.framework/Versions/A/Frameworks/SpeechRecognition.framework/Versions/A/SpeechRecognition
0x00007fff63689000 	/usr/lib/libauto.dylib
0x00007fff65da2000 	/usr/lib/libxml2.2.dylib
0x00007fff4de8d000 	/System/Library/PrivateFrameworks/CoreUI.framework/Versions/A/CoreUI
0x00007fff388eb000 	/System/Library/Frameworks/CoreAudio.framework/Versions/A/CoreAudio
0x00007fff3b050000 	/System/Library/Frameworks/DiskArbitration.framework/Versions/A/DiskArbitration
0x00007fff646eb000 	/usr/lib/liblangid.dylib
0x00007fff586ce000 	/System/Library/PrivateFrameworks/MultitouchSupport.framework/Versions/A/MultitouchSupport
0x00007fff3b913000 	/System/Library/Frameworks/IOKit.framework/Versions/A/IOKit
0x00007fff63174000 	/usr/lib/libDiagnosticMessagesClient.dylib
0x00007fff3a156000 	/System/Library/Frameworks/CoreServices.framework/Versions/A/CoreServices
0x00007fff5a3fd000 	/System/Library/PrivateFrameworks/PerformanceAnalysis.framework/Versions/A/PerformanceAnalysis
0x00007fff4300f000 	/System/Library/Frameworks/OpenGL.framework/Versions/A/OpenGL
0x00007fff38684000 	/System/Library/Frameworks/ColorSync.framework/Versions/A/ColorSync
0x00007fff39977000 	/System/Library/Frameworks/CoreImage.framework/Versions/A/CoreImage
0x00007fff3ab99000 	/System/Library/Frameworks/CoreText.framework/Versions/A/CoreText
0x00007fff3ba08000 	/System/Library/Frameworks/ImageIO.framework/Versions/A/ImageIO
0x00007fff4a4e6000 	/System/Library/PrivateFrameworks/Backup.framework/Versions/A/Backup
0x00007fff635dc000 	/usr/lib/libarchive.2.dylib
0x00007fff37d87000 	/System/Library/Frameworks/CFNetwork.framework/Versions/A/CFNetwork
0x00007fff450c9000 	/System/Library/Frameworks/SystemConfiguration.framework/Versions/A/SystemConfiguration
0x00007fff6309d000 	/usr/lib/libCRFSuite.dylib
0x00007fff63780000 	/usr/lib/libc++.1.dylib
0x00007fff637d8000 	/usr/lib/libc++abi.dylib
0x00007fff65f32000 	/usr/lib/system/libcache.dylib
0x00007fff65f37000 	/usr/lib/system/libcommonCrypto.dylib
0x00007fff65f42000 	/usr/lib/system/libcompiler_rt.dylib
0x00007fff65f4a000 	/usr/lib/system/libcopyfile.dylib
0x00007fff65f54000 	/usr/lib/system/libcorecrypto.dylib
0x00007fff6605f000 	/usr/lib/system/libdispatch.dylib
0x00007fff6609a000 	/usr/lib/system/libdyld.dylib
0x00007fff660ca000 	/usr/lib/system/libkeymgr.dylib
0x00007fff660d8000 	/usr/lib/system/liblaunch.dylib
0x00007fff660d9000 	/usr/lib/system/libmacho.dylib
0x00007fff660df000 	/usr/lib/system/libquarantine.dylib
0x00007fff660e2000 	/usr/lib/system/libremovefile.dylib
0x00007fff660e4000 	/usr/lib/system/libsystem_asl.dylib
0x00007fff660fc000 	/usr/lib/system/libsystem_blocks.dylib
0x00007fff660fd000 	/usr/lib/system/libsystem_c.dylib
0x00007fff66186000 	/usr/lib/system/libsystem_configuration.dylib
0x00007fff6618a000 	/usr/lib/system/libsystem_coreservices.dylib
0x00007fff6618e000 	/usr/lib/system/libsystem_darwin.dylib
0x00007fff66195000 	/usr/lib/system/libsystem_dnssd.dylib
0x00007fff6619c000 	/usr/lib/system/libsystem_info.dylib
0x00007fff66211000 	/usr/lib/system/libsystem_m.dylib
0x00007fff6625d000 	/usr/lib/system/libsystem_malloc.dylib
0x00007fff66282000 	/usr/lib/system/libsystem_networkextension.dylib
0x00007fff6628e000 	/usr/lib/system/libsystem_notify.dylib
0x00007fff662ab000 	/usr/lib/system/libsystem_sandbox.dylib
0x00007fff662af000 	/usr/lib/system/libsystem_secinit.dylib
0x00007fff661e9000 	/usr/lib/system/libsystem_kernel.dylib
0x00007fff66296000 	/usr/lib/system/libsystem_platform.dylib
0x00007fff662a0000 	/usr/lib/system/libsystem_pthread.dylib
0x00007fff662b2000 	/usr/lib/system/libsystem_symptoms.dylib
0x00007fff662ba000 	/usr/lib/system/libsystem_trace.dylib
0x00007fff662d1000 	/usr/lib/system/libunwind.dylib
0x00007fff662d7000 	/usr/lib/system/libxpc.dylib
0x00007fff63760000 	/usr/lib/libbsm.0.dylib
0x00007fff660cb000 	/usr/lib/system/libkxld.dylib
0x00007fff49794000 	/System/Library/PrivateFrameworks/AppleFSCompression.framework/Versions/A/AppleFSCompression
0x00007fff633e5000 	/usr/lib/libOpenScriptingUtil.dylib
0x00007fff63ac3000 	/usr/lib/libcoretls.dylib
0x00007fff63ada000 	/usr/lib/libcoretls_cfhelpers.dylib
0x00007fff65765000 	/usr/lib/libpam.2.dylib
0x00007fff65928000 	/usr/lib/libsqlite3.dylib
0x00007fff65d90000 	/usr/lib/libxar.1.dylib
0x00007fff63771000 	/usr/lib/libbz2.1.0.dylib
0x00007fff646ed000 	/usr/lib/liblzma.5.dylib
0x00007fff64be3000 	/usr/lib/libnetwork.dylib
0x00007fff635c5000 	/usr/lib/libapple_nghttp2.dylib
0x00007fff6576c000 	/usr/lib/libpcap.A.dylib
0x00007fff3a4fa000 	/System/Library/Frameworks/CoreServices.framework/Versions/A/Frameworks/FSEvents.framework/Versions/A/FSEvents
0x00007fff3a1d6000 	/System/Library/Frameworks/CoreServices.framework/Versions/A/Frameworks/CarbonCore.framework/Versions/A/CarbonCore
0x00007fff3a6cf000 	/System/Library/Frameworks/CoreServices.framework/Versions/A/Frameworks/Metadata.framework/Versions/A/Metadata
0x00007fff3a772000 	/System/Library/Frameworks/CoreServices.framework/Versions/A/Frameworks/OSServices.framework/Versions/A/OSServices
0x00007fff3a7be000 	/System/Library/Frameworks/CoreServices.framework/Versions/A/Frameworks/SearchKit.framework/Versions/A/SearchKit
0x00007fff3a157000 	/System/Library/Frameworks/CoreServices.framework/Versions/A/Frameworks/AE.framework/Versions/A/AE
0x00007fff3a503000 	/System/Library/Frameworks/CoreServices.framework/Versions/A/Frameworks/LaunchServices.framework/Versions/A/LaunchServices
0x00007fff3a4af000 	/System/Library/Frameworks/CoreServices.framework/Versions/A/Frameworks/DictionaryServices.framework/Versions/A/DictionaryServices
0x00007fff3a82d000 	/System/Library/Frameworks/CoreServices.framework/Versions/A/Frameworks/SharedFileList.framework/Versions/A/SharedFileList
0x00007fff3efa0000 	/System/Library/Frameworks/NetFS.framework/Versions/A/NetFS
0x00007fff5896b000 	/System/Library/PrivateFrameworks/NetAuth.framework/Versions/A/NetAuth
0x00007fff62de1000 	/System/Library/PrivateFrameworks/login.framework/Versions/A/Frameworks/loginsupport.framework/Versions/A/loginsupport
0x00007fff60df4000 	/System/Library/PrivateFrameworks/TCC.framework/Versions/A/TCC
0x00007fff4d4b0000 	/System/Library/PrivateFrameworks/CoreNLP.framework/Versions/A/CoreNLP
0x00007fff583c0000 	/System/Library/PrivateFrameworks/MetadataUtilities.framework/Versions/A/MetadataUtilities
0x00007fff647ce000 	/usr/lib/libmecabra.dylib
0x00007fff37281000 	/System/Library/Frameworks/ApplicationServices.framework/Versions/A/Frameworks/ATS.framework/Versions/A/ATS
0x00007fff375ec000 	/System/Library/Frameworks/ApplicationServices.framework/Versions/A/Frameworks/ColorSyncLegacy.framework/Versions/A/ColorSyncLegacy
0x00007fff3768d000 	/System/Library/Frameworks/ApplicationServices.framework/Versions/A/Frameworks/HIServices.framework/Versions/A/HIServices
0x00007fff376e0000 	/System/Library/Frameworks/ApplicationServices.framework/Versions/A/Frameworks/LangAnalysis.framework/Versions/A/LangAnalysis
0x00007fff376ef000 	/System/Library/Frameworks/ApplicationServices.framework/Versions/A/Frameworks/PrintCore.framework/Versions/A/PrintCore
0x00007fff3773c000 	/System/Library/Frameworks/ApplicationServices.framework/Versions/A/Frameworks/QD.framework/Versions/A/QD
0x00007fff37778000 	/System/Library/Frameworks/ApplicationServices.framework/Versions/A/Frameworks/SpeechSynthesis.framework/Versions/A/SpeechSynthesis
0x00007fff63800000 	/usr/lib/libcompression.dylib
0x00007fff38daf000 	/System/Library/Frameworks/CoreDisplay.framework/Versions/A/CoreDisplay
0x00007fff3dda1000 	/System/Library/Frameworks/MetalPerformanceShaders.framework/Versions/A/MetalPerformanceShaders
0x00007fff351e1000 	/System/Library/Frameworks/Accelerate.framework/Versions/A/Frameworks/vImage.framework/Versions/A/vImage
0x00007fff3625d000 	/System/Library/Frameworks/Accelerate.framework/Versions/A/Frameworks/vecLib.framework/Versions/A/vecLib
0x00007fff361a7000 	/System/Library/Frameworks/Accelerate.framework/Versions/A/Frameworks/vecLib.framework/Versions/A/libvMisc.dylib
0x00007fff35fc2000 	/System/Library/Frameworks/Accelerate.framework/Versions/A/Frameworks/vecLib.framework/Versions/A/libvDSP.dylib
0x00007fff35882000 	/System/Library/Frameworks/Accelerate.framework/Versions/A/Frameworks/vecLib.framework/Versions/A/libBLAS.dylib
0x00007fff35b6d000 	/System/Library/Frameworks/Accelerate.framework/Versions/A/Frameworks/vecLib.framework/Versions/A/libLAPACK.dylib
0x00007fff35f14000 	/System/Library/Frameworks/Accelerate.framework/Versions/A/Frameworks/vecLib.framework/Versions/A/libLinearAlgebra.dylib
0x00007fff35fae000 	/System/Library/Frameworks/Accelerate.framework/Versions/A/Frameworks/vecLib.framework/Versions/A/libSparseBLAS.dylib
0x00007fff35f2a000 	/System/Library/Frameworks/Accelerate.framework/Versions/A/Frameworks/vecLib.framework/Versions/A/libQuadrature.dylib
0x00007fff35afa000 	/System/Library/Frameworks/Accelerate.framework/Versions/A/Frameworks/vecLib.framework/Versions/A/libBNNS.dylib
0x00007fff35f30000 	/System/Library/Frameworks/Accelerate.framework/Versions/A/Frameworks/vecLib.framework/Versions/A/libSparse.dylib
0x00007fff549bd000 	/System/Library/PrivateFrameworks/GPUWrangler.framework/Versions/A/GPUWrangler
0x00007fff56de9000 	/System/Library/PrivateFrameworks/IOAccelerator.framework/Versions/A/IOAccelerator
0x00007fff56df4000 	/System/Library/PrivateFrameworks/IOPresentment.framework/Versions/A/IOPresentment
0x00007fff4e29e000 	/System/Library/PrivateFrameworks/DSExternalDisplay.framework/Versions/A/DSExternalDisplay
0x00007fff42454000 	/System/Library/Frameworks/OpenGL.framework/Versions/A/Libraries/libCoreFSCache.dylib
0x00007fff3db89000 	/System/Library/Frameworks/MetalPerformanceShaders.framework/Frameworks/MPSCore.framework/Versions/A/MPSCore
0x00007fff3dbaa000 	/System/Library/Frameworks/MetalPerformanceShaders.framework/Frameworks/MPSImage.framework/Versions/A/MPSImage
0x00007fff3dc52000 	/System/Library/Frameworks/MetalPerformanceShaders.framework/Frameworks/MPSNeuralNetwork.framework/Versions/A/MPSNeuralNetwork
0x00007fff3dc29000 	/System/Library/Frameworks/MetalPerformanceShaders.framework/Frameworks/MPSMatrix.framework/Versions/A/MPSMatrix
0x00007fff3dd85000 	/System/Library/Frameworks/MetalPerformanceShaders.framework/Frameworks/MPSRayIntersector.framework/Versions/A/MPSRayIntersector
0x00007fff583e9000 	/System/Library/PrivateFrameworks/MetalTools.framework/Versions/A/MetalTools
0x00007fff48e8f000 	/System/Library/PrivateFrameworks/AggregateDictionary.framework/Versions/A/AggregateDictionary
0x00007fff633c5000 	/usr/lib/libMobileGestalt.dylib
0x00007fff3acff000 	/System/Library/Frameworks/CoreVideo.framework/Versions/A/CoreVideo
0x00007fff55828000 	/System/Library/PrivateFrameworks/GraphVisualizer.framework/Versions/A/GraphVisualizer
0x00007fff4f5cd000 	/System/Library/PrivateFrameworks/FaceCore.framework/Versions/A/FaceCore
0x00007fff41a6c000 	/System/Library/Frameworks/OpenCL.framework/Versions/A/OpenCL
0x00007fff631ac000 	/usr/lib/libFosl_dynamic.dylib
0x00007fff59241000 	/System/Library/PrivateFrameworks/OTSVG.framework/Versions/A/OTSVG
0x00007fff37385000 	/System/Library/Frameworks/ApplicationServices.framework/Versions/A/Frameworks/ATS.framework/Versions/A/Resources/libFontParser.dylib
0x00007fff374a5000 	/System/Library/Frameworks/ApplicationServices.framework/Versions/A/Frameworks/ATS.framework/Versions/A/Resources/libFontRegistry.dylib
0x00007fff3bc92000 	/System/Library/Frameworks/ImageIO.framework/Versions/A/Resources/libJPEG.dylib
0x00007fff3bfb4000 	/System/Library/Frameworks/ImageIO.framework/Versions/A/Resources/libTIFF.dylib
0x00007fff3bf8a000 	/System/Library/Frameworks/ImageIO.framework/Versions/A/Resources/libPng.dylib
0x00007fff3bba7000 	/System/Library/Frameworks/ImageIO.framework/Versions/A/Resources/libGIF.dylib
0x00007fff3bbac000 	/System/Library/Frameworks/ImageIO.framework/Versions/A/Resources/libJP2.dylib
0x00007fff3bfb1000 	/System/Library/Frameworks/ImageIO.framework/Versions/A/Resources/libRadiance.dylib
0x00007fff498ed000 	/System/Library/PrivateFrameworks/AppleJPEG.framework/Versions/A/AppleJPEG
0x00007fff4245f000 	/System/Library/Frameworks/OpenGL.framework/Versions/A/Libraries/libGFXShared.dylib
0x00007fff42622000 	/System/Library/Frameworks/OpenGL.framework/Versions/A/Libraries/libGLU.dylib
0x00007fff42468000 	/System/Library/Frameworks/OpenGL.framework/Versions/A/Libraries/libGL.dylib
0x00007fff42474000 	/System/Library/Frameworks/OpenGL.framework/Versions/A/Libraries/libGLImage.dylib
0x00007fff42451000 	/System/Library/Frameworks/OpenGL.framework/Versions/A/Libraries/libCVMSPluginSupport.dylib
0x00007fff4245a000 	/System/Library/Frameworks/OpenGL.framework/Versions/A/Libraries/libCoreVMClient.dylib
0x00007fff64152000 	/usr/lib/libcups.2.dylib
0x00007fff3d09f000 	/System/Library/Frameworks/Kerberos.framework/Versions/A/Kerberos
0x00007fff3b65d000 	/System/Library/Frameworks/GSS.framework/Versions/A/GSS
0x00007fff658bc000 	/usr/lib/libresolv.9.dylib
0x00007fff64349000 	/usr/lib/libiconv.2.dylib
0x00007fff55988000 	/System/Library/PrivateFrameworks/Heimdal.framework/Versions/A/Heimdal
0x00007fff64318000 	/usr/lib/libheimdal-asn1.dylib
0x00007fff41ae2000 	/System/Library/Frameworks/OpenDirectory.framework/Versions/A/OpenDirectory
0x00007fff4c1ab000 	/System/Library/PrivateFrameworks/CommonAuth.framework/Versions/A/CommonAuth
0x00007fff41ac5000 	/System/Library/Frameworks/OpenDirectory.framework/Versions/A/Frameworks/CFOpenDirectory.framework/Versions/A/CFOpenDirectory
0x00007fff44c47000 	/System/Library/Frameworks/SecurityFoundation.framework/Versions/A/SecurityFoundation
0x00007fff483a0000 	/System/Library/PrivateFrameworks/APFS.framework/Versions/A/APFS
0x00007fff65d8c000 	/usr/lib/libutil.dylib
0x00007fff637ee000 	/usr/lib/libcharset.1.dylib
0x00007fff49b88000 	/System/Library/PrivateFrameworks/AppleSauce.framework/Versions/A/AppleSauce
0x00007fff49d16000 	/System/Library/PrivateFrameworks/AssertionServices.framework/Versions/A/AssertionServices
0x00007fff4a589000 	/System/Library/PrivateFrameworks/BaseBoard.framework/Versions/A/BaseBoard
0x00007fff6471d000 	/usr/lib/libmecab.1.0.0.dylib
0x00007fff64312000 	/usr/lib/libgermantok.dylib
0x00007fff635b1000 	/usr/lib/libThaiTokenizer.dylib
0x00007fff630d8000 	/usr/lib/libChineseTokenizer.dylib
0x00007fff5751e000 	/System/Library/PrivateFrameworks/LanguageModeling.framework/Versions/A/LanguageModeling
0x00007fff4cec6000 	/System/Library/PrivateFrameworks/CoreEmoji.framework/Versions/A/CoreEmoji
0x00007fff57616000 	/System/Library/PrivateFrameworks/Lexicon.framework/Versions/A/Lexicon
0x00007fff5765e000 	/System/Library/PrivateFrameworks/LinguisticData.framework/Versions/A/LinguisticData
0x00007fff637ef000 	/usr/lib/libcmph.dylib
0x00007fff44d08000 	/System/Library/Frameworks/ServiceManagement.framework/Versions/A/ServiceManagement
0x00007fff4a4dc000 	/System/Library/PrivateFrameworks/BackgroundTaskManagement.framework/Versions/A/BackgroundTaskManagement
0x00007fff65e86000 	/usr/lib/libxslt.1.dylib
0x00007fff38474000 	/System/Library/Frameworks/Carbon.framework/Versions/A/Frameworks/Ink.framework/Versions/A/Ink
0x00007fff61073000 	/System/Library/PrivateFrameworks/TextureIO.framework/Versions/A/TextureIO
0x00007fff63606000 	/usr/lib/libate.dylib
0x00007fff4e1fa000 	/System/Library/PrivateFrameworks/CrashReporterSupport.framework/Versions/A/CrashReporterSupport
0x00007fff5e09f000 	/System/Library/PrivateFrameworks/Sharing.framework/Versions/A/Sharing
0x00007fff4a068000 	/System/Library/PrivateFrameworks/AuthKit.framework/Versions/A/AuthKit
0x00007fff4948c000 	/System/Library/PrivateFrameworks/Apple80211.framework/Versions/A/Apple80211
0x00007fff4dfba000 	/System/Library/PrivateFrameworks/CoreUtils.framework/Versions/A/CoreUtils
0x00007fff3ad3d000 	/System/Library/Frameworks/CoreWLAN.framework/Versions/A/CoreWLAN
0x00007fff3b7a7000 	/System/Library/Frameworks/IOBluetooth.framework/Versions/A/IOBluetooth
0x00007fff5c3cc000 	/System/Library/PrivateFrameworks/ProtocolBuffer.framework/Versions/A/ProtocolBuffer
0x00007fff58625000 	/System/Library/PrivateFrameworks/MobileKeyBag.framework/Versions/A/MobileKeyBag
0x00007fff4d7dd000 	/System/Library/PrivateFrameworks/CorePhoneNumbers.framework/Versions/A/CorePhoneNumbers
0x00007fff498a1000 	/System/Library/PrivateFrameworks/AppleIDAuthSupport.framework/Versions/A/AppleIDAuthSupport
0x00007fff574f0000 	/System/Library/PrivateFrameworks/KeychainCircle.framework/Versions/A/KeychainCircle
0x00007fff5c599000 	/System/Library/PrivateFrameworks/ROCKit.framework/Versions/A/ROCKit
0x00007fff4e196000 	/System/Library/PrivateFrameworks/CoreWiFi.framework/Versions/A/CoreWiFi
0x00007fff389e1000 	/System/Library/Frameworks/CoreBluetooth.framework/Versions/A/CoreBluetooth
0x00007fff4e3ea000 	/System/Library/PrivateFrameworks/DebugSymbols.framework/Versions/A/DebugSymbols
0x00007fff4dd6f000 	/System/Library/PrivateFrameworks/CoreSymbolication.framework/Versions/A/CoreSymbolication
0x00007fff6085e000 	/System/Library/PrivateFrameworks/Symbolication.framework/Versions/A/Symbolication
0x00007fff5f9f1000 	/System/Library/PrivateFrameworks/SpeechRecognitionCore.framework/Versions/A/SpeechRecognitionCore
0x00007fff2ecc8000 	/System/Library/CoreServices/Encodings/libSimplifiedChineseConverter.dylib
0x0000000101a00000 	/Library/Java/JavaVirtualMachines/jdk1.8.0_181.jdk/Contents/Home/jre/lib/server/libjvm.dylib
0x00007fff65c50000 	/usr/lib/libstdc++.6.dylib
0x000000010118d000 	/Library/Java/JavaVirtualMachines/jdk1.8.0_181.jdk/Contents/Home/jre/lib/libverify.dylib
0x000000010119b000 	/Library/Java/JavaVirtualMachines/jdk1.8.0_181.jdk/Contents/Home/jre/lib/libjava.dylib
0x00000001029b4000 	/Library/Java/JavaVirtualMachines/jdk1.8.0_181.jdk/Contents/Home/jre/lib/libjdwp.dylib
0x00000001011d2000 	/Library/Java/JavaVirtualMachines/jdk1.8.0_181.jdk/Contents/Home/jre/lib/libnpt.dylib
0x00000001011d6000 	/Library/Java/JavaVirtualMachines/jdk1.8.0_181.jdk/Contents/Home/jre/lib/libinstrument.dylib
0x0000000102a78000 	/Library/Java/JavaVirtualMachines/jdk1.8.0_181.jdk/Contents/Home/jre/lib/libzip.dylib
0x000000010351f000 	/Library/Java/JavaVirtualMachines/jdk1.8.0_181.jdk/Contents/Home/jre/lib/libdt_socket.dylib

VM Arguments:
jvm_args: -agentlib:jdwp=transport=dt_socket,address=127.0.0.1:54123,suspend=y,server=n -javaagent:/Users/user/Library/Caches/IntelliJIdea2018.2/captureAgent/debugger-agent.jar=file:/private/var/folders/sm/x86480n17xv0gxd1mmvr2d7w0000gn/T/capture.props -Dfile.encoding=UTF-8 
java_command: RemoveKdigits
java_class_path (initial): /Library/Java/JavaVirtualMachines/jdk1.8.0_181.jdk/Contents/Home/jre/lib/charsets.jar:/Library/Java/JavaVirtualMachines/jdk1.8.0_181.jdk/Contents/Home/jre/lib/deploy.jar:/Library/Java/JavaVirtualMachines/jdk1.8.0_181.jdk/Contents/Home/jre/lib/ext/cldrdata.jar:/Library/Java/JavaVirtualMachines/jdk1.8.0_181.jdk/Contents/Home/jre/lib/ext/dnsns.jar:/Library/Java/JavaVirtualMachines/jdk1.8.0_181.jdk/Contents/Home/jre/lib/ext/jaccess.jar:/Library/Java/JavaVirtualMachines/jdk1.8.0_181.jdk/Contents/Home/jre/lib/ext/jfxrt.jar:/Library/Java/JavaVirtualMachines/jdk1.8.0_181.jdk/Contents/Home/jre/lib/ext/localedata.jar:/Library/Java/JavaVirtualMachines/jdk1.8.0_181.jdk/Contents/Home/jre/lib/ext/nashorn.jar:/Library/Java/JavaVirtualMachines/jdk1.8.0_181.jdk/Contents/Home/jre/lib/ext/sunec.jar:/Library/Java/JavaVirtualMachines/jdk1.8.0_181.jdk/Contents/Home/jre/lib/ext/sunjce_provider.jar:/Library/Java/JavaVirtualMachines/jdk1.8.0_181.jdk/Contents/Home/jre/lib/ext/sunpkcs11.jar:/Library/Java/JavaVirtualMachines/jdk1.8.0_181.jdk/Contents/Home/jre/lib/ext/zipfs.jar:/Library/Java/JavaVirtualMachines/jdk1.8.0_181.jdk/Contents/Home/jre/lib/javaws.jar:/Library/Java/JavaVirtualMachines/jdk1.8.0_181.jdk/Contents/Home/jre/lib/jce.jar:/Library/Java/JavaVirtualMachines/jdk1.8.0_181.jdk/Contents/Home/jre/lib/jfr.jar:/Library/Java/JavaVirtualMachines/jdk1.8.0_181.jdk/Contents/Home/jre/lib/jfxswt.jar:/Library/Java/JavaVirtualMachines/jdk1.8.0_181.jdk/Contents/Home/jre/lib/jsse.jar:/Library/Java/JavaVirtualMachines/jdk1.8.0_181.jdk/Contents/Home/jre/lib/management-agent.jar:/Library/Java/JavaVirtualMachines/jdk1.8.0_181.jdk/Contents/Home/jre/lib/plugin.jar:/Library/Java/JavaVirtualMachines/jdk1.8.0_181.jdk/Contents/Home/jre/lib/resources.jar:/Library/Java/JavaVirtualMachines/jdk1.8.0_181.jdk/Contents/Home/jre/lib/rt.jar:/Library/Java/JavaVirtualMachines/jdk1.8.0_181.jdk/Contents/Home/lib/ant-javafx.jar:/Library/Java/JavaVirtualMachines/jdk1.8.0_181.jdk/Contents/Home
Launcher Type: SUN_STANDARD

Environment Variables:
PATH=/Users/user/apache-maven-3.6.1/bin:/Users/user/.jenv/shims:/Users/user/.jenv/bin:/Users/user/.jenv/shims:/Users/user/.jenv/bin:/Users/user/Downloads/apache-maven-3.5.4/bin:/Users/user/mycat/mycat/bin:/Users/user/.composer/vendor/bin:/Users/user/coding-standard-master-f55717e066d79a13f74648c20ce7396a942355d6/coding-standard/bin:/usr/local/opt/php@7.1/sbin:/usr/local/opt/php@7.1/bin:/usr/local/bin:/usr/bin:/bin:/usr/sbin:/sbin:/usr/local/go/bin:/Users/user/go/bin
SHELL=/bin/zsh

Signal Handlers:
SIGSEGV: [libjvm.dylib+0x5b6029], sa_mask[0]=11111111011111110111111111111111, sa_flags=SA_ONSTACK|SA_RESTART|SA_SIGINFO
SIGBUS: [libjvm.dylib+0x5b6029], sa_mask[0]=11111111011111110111111111111111, sa_flags=SA_RESTART|SA_SIGINFO
SIGFPE: [libjvm.dylib+0x48b934], sa_mask[0]=11111111011111110111111111111111, sa_flags=SA_RESTART|SA_SIGINFO
SIGPIPE: [libjvm.dylib+0x48b934], sa_mask[0]=11111111011111110111111111111111, sa_flags=SA_RESTART|SA_SIGINFO
SIGXFSZ: [libjvm.dylib+0x48b934], sa_mask[0]=11111111011111110111111111111111, sa_flags=SA_RESTART|SA_SIGINFO
SIGILL: [libjvm.dylib+0x48b934], sa_mask[0]=11111111011111110111111111111111, sa_flags=SA_RESTART|SA_SIGINFO
SIGUSR1: SIG_DFL, sa_mask[0]=00000000000000000000000000000000, sa_flags=none
SIGUSR2: [libjvm.dylib+0x48b452], sa_mask[0]=00100000000000000000000000000000, sa_flags=SA_RESTART|SA_SIGINFO
SIGHUP: [libjvm.dylib+0x489a1d], sa_mask[0]=11111111011111110111111111111111, sa_flags=SA_RESTART|SA_SIGINFO
SIGINT: [libjvm.dylib+0x489a1d], sa_mask[0]=11111111011111110111111111111111, sa_flags=SA_RESTART|SA_SIGINFO
SIGTERM: [libjvm.dylib+0x489a1d], sa_mask[0]=11111111011111110111111111111111, sa_flags=SA_RESTART|SA_SIGINFO
SIGQUIT: [libjvm.dylib+0x489a1d], sa_mask[0]=11111111011111110111111111111111, sa_flags=SA_RESTART|SA_SIGINFO


---------------  S Y S T E M  ---------------

OS:Bsduname:Darwin 18.2.0 Darwin Kernel Version 18.2.0: Fri Oct  5 19:41:49 PDT 2018; root:xnu-4903.221.2~2/RELEASE_X86_64 x86_64
rlimit: STACK 8192k, CORE 0k, NPROC 709, NOFILE 10240, AS infinity
load average:6.40 5.41 6.65

CPU:total 4 (initial active 4) (2 cores per cpu, 2 threads per core) family 6 model 69 stepping 1, cmov, cx8, fxsr, mmx, sse, sse2, sse3, ssse3, sse4.1, sse4.2, popcnt, avx, avx2, aes, clmul, erms, lzcnt, ht, tsc, tscinvbit, bmi1, bmi2

Memory: 4k page, physical 8388608k(218968k free)

/proc/meminfo:


vm_info: Java HotSpot(TM) 64-Bit Server VM (25.181-b13) for bsd-amd64 JRE (1.8.0_181-b13), built on Jul  7 2018 01:02:31 by "java_re" with gcc 4.2.1 (Based on Apple Inc. build 5658) (LLVM build 2336.11.00)

time: Wed Apr  1 17:06:45 2020
elapsed time: 795 seconds (0d 0h 13m 15s)

