#
# A fatal error has been detected by the Java Runtime Environment:
#
#  SIGBUS (0xa) at pc=0x000000010c0766a3, pid=6650, tid=0x0000000000005103
#
# JRE version: Java(TM) SE Runtime Environment (8.0_181-b13) (build 1.8.0_181-b13)
# Java VM: Java HotSpot(TM) 64-Bit Server VM (25.181-b13 mixed mode bsd-amd64 compressed oops)
# Problematic frame:
# V  [libjvm.dylib+0x1e26a3]  ConstantPool::impl_name_and_type_ref_index_at(int, bool)+0x57
#
# Failed to write core dump. Core dumps have been disabled. To enable core dumping, try "ulimit -c unlimited" before starting Java again
#
# If you would like to submit a bug report, please visit:
#   http://bugreport.java.com/bugreport/crash.jsp
#

---------------  T H R E A D  ---------------

Current thread (0x00007fe8a0801000):  VMThread [stack: 0x0000700003a8c000,0x0000700003b8c000] [id=20739]

siginfo: si_signo: 10 (SIGBUS), si_code: 2 (BUS_ADRERR), si_addr: 0x0000000112ab2e88

Registers:
RAX=0x0000000000007171, RBX=0x000000000000000d, RCX=0x0000000112e77171, RDX=0x0000000000000000
RSP=0x0000700003b8b4d0, RBP=0x0000700003b8b4d0, RSI=0x0000000000007171, RDI=0x0000000112a7a2b0
R8 =0x000000000000000d, R9 =0x000000008a000000, R10=0x000000000007ffff, R11=0xffffffffffffffd0
R12=0x0000700003b8b6f8, R13=0x0000000112a7a2b0, R14=0x0000000000000001, R15=0x0000000000000001
RIP=0x000000010c0766a3, EFLAGS=0x0000000000010202, ERR=0x0000000000000004
  TRAPNO=0x000000000000000e

Top of Stack: (sp=0x0000700003b8b4d0)
0x0000700003b8b4d0:   0000700003b8b530 000000010c11cd7e
0x0000700003b8b4e0:   0000700003b8b500 000000010c441142
0x0000700003b8b4f0:   0000700003b8b548 0000700003b8b6f8
0x0000700003b8b500:   0000700003b8b530 00007fe8a070db60
0x0000700003b8b510:   0000700003b8b548 0000000112a7a7c8
0x0000700003b8b520:   0000700003b8b6f8 000000000000001b
0x0000700003b8b530:   0000700003b8b5b0 000000010c11e7ec
0x0000700003b8b540:   0000000000000000 0000700003b8b580
0x0000700003b8b550:   0000000112a7a7c8 00007fe8a0801000
0x0000700003b8b560:   000000100000000d 000000b20000001b
0x0000700003b8b570:   000000b203b80000 0000000112a7a7c8
0x0000700003b8b580:   00007fe8a0801000 0000000112a7a7c8
0x0000700003b8b590:   0000700003b8b6f8 0000000112a7a7c8
0x0000700003b8b5a0:   0000000000000000 0000000000000028
0x0000700003b8b5b0:   0000700003b8b5e0 000000010c11ea3b
0x0000700003b8b5c0:   0000700003b8b5e0 0000700003b8b6f8
0x0000700003b8b5d0:   0000700003b8b6f8 0000000112a7a7c8
0x0000700003b8b5e0:   0000700003b8b600 000000010c11efd2
0x0000700003b8b5f0:   0000700003b8b6f8 00007fe8a0801000
0x0000700003b8b600:   0000700003b8b690 000000010c11f3eb
0x0000700003b8b610:   0000700003b80000 0000000000000000
0x0000700003b8b620:   000000010c4c28be 0000000000000000
0x0000700003b8b630:   000000010c4c2c5a 0000000000000100
0x0000700003b8b640:   0000000000000000 0000000000000000
0x0000700003b8b650:   0000000000000100 0000700003b8b716
0x0000700003b8b660:   0000000112a7a7c8 00007fe8a0801000
0x0000700003b8b670:   0000000112a7a7c8 0000700003b8b6f8
0x0000700003b8b680:   00007fe8a0801000 00007fe8a0426f20
0x0000700003b8b690:   0000700003b8b6e0 000000010c319331
0x0000700003b8b6a0:   00007fe8a0602840 00007fe8a070daa0
0x0000700003b8b6b0:   00007fe8a070dab0 00007fe8a070de88
0x0000700003b8b6c0:   00000000000003d8 0000000000000017 

Instructions: (pc=0x000000010c0766a3)
0x000000010c076683:   48 23 54 08 10 8b 44 d7 50 c1 e8 10 5d c3 48 63
0x000000010c076693:   ce 48 c1 e1 05 48 8b 4c 08 10 0f b7 f1 48 63 c6
0x000000010c0766a3:   8b 44 c7 50 eb e3 90 55 48 89 e5 53 48 83 ec 08
0x000000010c0766b3:   48 89 fb 48 89 df e8 8e ff ff ff 48 63 c0 8b 44 

Register to memory mapping:

RAX=0x0000000000007171 is an unknown value
RBX=0x000000000000000d is an unknown value
RCX=0x0000000112e77171 is an unknown value
RDX=0x0000000000000000 is an unknown value
RSP=0x0000700003b8b4d0 is an unknown value
RBP=0x0000700003b8b4d0 is an unknown value
RSI=0x0000000000007171 is an unknown value
RDI=0x0000000112a7a2b0 is pointing into metadata
R8 =0x000000000000000d is an unknown value
R9 =0x000000008a000000 is an unknown value
R10=0x000000000007ffff is an unknown value
R11=0xffffffffffffffd0 is an unknown value
R12=0x0000700003b8b6f8 is an unknown value
R13=0x0000000112a7a2b0 is pointing into metadata
R14=0x0000000000000001 is an unknown value
R15=0x0000000000000001 is an unknown value


Stack: [0x0000700003a8c000,0x0000700003b8c000],  sp=0x0000700003b8b4d0,  free space=1021k
Native frames: (J=compiled Java code, j=interpreted, Vv=VM code, C=native code)
V  [libjvm.dylib+0x1e26a3]  ConstantPool::impl_name_and_type_ref_index_at(int, bool)+0x57
V  [libjvm.dylib+0x288d7e]  GenerateOopMap::do_field(int, int, int, int)+0x36
V  [libjvm.dylib+0x28a7ec]  GenerateOopMap::interp_bb(BasicBlock*)+0x104
V  [libjvm.dylib+0x28aa3b]  GenerateOopMap::interp_all()+0x31
V  [libjvm.dylib+0x28afd2]  GenerateOopMap::do_interpretation()+0x44
V  [libjvm.dylib+0x28b3eb]  GenerateOopMap::compute_map(Thread*)+0x1fb
V  [libjvm.dylib+0x485331]  OopMapForCacheEntry::compute_map(Thread*)+0x8f
V  [libjvm.dylib+0x48553a]  OopMapCacheEntry::fill(methodHandle, int)+0x19e
V  [libjvm.dylib+0x48571b]  OopMapCache::compute_one_oop_map(methodHandle, int, InterpreterOopMap*)+0x16b
V  [libjvm.dylib+0x4859d2]  OopMapCache::lookup(methodHandle, int, InterpreterOopMap*) const+0x25c
V  [libjvm.dylib+0x2c2b04]  InstanceKlass::mask_for(methodHandle, int, InterpreterOopMap*)+0xd2
V  [libjvm.dylib+0x45306d]  Method::mask_for(int, InterpreterOopMap*)+0xb3
V  [libjvm.dylib+0x39afbf]  VM_GetOrSetLocal::doit()+0x47
V  [libjvm.dylib+0x5bd499]  VM_Operation::evaluate()+0x4f
V  [libjvm.dylib+0x5bba31]  VMThread::evaluate_operation(VM_Operation*)+0xdf
V  [libjvm.dylib+0x5bbe7e]  VMThread::loop()+0x328
V  [libjvm.dylib+0x5bb79d]  VMThread::run()+0x79
V  [libjvm.dylib+0x48e342]  java_start(Thread*)+0xf6
C  [libsystem_pthread.dylib+0x3339]  _pthread_body+0x7e
C  [libsystem_pthread.dylib+0x62a7]  _pthread_start+0x46
C  [libsystem_pthread.dylib+0x2445]  thread_start+0xd

VM_Operation (0x0000700003f97958): GetOrSetLocal, mode: safepoint, requested by thread 0x00007fe8a2037000


---------------  P R O C E S S  ---------------

Java Threads: ( => current thread )
  0x00007fe8a0872800 JavaThread "Service Thread" daemon [_thread_blocked, id=14339, stack(0x00007000044aa000,0x00007000045aa000)]
  0x00007fe8a10a8000 JavaThread "C1 CompilerThread2" daemon [_thread_blocked, id=16643, stack(0x00007000043a7000,0x00007000044a7000)]
  0x00007fe8a0851800 JavaThread "C2 CompilerThread1" daemon [_thread_blocked, id=13827, stack(0x00007000042a4000,0x00007000043a4000)]
  0x00007fe8a2037800 JavaThread "C2 CompilerThread0" daemon [_thread_blocked, id=16899, stack(0x00007000041a1000,0x00007000042a1000)]
  0x00007fe8a2049800 JavaThread "JDWP Command Reader" daemon [_thread_in_native, id=17411, stack(0x000070000409e000,0x000070000419e000)]
  0x00007fe8a2049000 JavaThread "JDWP Event Helper Thread" daemon [_thread_blocked, id=17667, stack(0x0000700003f9b000,0x000070000409b000)]
  0x00007fe8a2037000 JavaThread "JDWP Transport Listener: dt_socket" daemon [_thread_blocked, id=18183, stack(0x0000700003e98000,0x0000700003f98000)]
  0x00007fe8a0806800 JavaThread "Signal Dispatcher" daemon [_thread_blocked, id=18691, stack(0x0000700003d95000,0x0000700003e95000)]
  0x00007fe8a2007000 JavaThread "Finalizer" daemon [_thread_blocked, id=19971, stack(0x0000700003c92000,0x0000700003d92000)]
  0x00007fe8a1023000 JavaThread "Reference Handler" daemon [_thread_blocked, id=11267, stack(0x0000700003b8f000,0x0000700003c8f000)]
  0x00007fe8a1804000 JavaThread "main" [_thread_blocked, id=5891, stack(0x000070000357d000,0x000070000367d000)]

Other Threads:
=>0x00007fe8a0801000 VMThread [stack: 0x0000700003a8c000,0x0000700003b8c000] [id=20739]
  0x00007fe8a10b3800 WatcherThread [stack: 0x00007000045ad000,0x00007000046ad000] [id=14595]

VM state:at safepoint (normal execution)

VM Mutex/Monitor currently owned by a thread:  ([mutex/lock_event])
[0x00007fe8a0402c60] Threads_lock - owner thread: 0x00007fe8a0801000

Heap:
 PSYoungGen      total 38400K, used 2671K [0x0000000795580000, 0x0000000798000000, 0x00000007c0000000)
  eden space 33280K, 8% used [0x0000000795580000,0x000000079581be20,0x0000000797600000)
  from space 5120K, 0% used [0x0000000797b00000,0x0000000797b00000,0x0000000798000000)
  to   space 5120K, 0% used [0x0000000797600000,0x0000000797600000,0x0000000797b00000)
 ParOldGen       total 87552K, used 0K [0x0000000740000000, 0x0000000745580000, 0x0000000795580000)
  object space 87552K, 0% used [0x0000000740000000,0x0000000740000000,0x0000000745580000)
 Metaspace       used 3169K, capacity 4664K, committed 4864K, reserved 1056768K
  class space    used 339K, capacity 424K, committed 512K, reserved 1048576K

Card table byte_map: [0x000000010dbc0000,0x000000010dfc1000] byte_map_base: 0x000000010a1c0000

Marking Bits: (ParMarkBitMap*) 0x000000010c78dcd0
 Begin Bits: [0x000000010e26c000, 0x000000011026c000)
 End Bits:   [0x000000011026c000, 0x000000011226c000)

Polling page: 0x000000010ce8c000

CodeCache: size=245760Kb used=1105Kb max_used=1105Kb free=244654Kb
 bounds [0x0000000115fbc000, 0x000000011622c000, 0x0000000124fbc000]
 total_blobs=260 nmethods=26 adapters=157
 compilation: enabled

Compilation events (10 events):
Event: 0.534 Thread 0x00007fe8a10a8000   20   !   3       sun.misc.URLClassPath$JarLoader::ensureOpen (36 bytes)
Event: 0.535 Thread 0x00007fe8a10a8000 nmethod 20 0x00000001160ce650 code [0x00000001160ce800, 0x00000001160cecd8]
Event: 0.535 Thread 0x00007fe8a10a8000   19       3       java.lang.String::startsWith (7 bytes)
Event: 0.535 Thread 0x00007fe8a10a8000 nmethod 19 0x00000001160ceed0 code [0x00000001160cf040, 0x00000001160cf268]
Event: 0.535 Thread 0x00007fe8a10a8000   22       3       java.lang.String::<init> (82 bytes)
Event: 0.535 Thread 0x00007fe8a10a8000 nmethod 22 0x00000001160cf310 code [0x00000001160cf500, 0x00000001160cfa38]
Event: 0.535 Thread 0x00007fe8a10a8000   25       1       java.net.URL::getQuery (5 bytes)
Event: 0.535 Thread 0x00007fe8a10a8000 nmethod 25 0x00000001160cfd50 code [0x00000001160cfea0, 0x00000001160cffb0]
Event: 211.134 Thread 0x00007fe8a10a8000   26       3       java.util.HashMap::get (23 bytes)
Event: 211.136 Thread 0x00007fe8a10a8000 nmethod 26 0x00000001160d0010 code [0x00000001160d01a0, 0x00000001160d05b8]

GC Heap History (0 events):
No events

Deoptimization events (0 events):
No events

Classes redefined (3 events):
Event: 141.919 Thread 0x00007fe8a0801000 redefined class name=MinPathSum, count=1
Event: 211.135 Thread 0x00007fe8a0801000 redefined class name=MinPathSum, count=2
Event: 252.275 Thread 0x00007fe8a0801000 redefined class name=MinPathSum, count=3

Internal exceptions (2 events):
Event: 0.056 Thread 0x00007fe8a1804000 Exception <a 'java/lang/NoSuchMethodError': Method sun.misc.Unsafe.defineClass(Ljava/lang/String;[BII)Ljava/lang/Class; name or signature does not match> (0x0000000795587cb0) thrown at [/Users/java_re/workspace/8-2-build-macosx-x86_64/jdk8u181/11358/hotsp
Event: 0.056 Thread 0x00007fe8a1804000 Exception <a 'java/lang/NoSuchMethodError': Method sun.misc.Unsafe.prefetchRead(Ljava/lang/Object;J)V name or signature does not match> (0x0000000795587f98) thrown at [/Users/java_re/workspace/8-2-build-macosx-x86_64/jdk8u181/11358/hotspot/src/share/vm/pr

Events (10 events):
Event: 252.301 Executing VM operation: ChangeBreakpoints done
Event: 252.303 Executing VM operation: ChangeBreakpoints
Event: 252.303 Executing VM operation: ChangeBreakpoints done
Event: 252.305 Executing VM operation: ChangeBreakpoints
Event: 252.305 Executing VM operation: ChangeBreakpoints done
Event: 252.308 Executing VM operation: ChangeBreakpoints
Event: 252.308 Executing VM operation: ChangeBreakpoints done
Event: 252.309 Executing VM operation: ChangeBreakpoints
Event: 252.309 Executing VM operation: ChangeBreakpoints done
Event: 252.313 Executing VM operation: GetOrSetLocal


Dynamic libraries:
0x00007fff4b35f000 	/System/Library/Frameworks/Cocoa.framework/Versions/A/Cocoa
0x00007fff57609000 	/System/Library/Frameworks/Security.framework/Versions/A/Security
0x00007fff49f69000 	/System/Library/Frameworks/ApplicationServices.framework/Versions/A/ApplicationServices
0x00007fff78b98000 	/usr/lib/libz.1.dylib
0x00007fff7620f000 	/usr/lib/libSystem.B.dylib
0x00007fff77cb5000 	/usr/lib/libobjc.A.dylib
0x00007fff4bb82000 	/System/Library/Frameworks/CoreFoundation.framework/Versions/A/CoreFoundation
0x00007fff4df07000 	/System/Library/Frameworks/Foundation.framework/Versions/C/Foundation
0x00007fff490f7000 	/System/Library/Frameworks/AppKit.framework/Versions/C/AppKit
0x00007fff4b6f6000 	/System/Library/Frameworks/CoreData.framework/Versions/A/CoreData
0x00007fff6f3f5000 	/System/Library/PrivateFrameworks/RemoteViewServices.framework/Versions/A/RemoteViewServices
0x00007fff73ee4000 	/System/Library/PrivateFrameworks/UIFoundation.framework/Versions/A/UIFoundation
0x00007fff75696000 	/System/Library/PrivateFrameworks/XCTTargetBootstrap.framework/Versions/A/XCTTargetBootstrap
0x00007fff69f0b000 	/System/Library/PrivateFrameworks/IconServices.framework/Versions/A/IconServices
0x00007fff507c2000 	/System/Library/Frameworks/Metal.framework/Versions/A/Metal
0x00007fff61115000 	/System/Library/PrivateFrameworks/DesktopServicesPriv.framework/Versions/A/DesktopServicesPriv
0x00007fff76fc9000 	/usr/lib/libenergytrace.dylib
0x00007fff71c59000 	/System/Library/PrivateFrameworks/SkyLight.framework/Versions/A/SkyLight
0x00007fff4bfd1000 	/System/Library/Frameworks/CoreGraphics.framework/Versions/A/CoreGraphics
0x00007fff47eb2000 	/System/Library/Frameworks/Accelerate.framework/Versions/A/Accelerate
0x00007fff4e690000 	/System/Library/Frameworks/IOSurface.framework/Versions/A/IOSurface
0x00007fff60f77000 	/System/Library/PrivateFrameworks/DFRFoundation.framework/Versions/A/DFRFoundation
0x00007fff4a46e000 	/System/Library/Frameworks/AudioToolbox.framework/Versions/A/AudioToolbox
0x00007fff4a70c000 	/System/Library/Frameworks/AudioUnit.framework/Versions/A/AudioUnit
0x00007fff6100e000 	/System/Library/PrivateFrameworks/DataDetectorsCore.framework/Versions/A/DataDetectorsCore
0x00007fff4ae4b000 	/System/Library/Frameworks/Carbon.framework/Versions/A/Frameworks/HIToolbox.framework/Versions/A/HIToolbox
0x00007fff77124000 	/usr/lib/libicucore.A.dylib
0x00007fff56b63000 	/System/Library/Frameworks/QuartzCore.framework/Versions/A/QuartzCore
0x00007fff4b232000 	/System/Library/Frameworks/Carbon.framework/Versions/A/Frameworks/SpeechRecognition.framework/Versions/A/SpeechRecognition
0x00007fff76372000 	/usr/lib/libauto.dylib
0x00007fff78a8b000 	/usr/lib/libxml2.2.dylib
0x00007fff60b76000 	/System/Library/PrivateFrameworks/CoreUI.framework/Versions/A/CoreUI
0x00007fff4b5d4000 	/System/Library/Frameworks/CoreAudio.framework/Versions/A/CoreAudio
0x00007fff4dd39000 	/System/Library/Frameworks/DiskArbitration.framework/Versions/A/DiskArbitration
0x00007fff773d4000 	/usr/lib/liblangid.dylib
0x00007fff6b3b7000 	/System/Library/PrivateFrameworks/MultitouchSupport.framework/Versions/A/MultitouchSupport
0x00007fff4e5fc000 	/System/Library/Frameworks/IOKit.framework/Versions/A/IOKit
0x00007fff75e5d000 	/usr/lib/libDiagnosticMessagesClient.dylib
0x00007fff4ce3f000 	/System/Library/Frameworks/CoreServices.framework/Versions/A/CoreServices
0x00007fff6d0e6000 	/System/Library/PrivateFrameworks/PerformanceAnalysis.framework/Versions/A/PerformanceAnalysis
0x00007fff55cf8000 	/System/Library/Frameworks/OpenGL.framework/Versions/A/OpenGL
0x00007fff4b36d000 	/System/Library/Frameworks/ColorSync.framework/Versions/A/ColorSync
0x00007fff4c660000 	/System/Library/Frameworks/CoreImage.framework/Versions/A/CoreImage
0x00007fff4d882000 	/System/Library/Frameworks/CoreText.framework/Versions/A/CoreText
0x00007fff4e6f1000 	/System/Library/Frameworks/ImageIO.framework/Versions/A/ImageIO
0x00007fff5d1cf000 	/System/Library/PrivateFrameworks/Backup.framework/Versions/A/Backup
0x00007fff762c5000 	/usr/lib/libarchive.2.dylib
0x00007fff4aa70000 	/System/Library/Frameworks/CFNetwork.framework/Versions/A/CFNetwork
0x00007fff57db2000 	/System/Library/Frameworks/SystemConfiguration.framework/Versions/A/SystemConfiguration
0x00007fff75d86000 	/usr/lib/libCRFSuite.dylib
0x00007fff76469000 	/usr/lib/libc++.1.dylib
0x00007fff764c1000 	/usr/lib/libc++abi.dylib
0x00007fff78c1b000 	/usr/lib/system/libcache.dylib
0x00007fff78c20000 	/usr/lib/system/libcommonCrypto.dylib
0x00007fff78c2b000 	/usr/lib/system/libcompiler_rt.dylib
0x00007fff78c33000 	/usr/lib/system/libcopyfile.dylib
0x00007fff78c3d000 	/usr/lib/system/libcorecrypto.dylib
0x00007fff78d48000 	/usr/lib/system/libdispatch.dylib
0x00007fff78d83000 	/usr/lib/system/libdyld.dylib
0x00007fff78db3000 	/usr/lib/system/libkeymgr.dylib
0x00007fff78dc1000 	/usr/lib/system/liblaunch.dylib
0x00007fff78dc2000 	/usr/lib/system/libmacho.dylib
0x00007fff78dc8000 	/usr/lib/system/libquarantine.dylib
0x00007fff78dcb000 	/usr/lib/system/libremovefile.dylib
0x00007fff78dcd000 	/usr/lib/system/libsystem_asl.dylib
0x00007fff78de5000 	/usr/lib/system/libsystem_blocks.dylib
0x00007fff78de6000 	/usr/lib/system/libsystem_c.dylib
0x00007fff78e6f000 	/usr/lib/system/libsystem_configuration.dylib
0x00007fff78e73000 	/usr/lib/system/libsystem_coreservices.dylib
0x00007fff78e77000 	/usr/lib/system/libsystem_darwin.dylib
0x00007fff78e7e000 	/usr/lib/system/libsystem_dnssd.dylib
0x00007fff78e85000 	/usr/lib/system/libsystem_info.dylib
0x00007fff78efa000 	/usr/lib/system/libsystem_m.dylib
0x00007fff78f46000 	/usr/lib/system/libsystem_malloc.dylib
0x00007fff78f6b000 	/usr/lib/system/libsystem_networkextension.dylib
0x00007fff78f77000 	/usr/lib/system/libsystem_notify.dylib
0x00007fff78f94000 	/usr/lib/system/libsystem_sandbox.dylib
0x00007fff78f98000 	/usr/lib/system/libsystem_secinit.dylib
0x00007fff78ed2000 	/usr/lib/system/libsystem_kernel.dylib
0x00007fff78f7f000 	/usr/lib/system/libsystem_platform.dylib
0x00007fff78f89000 	/usr/lib/system/libsystem_pthread.dylib
0x00007fff78f9b000 	/usr/lib/system/libsystem_symptoms.dylib
0x00007fff78fa3000 	/usr/lib/system/libsystem_trace.dylib
0x00007fff78fba000 	/usr/lib/system/libunwind.dylib
0x00007fff78fc0000 	/usr/lib/system/libxpc.dylib
0x00007fff76449000 	/usr/lib/libbsm.0.dylib
0x00007fff78db4000 	/usr/lib/system/libkxld.dylib
0x00007fff5c47d000 	/System/Library/PrivateFrameworks/AppleFSCompression.framework/Versions/A/AppleFSCompression
0x00007fff760ce000 	/usr/lib/libOpenScriptingUtil.dylib
0x00007fff767ac000 	/usr/lib/libcoretls.dylib
0x00007fff767c3000 	/usr/lib/libcoretls_cfhelpers.dylib
0x00007fff7844e000 	/usr/lib/libpam.2.dylib
0x00007fff78611000 	/usr/lib/libsqlite3.dylib
0x00007fff78a79000 	/usr/lib/libxar.1.dylib
0x00007fff7645a000 	/usr/lib/libbz2.1.0.dylib
0x00007fff773d6000 	/usr/lib/liblzma.5.dylib
0x00007fff778cc000 	/usr/lib/libnetwork.dylib
0x00007fff762ae000 	/usr/lib/libapple_nghttp2.dylib
0x00007fff78455000 	/usr/lib/libpcap.A.dylib
0x00007fff4d1e3000 	/System/Library/Frameworks/CoreServices.framework/Versions/A/Frameworks/FSEvents.framework/Versions/A/FSEvents
0x00007fff4cebf000 	/System/Library/Frameworks/CoreServices.framework/Versions/A/Frameworks/CarbonCore.framework/Versions/A/CarbonCore
0x00007fff4d3b8000 	/System/Library/Frameworks/CoreServices.framework/Versions/A/Frameworks/Metadata.framework/Versions/A/Metadata
0x00007fff4d45b000 	/System/Library/Frameworks/CoreServices.framework/Versions/A/Frameworks/OSServices.framework/Versions/A/OSServices
0x00007fff4d4a7000 	/System/Library/Frameworks/CoreServices.framework/Versions/A/Frameworks/SearchKit.framework/Versions/A/SearchKit
0x00007fff4ce40000 	/System/Library/Frameworks/CoreServices.framework/Versions/A/Frameworks/AE.framework/Versions/A/AE
0x00007fff4d1ec000 	/System/Library/Frameworks/CoreServices.framework/Versions/A/Frameworks/LaunchServices.framework/Versions/A/LaunchServices
0x00007fff4d198000 	/System/Library/Frameworks/CoreServices.framework/Versions/A/Frameworks/DictionaryServices.framework/Versions/A/DictionaryServices
0x00007fff4d516000 	/System/Library/Frameworks/CoreServices.framework/Versions/A/Frameworks/SharedFileList.framework/Versions/A/SharedFileList
0x00007fff51c89000 	/System/Library/Frameworks/NetFS.framework/Versions/A/NetFS
0x00007fff6b654000 	/System/Library/PrivateFrameworks/NetAuth.framework/Versions/A/NetAuth
0x00007fff75aca000 	/System/Library/PrivateFrameworks/login.framework/Versions/A/Frameworks/loginsupport.framework/Versions/A/loginsupport
0x00007fff73add000 	/System/Library/PrivateFrameworks/TCC.framework/Versions/A/TCC
0x00007fff60199000 	/System/Library/PrivateFrameworks/CoreNLP.framework/Versions/A/CoreNLP
0x00007fff6b0a9000 	/System/Library/PrivateFrameworks/MetadataUtilities.framework/Versions/A/MetadataUtilities
0x00007fff774b7000 	/usr/lib/libmecabra.dylib
0x00007fff49f6a000 	/System/Library/Frameworks/ApplicationServices.framework/Versions/A/Frameworks/ATS.framework/Versions/A/ATS
0x00007fff4a2d5000 	/System/Library/Frameworks/ApplicationServices.framework/Versions/A/Frameworks/ColorSyncLegacy.framework/Versions/A/ColorSyncLegacy
0x00007fff4a376000 	/System/Library/Frameworks/ApplicationServices.framework/Versions/A/Frameworks/HIServices.framework/Versions/A/HIServices
0x00007fff4a3c9000 	/System/Library/Frameworks/ApplicationServices.framework/Versions/A/Frameworks/LangAnalysis.framework/Versions/A/LangAnalysis
0x00007fff4a3d8000 	/System/Library/Frameworks/ApplicationServices.framework/Versions/A/Frameworks/PrintCore.framework/Versions/A/PrintCore
0x00007fff4a425000 	/System/Library/Frameworks/ApplicationServices.framework/Versions/A/Frameworks/QD.framework/Versions/A/QD
0x00007fff4a461000 	/System/Library/Frameworks/ApplicationServices.framework/Versions/A/Frameworks/SpeechSynthesis.framework/Versions/A/SpeechSynthesis
0x00007fff764e9000 	/usr/lib/libcompression.dylib
0x00007fff4ba98000 	/System/Library/Frameworks/CoreDisplay.framework/Versions/A/CoreDisplay
0x00007fff50a8a000 	/System/Library/Frameworks/MetalPerformanceShaders.framework/Versions/A/MetalPerformanceShaders
0x00007fff47eca000 	/System/Library/Frameworks/Accelerate.framework/Versions/A/Frameworks/vImage.framework/Versions/A/vImage
0x00007fff48f46000 	/System/Library/Frameworks/Accelerate.framework/Versions/A/Frameworks/vecLib.framework/Versions/A/vecLib
0x00007fff48e90000 	/System/Library/Frameworks/Accelerate.framework/Versions/A/Frameworks/vecLib.framework/Versions/A/libvMisc.dylib
0x00007fff48cab000 	/System/Library/Frameworks/Accelerate.framework/Versions/A/Frameworks/vecLib.framework/Versions/A/libvDSP.dylib
0x00007fff4856b000 	/System/Library/Frameworks/Accelerate.framework/Versions/A/Frameworks/vecLib.framework/Versions/A/libBLAS.dylib
0x00007fff48856000 	/System/Library/Frameworks/Accelerate.framework/Versions/A/Frameworks/vecLib.framework/Versions/A/libLAPACK.dylib
0x00007fff48bfd000 	/System/Library/Frameworks/Accelerate.framework/Versions/A/Frameworks/vecLib.framework/Versions/A/libLinearAlgebra.dylib
0x00007fff48c97000 	/System/Library/Frameworks/Accelerate.framework/Versions/A/Frameworks/vecLib.framework/Versions/A/libSparseBLAS.dylib
0x00007fff48c13000 	/System/Library/Frameworks/Accelerate.framework/Versions/A/Frameworks/vecLib.framework/Versions/A/libQuadrature.dylib
0x00007fff487e3000 	/System/Library/Frameworks/Accelerate.framework/Versions/A/Frameworks/vecLib.framework/Versions/A/libBNNS.dylib
0x00007fff48c19000 	/System/Library/Frameworks/Accelerate.framework/Versions/A/Frameworks/vecLib.framework/Versions/A/libSparse.dylib
0x00007fff676a6000 	/System/Library/PrivateFrameworks/GPUWrangler.framework/Versions/A/GPUWrangler
0x00007fff69ad2000 	/System/Library/PrivateFrameworks/IOAccelerator.framework/Versions/A/IOAccelerator
0x00007fff69add000 	/System/Library/PrivateFrameworks/IOPresentment.framework/Versions/A/IOPresentment
0x00007fff60f87000 	/System/Library/PrivateFrameworks/DSExternalDisplay.framework/Versions/A/DSExternalDisplay
0x00007fff5513d000 	/System/Library/Frameworks/OpenGL.framework/Versions/A/Libraries/libCoreFSCache.dylib
0x00007fff50872000 	/System/Library/Frameworks/MetalPerformanceShaders.framework/Frameworks/MPSCore.framework/Versions/A/MPSCore
0x00007fff50893000 	/System/Library/Frameworks/MetalPerformanceShaders.framework/Frameworks/MPSImage.framework/Versions/A/MPSImage
0x00007fff5093b000 	/System/Library/Frameworks/MetalPerformanceShaders.framework/Frameworks/MPSNeuralNetwork.framework/Versions/A/MPSNeuralNetwork
0x00007fff50912000 	/System/Library/Frameworks/MetalPerformanceShaders.framework/Frameworks/MPSMatrix.framework/Versions/A/MPSMatrix
0x00007fff50a6e000 	/System/Library/Frameworks/MetalPerformanceShaders.framework/Frameworks/MPSRayIntersector.framework/Versions/A/MPSRayIntersector
0x00007fff6b0d2000 	/System/Library/PrivateFrameworks/MetalTools.framework/Versions/A/MetalTools
0x00007fff5bb78000 	/System/Library/PrivateFrameworks/AggregateDictionary.framework/Versions/A/AggregateDictionary
0x00007fff760ae000 	/usr/lib/libMobileGestalt.dylib
0x00007fff4d9e8000 	/System/Library/Frameworks/CoreVideo.framework/Versions/A/CoreVideo
0x00007fff68511000 	/System/Library/PrivateFrameworks/GraphVisualizer.framework/Versions/A/GraphVisualizer
0x00007fff622b6000 	/System/Library/PrivateFrameworks/FaceCore.framework/Versions/A/FaceCore
0x00007fff54755000 	/System/Library/Frameworks/OpenCL.framework/Versions/A/OpenCL
0x00007fff75e95000 	/usr/lib/libFosl_dynamic.dylib
0x00007fff6bf2a000 	/System/Library/PrivateFrameworks/OTSVG.framework/Versions/A/OTSVG
0x00007fff4a06e000 	/System/Library/Frameworks/ApplicationServices.framework/Versions/A/Frameworks/ATS.framework/Versions/A/Resources/libFontParser.dylib
0x00007fff4a18e000 	/System/Library/Frameworks/ApplicationServices.framework/Versions/A/Frameworks/ATS.framework/Versions/A/Resources/libFontRegistry.dylib
0x00007fff4e97b000 	/System/Library/Frameworks/ImageIO.framework/Versions/A/Resources/libJPEG.dylib
0x00007fff4ec9d000 	/System/Library/Frameworks/ImageIO.framework/Versions/A/Resources/libTIFF.dylib
0x00007fff4ec73000 	/System/Library/Frameworks/ImageIO.framework/Versions/A/Resources/libPng.dylib
0x00007fff4e890000 	/System/Library/Frameworks/ImageIO.framework/Versions/A/Resources/libGIF.dylib
0x00007fff4e895000 	/System/Library/Frameworks/ImageIO.framework/Versions/A/Resources/libJP2.dylib
0x00007fff4ec9a000 	/System/Library/Frameworks/ImageIO.framework/Versions/A/Resources/libRadiance.dylib
0x00007fff5c5d6000 	/System/Library/PrivateFrameworks/AppleJPEG.framework/Versions/A/AppleJPEG
0x00007fff55148000 	/System/Library/Frameworks/OpenGL.framework/Versions/A/Libraries/libGFXShared.dylib
0x00007fff5530b000 	/System/Library/Frameworks/OpenGL.framework/Versions/A/Libraries/libGLU.dylib
0x00007fff55151000 	/System/Library/Frameworks/OpenGL.framework/Versions/A/Libraries/libGL.dylib
0x00007fff5515d000 	/System/Library/Frameworks/OpenGL.framework/Versions/A/Libraries/libGLImage.dylib
0x00007fff5513a000 	/System/Library/Frameworks/OpenGL.framework/Versions/A/Libraries/libCVMSPluginSupport.dylib
0x00007fff55143000 	/System/Library/Frameworks/OpenGL.framework/Versions/A/Libraries/libCoreVMClient.dylib
0x00007fff76e3b000 	/usr/lib/libcups.2.dylib
0x00007fff4fd88000 	/System/Library/Frameworks/Kerberos.framework/Versions/A/Kerberos
0x00007fff4e346000 	/System/Library/Frameworks/GSS.framework/Versions/A/GSS
0x00007fff785a5000 	/usr/lib/libresolv.9.dylib
0x00007fff77032000 	/usr/lib/libiconv.2.dylib
0x00007fff68671000 	/System/Library/PrivateFrameworks/Heimdal.framework/Versions/A/Heimdal
0x00007fff77001000 	/usr/lib/libheimdal-asn1.dylib
0x00007fff547cb000 	/System/Library/Frameworks/OpenDirectory.framework/Versions/A/OpenDirectory
0x00007fff5ee94000 	/System/Library/PrivateFrameworks/CommonAuth.framework/Versions/A/CommonAuth
0x00007fff547ae000 	/System/Library/Frameworks/OpenDirectory.framework/Versions/A/Frameworks/CFOpenDirectory.framework/Versions/A/CFOpenDirectory
0x00007fff57930000 	/System/Library/Frameworks/SecurityFoundation.framework/Versions/A/SecurityFoundation
0x00007fff5b089000 	/System/Library/PrivateFrameworks/APFS.framework/Versions/A/APFS
0x00007fff78a75000 	/usr/lib/libutil.dylib
0x00007fff764d7000 	/usr/lib/libcharset.1.dylib
0x00007fff5c871000 	/System/Library/PrivateFrameworks/AppleSauce.framework/Versions/A/AppleSauce
0x00007fff5c9ff000 	/System/Library/PrivateFrameworks/AssertionServices.framework/Versions/A/AssertionServices
0x00007fff5d272000 	/System/Library/PrivateFrameworks/BaseBoard.framework/Versions/A/BaseBoard
0x00007fff77406000 	/usr/lib/libmecab.1.0.0.dylib
0x00007fff76ffb000 	/usr/lib/libgermantok.dylib
0x00007fff7629a000 	/usr/lib/libThaiTokenizer.dylib
0x00007fff75dc1000 	/usr/lib/libChineseTokenizer.dylib
0x00007fff6a207000 	/System/Library/PrivateFrameworks/LanguageModeling.framework/Versions/A/LanguageModeling
0x00007fff5fbaf000 	/System/Library/PrivateFrameworks/CoreEmoji.framework/Versions/A/CoreEmoji
0x00007fff6a2ff000 	/System/Library/PrivateFrameworks/Lexicon.framework/Versions/A/Lexicon
0x00007fff6a347000 	/System/Library/PrivateFrameworks/LinguisticData.framework/Versions/A/LinguisticData
0x00007fff764d8000 	/usr/lib/libcmph.dylib
0x00007fff579f1000 	/System/Library/Frameworks/ServiceManagement.framework/Versions/A/ServiceManagement
0x00007fff5d1c5000 	/System/Library/PrivateFrameworks/BackgroundTaskManagement.framework/Versions/A/BackgroundTaskManagement
0x00007fff78b6f000 	/usr/lib/libxslt.1.dylib
0x00007fff4b15d000 	/System/Library/Frameworks/Carbon.framework/Versions/A/Frameworks/Ink.framework/Versions/A/Ink
0x00007fff73d5c000 	/System/Library/PrivateFrameworks/TextureIO.framework/Versions/A/TextureIO
0x00007fff762ef000 	/usr/lib/libate.dylib
0x00007fff60ee3000 	/System/Library/PrivateFrameworks/CrashReporterSupport.framework/Versions/A/CrashReporterSupport
0x00007fff70d88000 	/System/Library/PrivateFrameworks/Sharing.framework/Versions/A/Sharing
0x00007fff5cd51000 	/System/Library/PrivateFrameworks/AuthKit.framework/Versions/A/AuthKit
0x00007fff5c175000 	/System/Library/PrivateFrameworks/Apple80211.framework/Versions/A/Apple80211
0x00007fff60ca3000 	/System/Library/PrivateFrameworks/CoreUtils.framework/Versions/A/CoreUtils
0x00007fff4da26000 	/System/Library/Frameworks/CoreWLAN.framework/Versions/A/CoreWLAN
0x00007fff4e490000 	/System/Library/Frameworks/IOBluetooth.framework/Versions/A/IOBluetooth
0x00007fff6f0b5000 	/System/Library/PrivateFrameworks/ProtocolBuffer.framework/Versions/A/ProtocolBuffer
0x00007fff6b30e000 	/System/Library/PrivateFrameworks/MobileKeyBag.framework/Versions/A/MobileKeyBag
0x00007fff604c6000 	/System/Library/PrivateFrameworks/CorePhoneNumbers.framework/Versions/A/CorePhoneNumbers
0x00007fff5c58a000 	/System/Library/PrivateFrameworks/AppleIDAuthSupport.framework/Versions/A/AppleIDAuthSupport
0x00007fff6a1d9000 	/System/Library/PrivateFrameworks/KeychainCircle.framework/Versions/A/KeychainCircle
0x00007fff6f282000 	/System/Library/PrivateFrameworks/ROCKit.framework/Versions/A/ROCKit
0x00007fff60e7f000 	/System/Library/PrivateFrameworks/CoreWiFi.framework/Versions/A/CoreWiFi
0x00007fff4b6ca000 	/System/Library/Frameworks/CoreBluetooth.framework/Versions/A/CoreBluetooth
0x00007fff610d3000 	/System/Library/PrivateFrameworks/DebugSymbols.framework/Versions/A/DebugSymbols
0x00007fff60a58000 	/System/Library/PrivateFrameworks/CoreSymbolication.framework/Versions/A/CoreSymbolication
0x00007fff73547000 	/System/Library/PrivateFrameworks/Symbolication.framework/Versions/A/Symbolication
0x00007fff726da000 	/System/Library/PrivateFrameworks/SpeechRecognitionCore.framework/Versions/A/SpeechRecognitionCore
0x00007fff419b1000 	/System/Library/CoreServices/Encodings/libSimplifiedChineseConverter.dylib
0x000000010be94000 	/Library/Java/JavaVirtualMachines/jdk1.8.0_181.jdk/Contents/Home/jre/lib/server/libjvm.dylib
0x00007fff78939000 	/usr/lib/libstdc++.6.dylib
0x000000010ce48000 	/Library/Java/JavaVirtualMachines/jdk1.8.0_181.jdk/Contents/Home/jre/lib/libverify.dylib
0x000000010ce56000 	/Library/Java/JavaVirtualMachines/jdk1.8.0_181.jdk/Contents/Home/jre/lib/libjava.dylib
0x000000010ce8d000 	/Library/Java/JavaVirtualMachines/jdk1.8.0_181.jdk/Contents/Home/jre/lib/libjdwp.dylib
0x000000010ced8000 	/Library/Java/JavaVirtualMachines/jdk1.8.0_181.jdk/Contents/Home/jre/lib/libnpt.dylib
0x000000010cedc000 	/Library/Java/JavaVirtualMachines/jdk1.8.0_181.jdk/Contents/Home/jre/lib/libinstrument.dylib
0x000000010cf7a000 	/Library/Java/JavaVirtualMachines/jdk1.8.0_181.jdk/Contents/Home/jre/lib/libzip.dylib
0x00000001140cd000 	/Library/Java/JavaVirtualMachines/jdk1.8.0_181.jdk/Contents/Home/jre/lib/libdt_socket.dylib

VM Arguments:
jvm_args: -agentlib:jdwp=transport=dt_socket,address=127.0.0.1:52165,suspend=y,server=n -javaagent:/Users/user/Library/Caches/IntelliJIdea2018.2/captureAgent/debugger-agent.jar=file:/private/var/folders/sm/x86480n17xv0gxd1mmvr2d7w0000gn/T/capture.props -Dfile.encoding=UTF-8 
java_command: MinPathSum
java_class_path (initial): /Library/Java/JavaVirtualMachines/jdk1.8.0_181.jdk/Contents/Home/jre/lib/charsets.jar:/Library/Java/JavaVirtualMachines/jdk1.8.0_181.jdk/Contents/Home/jre/lib/deploy.jar:/Library/Java/JavaVirtualMachines/jdk1.8.0_181.jdk/Contents/Home/jre/lib/ext/cldrdata.jar:/Library/Java/JavaVirtualMachines/jdk1.8.0_181.jdk/Contents/Home/jre/lib/ext/dnsns.jar:/Library/Java/JavaVirtualMachines/jdk1.8.0_181.jdk/Contents/Home/jre/lib/ext/jaccess.jar:/Library/Java/JavaVirtualMachines/jdk1.8.0_181.jdk/Contents/Home/jre/lib/ext/jfxrt.jar:/Library/Java/JavaVirtualMachines/jdk1.8.0_181.jdk/Contents/Home/jre/lib/ext/localedata.jar:/Library/Java/JavaVirtualMachines/jdk1.8.0_181.jdk/Contents/Home/jre/lib/ext/nashorn.jar:/Library/Java/JavaVirtualMachines/jdk1.8.0_181.jdk/Contents/Home/jre/lib/ext/sunec.jar:/Library/Java/JavaVirtualMachines/jdk1.8.0_181.jdk/Contents/Home/jre/lib/ext/sunjce_provider.jar:/Library/Java/JavaVirtualMachines/jdk1.8.0_181.jdk/Contents/Home/jre/lib/ext/sunpkcs11.jar:/Library/Java/JavaVirtualMachines/jdk1.8.0_181.jdk/Contents/Home/jre/lib/ext/zipfs.jar:/Library/Java/JavaVirtualMachines/jdk1.8.0_181.jdk/Contents/Home/jre/lib/javaws.jar:/Library/Java/JavaVirtualMachines/jdk1.8.0_181.jdk/Contents/Home/jre/lib/jce.jar:/Library/Java/JavaVirtualMachines/jdk1.8.0_181.jdk/Contents/Home/jre/lib/jfr.jar:/Library/Java/JavaVirtualMachines/jdk1.8.0_181.jdk/Contents/Home/jre/lib/jfxswt.jar:/Library/Java/JavaVirtualMachines/jdk1.8.0_181.jdk/Contents/Home/jre/lib/jsse.jar:/Library/Java/JavaVirtualMachines/jdk1.8.0_181.jdk/Contents/Home/jre/lib/management-agent.jar:/Library/Java/JavaVirtualMachines/jdk1.8.0_181.jdk/Contents/Home/jre/lib/plugin.jar:/Library/Java/JavaVirtualMachines/jdk1.8.0_181.jdk/Contents/Home/jre/lib/resources.jar:/Library/Java/JavaVirtualMachines/jdk1.8.0_181.jdk/Contents/Home/jre/lib/rt.jar:/Library/Java/JavaVirtualMachines/jdk1.8.0_181.jdk/Contents/Home/lib/ant-javafx.jar:/Library/Java/JavaVirtualMachines/jdk1.8.0_181.jdk/Contents/Home
Launcher Type: SUN_STANDARD

Environment Variables:
PATH=/Users/user/apache-maven-3.6.1/bin:/Users/user/.jenv/shims:/Users/user/.jenv/bin:/Users/user/.jenv/shims:/Users/user/.jenv/bin:/Users/user/Downloads/apache-maven-3.5.4/bin:/Users/user/mycat/mycat/bin:/Users/user/.composer/vendor/bin:/Users/user/coding-standard-master-f55717e066d79a13f74648c20ce7396a942355d6/coding-standard/bin:/usr/local/opt/php@7.1/sbin:/usr/local/opt/php@7.1/bin:/usr/local/bin:/usr/bin:/bin:/usr/sbin:/sbin:/usr/local/go/bin:/Users/user/go/bin
SHELL=/bin/zsh

Signal Handlers:
SIGSEGV: [libjvm.dylib+0x5b6029], sa_mask[0]=11111111011111110111111111111111, sa_flags=SA_ONSTACK|SA_RESTART|SA_SIGINFO
SIGBUS: [libjvm.dylib+0x5b6029], sa_mask[0]=11111111011111110111111111111111, sa_flags=SA_RESTART|SA_SIGINFO
SIGFPE: [libjvm.dylib+0x48b934], sa_mask[0]=11111111011111110111111111111111, sa_flags=SA_RESTART|SA_SIGINFO
SIGPIPE: [libjvm.dylib+0x48b934], sa_mask[0]=11111111011111110111111111111111, sa_flags=SA_RESTART|SA_SIGINFO
SIGXFSZ: [libjvm.dylib+0x48b934], sa_mask[0]=11111111011111110111111111111111, sa_flags=SA_RESTART|SA_SIGINFO
SIGILL: [libjvm.dylib+0x48b934], sa_mask[0]=11111111011111110111111111111111, sa_flags=SA_RESTART|SA_SIGINFO
SIGUSR1: SIG_DFL, sa_mask[0]=00000000000000000000000000000000, sa_flags=none
SIGUSR2: [libjvm.dylib+0x48b452], sa_mask[0]=00100000000000000000000000000000, sa_flags=SA_RESTART|SA_SIGINFO
SIGHUP: [libjvm.dylib+0x489a1d], sa_mask[0]=11111111011111110111111111111111, sa_flags=SA_RESTART|SA_SIGINFO
SIGINT: [libjvm.dylib+0x489a1d], sa_mask[0]=11111111011111110111111111111111, sa_flags=SA_RESTART|SA_SIGINFO
SIGTERM: [libjvm.dylib+0x489a1d], sa_mask[0]=11111111011111110111111111111111, sa_flags=SA_RESTART|SA_SIGINFO
SIGQUIT: [libjvm.dylib+0x489a1d], sa_mask[0]=11111111011111110111111111111111, sa_flags=SA_RESTART|SA_SIGINFO


---------------  S Y S T E M  ---------------

OS:Bsduname:Darwin 18.2.0 Darwin Kernel Version 18.2.0: Fri Oct  5 19:41:49 PDT 2018; root:xnu-4903.221.2~2/RELEASE_X86_64 x86_64
rlimit: STACK 8192k, CORE 0k, NPROC 709, NOFILE 10240, AS infinity
load average:5.32 6.61 6.03

CPU:total 4 (initial active 4) (2 cores per cpu, 2 threads per core) family 6 model 69 stepping 1, cmov, cx8, fxsr, mmx, sse, sse2, sse3, ssse3, sse4.1, sse4.2, popcnt, avx, avx2, aes, clmul, erms, lzcnt, ht, tsc, tscinvbit, bmi1, bmi2

Memory: 4k page, physical 8388608k(191228k free)

/proc/meminfo:


vm_info: Java HotSpot(TM) 64-Bit Server VM (25.181-b13) for bsd-amd64 JRE (1.8.0_181-b13), built on Jul  7 2018 01:02:31 by "java_re" with gcc 4.2.1 (Based on Apple Inc. build 5658) (LLVM build 2336.11.00)

time: Mon Mar 16 16:00:05 2020
elapsed time: 252 seconds (0d 0h 4m 12s)

